{"/Users/jeffdaniels/.openclaw/workspace/workspace-titlerun/titlerun-api/src/constants.js": {"path":"/Users/jeffdaniels/.openclaw/workspace/workspace-titlerun/titlerun-api/src/constants.js","statementMap":{"0":{"start":{"line":2,"column":31},"end":{"line":2,"column":34}},"1":{"start":{"line":3,"column":23},"end":{"line":3,"column":25}},"2":{"start":{"line":4,"column":20},"end":{"line":4,"column":43}},"3":{"start":{"line":6,"column":0},"end":{"line":10,"column":2}}},"fnMap":{},"branchMap":{},"s":{"0":1,"1":1,"2":1,"3":1},"f":{},"b":{},"_coverageSchema":"1a1c01bbd47fc00a2c39e90264f33305004495a9","hash":"07076d28e0b00f61b1e15f3dc38e007cc49e5944"}
,"/Users/jeffdaniels/.openclaw/workspace/workspace-titlerun/titlerun-api/src/config/scheduleConfig.js": {"path":"/Users/jeffdaniels/.openclaw/workspace/workspace-titlerun/titlerun-api/src/config/scheduleConfig.js","statementMap":{"0":{"start":{"line":13,"column":18},"end":{"line":38,"column":1}},"1":{"start":{"line":20,"column":42},"end":{"line":20,"column":99}},"2":{"start":{"line":21,"column":6},"end":{"line":21,"column":47}},"3":{"start":{"line":32,"column":39},"end":{"line":32,"column":97}},"4":{"start":{"line":33,"column":6},"end":{"line":33,"column":44}},"5":{"start":{"line":40,"column":0},"end":{"line":42,"column":2}}},"fnMap":{"0":{"name":"(anonymous_0)","decl":{"start":{"line":19,"column":13},"end":{"line":19,"column":14}},"loc":{"start":{"line":19,"column":27},"end":{"line":22,"column":5}},"line":19},"1":{"name":"(anonymous_1)","decl":{"start":{"line":31,"column":13},"end":{"line":31,"column":14}},"loc":{"start":{"line":31,"column":27},"end":{"line":34,"column":5}},"line":31}},"branchMap":{},"s":{"0":1,"1":1,"2":1,"3":1,"4":1,"5":1},"f":{"0":1,"1":1},"b":{},"_coverageSchema":"1a1c01bbd47fc00a2c39e90264f33305004495a9","hash":"71dd87a21122ee3e4cdf6193e6b35a29dec60dda"}
,"/Users/jeffdaniels/.openclaw/workspace/workspace-titlerun/titlerun-api/src/middleware/auth.js": {"path":"/Users/jeffdaniels/.openclaw/workspace/workspace-titlerun/titlerun-api/src/middleware/auth.js","statementMap":{"0":{"start":{"line":11,"column":15},"end":{"line":11,"column":68}},"1":{"start":{"line":26,"column":21},"end":{"line":26,"column":46}},"2":{"start":{"line":27,"column":2},"end":{"line":33,"column":3}},"3":{"start":{"line":28,"column":18},"end":{"line":28,"column":37}},"4":{"start":{"line":29,"column":4},"end":{"line":32,"column":5}},"5":{"start":{"line":30,"column":6},"end":{"line":30,"column":40}},"6":{"start":{"line":31,"column":6},"end":{"line":31,"column":20}},"7":{"start":{"line":36,"column":17},"end":{"line":36,"column":41}},"8":{"start":{"line":37,"column":2},"end":{"line":40,"column":3}},"9":{"start":{"line":38,"column":4},"end":{"line":38,"column":28}},"10":{"start":{"line":39,"column":4},"end":{"line":39,"column":18}},"11":{"start":{"line":43,"column":2},"end":{"line":46,"column":3}},"12":{"start":{"line":44,"column":4},"end":{"line":44,"column":36}},"13":{"start":{"line":45,"column":4},"end":{"line":45,"column":18}},"14":{"start":{"line":49,"column":2},"end":{"line":52,"column":3}},"15":{"start":{"line":50,"column":4},"end":{"line":50,"column":28}},"16":{"start":{"line":51,"column":4},"end":{"line":51,"column":18}},"17":{"start":{"line":54,"column":2},"end":{"line":58,"column":5}},"18":{"start":{"line":60,"column":2},"end":{"line":63,"column":5}},"19":{"start":{"line":74,"column":2},"end":{"line":84,"column":3}},"20":{"start":{"line":76,"column":18},"end":{"line":76,"column":34}},"21":{"start":{"line":77,"column":4},"end":{"line":80,"column":5}},"22":{"start":{"line":78,"column":22},"end":{"line":78,"column":79}},"23":{"start":{"line":79,"column":6},"end":{"line":79,"column":56}},"24":{"start":{"line":81,"column":4},"end":{"line":81,"column":34}},"25":{"start":{"line":83,"column":4},"end":{"line":83,"column":21}},"26":{"start":{"line":87,"column":0},"end":{"line":87,"column":48}}},"fnMap":{"0":{"name":"requireAuth","decl":{"start":{"line":24,"column":9},"end":{"line":24,"column":20}},"loc":{"start":{"line":24,"column":37},"end":{"line":64,"column":1}},"line":24},"1":{"name":"extractUserId","decl":{"start":{"line":71,"column":9},"end":{"line":71,"column":22}},"loc":{"start":{"line":71,"column":30},"end":{"line":85,"column":1}},"line":71}},"branchMap":{"0":{"loc":{"start":{"line":27,"column":2},"end":{"line":33,"column":3}},"type":"if","locations":[{"start":{"line":27,"column":2},"end":{"line":33,"column":3}},{"start":{},"end":{}}],"line":27},"1":{"loc":{"start":{"line":27,"column":6},"end":{"line":27,"column":52}},"type":"binary-expr","locations":[{"start":{"line":27,"column":6},"end":{"line":27,"column":16}},{"start":{"line":27,"column":20},"end":{"line":27,"column":52}}],"line":27},"2":{"loc":{"start":{"line":29,"column":4},"end":{"line":32,"column":5}},"type":"if","locations":[{"start":{"line":29,"column":4},"end":{"line":32,"column":5}},{"start":{},"end":{}}],"line":29},"3":{"loc":{"start":{"line":29,"column":8},"end":{"line":29,"column":33}},"type":"binary-expr","locations":[{"start":{"line":29,"column":8},"end":{"line":29,"column":13}},{"start":{"line":29,"column":17},"end":{"line":29,"column":33}}],"line":29},"4":{"loc":{"start":{"line":37,"column":2},"end":{"line":40,"column":3}},"type":"if","locations":[{"start":{"line":37,"column":2},"end":{"line":40,"column":3}},{"start":{},"end":{}}],"line":37},"5":{"loc":{"start":{"line":37,"column":6},"end":{"line":37,"column":33}},"type":"binary-expr","locations":[{"start":{"line":37,"column":6},"end":{"line":37,"column":12}},{"start":{"line":37,"column":16},"end":{"line":37,"column":33}}],"line":37},"6":{"loc":{"start":{"line":43,"column":2},"end":{"line":46,"column":3}},"type":"if","locations":[{"start":{"line":43,"column":2},"end":{"line":46,"column":3}},{"start":{},"end":{}}],"line":43},"7":{"loc":{"start":{"line":43,"column":6},"end":{"line":43,"column":39}},"type":"binary-expr","locations":[{"start":{"line":43,"column":6},"end":{"line":43,"column":17}},{"start":{"line":43,"column":21},"end":{"line":43,"column":39}}],"line":43},"8":{"loc":{"start":{"line":49,"column":2},"end":{"line":52,"column":3}},"type":"if","locations":[{"start":{"line":49,"column":2},"end":{"line":52,"column":3}},{"start":{},"end":{}}],"line":49},"9":{"loc":{"start":{"line":49,"column":6},"end":{"line":49,"column":79}},"type":"binary-expr","locations":[{"start":{"line":49,"column":6},"end":{"line":49,"column":44}},{"start":{"line":49,"column":48},"end":{"line":49,"column":79}}],"line":49},"10":{"loc":{"start":{"line":77,"column":4},"end":{"line":80,"column":5}},"type":"if","locations":[{"start":{"line":77,"column":4},"end":{"line":80,"column":5}},{"start":{},"end":{}}],"line":77},"11":{"loc":{"start":{"line":79,"column":13},"end":{"line":79,"column":55}},"type":"binary-expr","locations":[{"start":{"line":79,"column":13},"end":{"line":79,"column":24}},{"start":{"line":79,"column":28},"end":{"line":79,"column":42}},{"start":{"line":79,"column":46},"end":{"line":79,"column":55}}],"line":79}},"s":{"0":1,"1":7,"2":7,"3":2,"4":2,"5":1,"6":1,"7":6,"8":6,"9":1,"10":1,"11":5,"12":1,"13":1,"14":4,"15":2,"16":2,"17":2,"18":2,"19":4,"20":4,"21":4,"22":1,"23":1,"24":3,"25":0,"26":1},"f":{"0":7,"1":4},"b":{"0":[2,5],"1":[7,2],"2":[1,1],"3":[2,1],"4":[1,5],"5":[6,1],"6":[1,4],"7":[5,5],"8":[2,2],"9":[4,3],"10":[1,3],"11":[1,0,0]},"_coverageSchema":"1a1c01bbd47fc00a2c39e90264f33305004495a9","hash":"bac8b650530071f49f1bb0664678e8ed980671d7"}
,"/Users/jeffdaniels/.openclaw/workspace/workspace-titlerun/titlerun-api/src/routes/tradeEngine.js": {"path":"/Users/jeffdaniels/.openclaw/workspace/workspace-titlerun/titlerun-api/src/routes/tradeEngine.js","statementMap":{"0":{"start":{"line":15,"column":40},"end":{"line":15,"column":71}},"1":{"start":{"line":18,"column":29},"end":{"line":18,"column":36}},"2":{"start":{"line":28,"column":2},"end":{"line":50,"column":3}},"3":{"start":{"line":30,"column":17},"end":{"line":30,"column":32}},"4":{"start":{"line":31,"column":20},"end":{"line":31,"column":59}},"5":{"start":{"line":32,"column":20},"end":{"line":32,"column":71}},"6":{"start":{"line":33,"column":16},"end":{"line":33,"column":32}},"7":{"start":{"line":35,"column":4},"end":{"line":41,"column":5}},"8":{"start":{"line":36,"column":6},"end":{"line":40,"column":8}},"9":{"start":{"line":43,"column":4},"end":{"line":48,"column":5}},"10":{"start":{"line":44,"column":6},"end":{"line":47,"column":8}},"11":{"start":{"line":49,"column":4},"end":{"line":49,"column":14}},"12":{"start":{"line":54,"column":0},"end":{"line":54,"column":25}},"13":{"start":{"line":57,"column":15},"end":{"line":57,"column":22}},"14":{"start":{"line":67,"column":4},"end":{"line":67,"column":19}},"15":{"start":{"line":68,"column":4},"end":{"line":68,"column":34}},"16":{"start":{"line":69,"column":4},"end":{"line":69,"column":27}},"17":{"start":{"line":72,"column":4},"end":{"line":74,"column":5}},"18":{"start":{"line":73,"column":6},"end":{"line":73,"column":53}},"19":{"start":{"line":87,"column":2},"end":{"line":92,"column":3}},"20":{"start":{"line":88,"column":16},"end":{"line":88,"column":29}},"21":{"start":{"line":89,"column":4},"end":{"line":89,"column":70}},"22":{"start":{"line":91,"column":4},"end":{"line":91,"column":22}},"23":{"start":{"line":175,"column":2},"end":{"line":223,"column":3}},"24":{"start":{"line":176,"column":22},"end":{"line":176,"column":31}},"25":{"start":{"line":179,"column":4},"end":{"line":201,"column":5}},"26":{"start":{"line":180,"column":24},"end":{"line":180,"column":41}},"27":{"start":{"line":182,"column":20},"end":{"line":185,"column":7}},"28":{"start":{"line":188,"column":6},"end":{"line":198,"column":9}},"29":{"start":{"line":200,"column":6},"end":{"line":200,"column":18}},"30":{"start":{"line":204,"column":4},"end":{"line":222,"column":5}},"31":{"start":{"line":205,"column":20},"end":{"line":208,"column":7}},"32":{"start":{"line":210,"column":6},"end":{"line":219,"column":9}},"33":{"start":{"line":221,"column":6},"end":{"line":221,"column":18}},"34":{"start":{"line":226,"column":17},"end":{"line":226,"column":35}},"35":{"start":{"line":230,"column":2},"end":{"line":271,"column":3}},"36":{"start":{"line":231,"column":4},"end":{"line":250,"column":5}},"37":{"start":{"line":233,"column":6},"end":{"line":244,"column":9}},"38":{"start":{"line":246,"column":6},"end":{"line":249,"column":8}},"39":{"start":{"line":253,"column":4},"end":{"line":270,"column":5}},"40":{"start":{"line":254,"column":6},"end":{"line":264,"column":9}},"41":{"start":{"line":266,"column":6},"end":{"line":269,"column":8}},"42":{"start":{"line":275,"column":2},"end":{"line":328,"column":3}},"43":{"start":{"line":277,"column":23},"end":{"line":277,"column":54}},"44":{"start":{"line":278,"column":18},"end":{"line":278,"column":28}},"45":{"start":{"line":281,"column":25},"end":{"line":283,"column":13}},"46":{"start":{"line":285,"column":4},"end":{"line":305,"column":5}},"47":{"start":{"line":286,"column":6},"end":{"line":294,"column":7}},"48":{"start":{"line":287,"column":8},"end":{"line":287,"column":60}},"49":{"start":{"line":288,"column":13},"end":{"line":294,"column":7}},"50":{"start":{"line":289,"column":8},"end":{"line":289,"column":72}},"51":{"start":{"line":290,"column":13},"end":{"line":294,"column":7}},"52":{"start":{"line":291,"column":8},"end":{"line":291,"column":88}},"53":{"start":{"line":293,"column":8},"end":{"line":293,"column":92}},"54":{"start":{"line":295,"column":11},"end":{"line":305,"column":5}},"55":{"start":{"line":296,"column":6},"end":{"line":304,"column":7}},"56":{"start":{"line":297,"column":8},"end":{"line":297,"column":73}},"57":{"start":{"line":298,"column":13},"end":{"line":304,"column":7}},"58":{"start":{"line":299,"column":8},"end":{"line":299,"column":68}},"59":{"start":{"line":300,"column":13},"end":{"line":304,"column":7}},"60":{"start":{"line":301,"column":8},"end":{"line":301,"column":70}},"61":{"start":{"line":302,"column":13},"end":{"line":304,"column":7}},"62":{"start":{"line":303,"column":8},"end":{"line":303,"column":76}},"63":{"start":{"line":307,"column":18},"end":{"line":310,"column":6}},"64":{"start":{"line":313,"column":4},"end":{"line":325,"column":7}},"65":{"start":{"line":327,"column":4},"end":{"line":327,"column":16}},"66":{"start":{"line":330,"column":2},"end":{"line":330,"column":16}},"67":{"start":{"line":333,"column":0},"end":{"line":336,"column":2}}},"fnMap":{"0":{"name":"verifyLibraryIntegrity","decl":{"start":{"line":27,"column":9},"end":{"line":27,"column":31}},"loc":{"start":{"line":27,"column":34},"end":{"line":51,"column":1}},"line":27},"1":{"name":"(anonymous_1)","decl":{"start":{"line":66,"column":2},"end":{"line":66,"column":3}},"loc":{"start":{"line":66,"column":37},"end":{"line":75,"column":3}},"line":66},"2":{"name":"safeStringify","decl":{"start":{"line":86,"column":9},"end":{"line":86,"column":22}},"loc":{"start":{"line":86,"column":47},"end":{"line":93,"column":1}},"line":86},"3":{"name":"normalizeId","decl":{"start":{"line":173,"column":9},"end":{"line":173,"column":20}},"loc":{"start":{"line":173,"column":39},"end":{"line":331,"column":1}},"line":173}},"branchMap":{"0":{"loc":{"start":{"line":35,"column":4},"end":{"line":41,"column":5}},"type":"if","locations":[{"start":{"line":35,"column":4},"end":{"line":41,"column":5}},{"start":{},"end":{}}],"line":35},"1":{"loc":{"start":{"line":43,"column":4},"end":{"line":48,"column":5}},"type":"if","locations":[{"start":{"line":43,"column":4},"end":{"line":48,"column":5}},{"start":{},"end":{}}],"line":43},"2":{"loc":{"start":{"line":66,"column":23},"end":{"line":66,"column":35}},"type":"default-arg","locations":[{"start":{"line":66,"column":33},"end":{"line":66,"column":35}}],"line":66},"3":{"loc":{"start":{"line":72,"column":4},"end":{"line":74,"column":5}},"type":"if","locations":[{"start":{"line":72,"column":4},"end":{"line":74,"column":5}},{"start":{},"end":{}}],"line":72},"4":{"loc":{"start":{"line":86,"column":30},"end":{"line":86,"column":45}},"type":"default-arg","locations":[{"start":{"line":86,"column":42},"end":{"line":86,"column":45}}],"line":86},"5":{"loc":{"start":{"line":89,"column":11},"end":{"line":89,"column":69}},"type":"cond-expr","locations":[{"start":{"line":89,"column":36},"end":{"line":89,"column":63}},{"start":{"line":89,"column":66},"end":{"line":89,"column":69}}],"line":89},"6":{"loc":{"start":{"line":173,"column":25},"end":{"line":173,"column":37}},"type":"default-arg","locations":[{"start":{"line":173,"column":35},"end":{"line":173,"column":37}}],"line":173},"7":{"loc":{"start":{"line":175,"column":2},"end":{"line":223,"column":3}},"type":"if","locations":[{"start":{"line":175,"column":2},"end":{"line":223,"column":3}},{"start":{},"end":{}}],"line":175},"8":{"loc":{"start":{"line":175,"column":6},"end":{"line":175,"column":37}},"type":"binary-expr","locations":[{"start":{"line":175,"column":6},"end":{"line":175,"column":17}},{"start":{"line":175,"column":21},"end":{"line":175,"column":37}}],"line":175},"9":{"loc":{"start":{"line":179,"column":4},"end":{"line":201,"column":5}},"type":"if","locations":[{"start":{"line":179,"column":4},"end":{"line":201,"column":5}},{"start":{},"end":{}}],"line":179},"10":{"loc":{"start":{"line":179,"column":8},"end":{"line":179,"column":58}},"type":"binary-expr","locations":[{"start":{"line":179,"column":8},"end":{"line":179,"column":30}},{"start":{"line":179,"column":34},"end":{"line":179,"column":58}}],"line":179},"11":{"loc":{"start":{"line":204,"column":4},"end":{"line":222,"column":5}},"type":"if","locations":[{"start":{"line":204,"column":4},"end":{"line":222,"column":5}},{"start":{},"end":{}}],"line":204},"12":{"loc":{"start":{"line":204,"column":8},"end":{"line":204,"column":56}},"type":"binary-expr","locations":[{"start":{"line":204,"column":8},"end":{"line":204,"column":30}},{"start":{"line":204,"column":34},"end":{"line":204,"column":56}}],"line":204},"13":{"loc":{"start":{"line":230,"column":2},"end":{"line":271,"column":3}},"type":"if","locations":[{"start":{"line":230,"column":2},"end":{"line":271,"column":3}},{"start":{},"end":{}}],"line":230},"14":{"loc":{"start":{"line":231,"column":4},"end":{"line":250,"column":5}},"type":"if","locations":[{"start":{"line":231,"column":4},"end":{"line":250,"column":5}},{"start":{},"end":{}}],"line":231},"15":{"loc":{"start":{"line":253,"column":4},"end":{"line":270,"column":5}},"type":"if","locations":[{"start":{"line":253,"column":4},"end":{"line":270,"column":5}},{"start":{},"end":{}}],"line":253},"16":{"loc":{"start":{"line":253,"column":8},"end":{"line":253,"column":75}},"type":"binary-expr","locations":[{"start":{"line":253,"column":8},"end":{"line":253,"column":32}},{"start":{"line":253,"column":36},"end":{"line":253,"column":61}},{"start":{"line":253,"column":65},"end":{"line":253,"column":75}}],"line":253},"17":{"loc":{"start":{"line":275,"column":2},"end":{"line":328,"column":3}},"type":"if","locations":[{"start":{"line":275,"column":2},"end":{"line":328,"column":3}},{"start":{},"end":{}}],"line":275},"18":{"loc":{"start":{"line":275,"column":6},"end":{"line":275,"column":56}},"type":"binary-expr","locations":[{"start":{"line":275,"column":6},"end":{"line":275,"column":21}},{"start":{"line":275,"column":25},"end":{"line":275,"column":36}},{"start":{"line":275,"column":40},"end":{"line":275,"column":56}}],"line":275},"19":{"loc":{"start":{"line":281,"column":25},"end":{"line":283,"column":13}},"type":"cond-expr","locations":[{"start":{"line":282,"column":8},"end":{"line":282,"column":38}},{"start":{"line":283,"column":8},"end":{"line":283,"column":13}}],"line":281},"20":{"loc":{"start":{"line":285,"column":4},"end":{"line":305,"column":5}},"type":"if","locations":[{"start":{"line":285,"column":4},"end":{"line":305,"column":5}},{"start":{"line":295,"column":11},"end":{"line":305,"column":5}}],"line":285},"21":{"loc":{"start":{"line":286,"column":6},"end":{"line":294,"column":7}},"type":"if","locations":[{"start":{"line":286,"column":6},"end":{"line":294,"column":7}},{"start":{"line":288,"column":13},"end":{"line":294,"column":7}}],"line":286},"22":{"loc":{"start":{"line":288,"column":13},"end":{"line":294,"column":7}},"type":"if","locations":[{"start":{"line":288,"column":13},"end":{"line":294,"column":7}},{"start":{"line":290,"column":13},"end":{"line":294,"column":7}}],"line":288},"23":{"loc":{"start":{"line":290,"column":13},"end":{"line":294,"column":7}},"type":"if","locations":[{"start":{"line":290,"column":13},"end":{"line":294,"column":7}},{"start":{"line":292,"column":13},"end":{"line":294,"column":7}}],"line":290},"24":{"loc":{"start":{"line":295,"column":11},"end":{"line":305,"column":5}},"type":"if","locations":[{"start":{"line":295,"column":11},"end":{"line":305,"column":5}},{"start":{},"end":{}}],"line":295},"25":{"loc":{"start":{"line":296,"column":6},"end":{"line":304,"column":7}},"type":"if","locations":[{"start":{"line":296,"column":6},"end":{"line":304,"column":7}},{"start":{"line":298,"column":13},"end":{"line":304,"column":7}}],"line":296},"26":{"loc":{"start":{"line":298,"column":13},"end":{"line":304,"column":7}},"type":"if","locations":[{"start":{"line":298,"column":13},"end":{"line":304,"column":7}},{"start":{"line":300,"column":13},"end":{"line":304,"column":7}}],"line":298},"27":{"loc":{"start":{"line":300,"column":13},"end":{"line":304,"column":7}},"type":"if","locations":[{"start":{"line":300,"column":13},"end":{"line":304,"column":7}},{"start":{"line":302,"column":13},"end":{"line":304,"column":7}}],"line":300},"28":{"loc":{"start":{"line":302,"column":13},"end":{"line":304,"column":7}},"type":"if","locations":[{"start":{"line":302,"column":13},"end":{"line":304,"column":7}},{"start":{},"end":{}}],"line":302}},"s":{"0":1,"1":1,"2":1,"3":1,"4":1,"5":1,"6":1,"7":1,"8":0,"9":0,"10":0,"11":0,"12":1,"13":1,"14":2151,"15":2151,"16":2151,"17":2151,"18":2151,"19":25,"20":25,"21":24,"22":1,"23":23455,"24":23445,"25":23445,"26":25,"27":25,"28":25,"29":25,"30":23420,"31":8,"32":8,"33":8,"34":23422,"35":23422,"36":21296,"37":0,"38":0,"39":21296,"40":0,"41":0,"42":23422,"43":2116,"44":2116,"45":2116,"46":2116,"47":2093,"48":10,"49":2083,"50":2079,"51":4,"52":2,"53":2,"54":23,"55":23,"56":8,"57":15,"58":5,"59":10,"60":8,"61":2,"62":2,"63":2116,"64":2116,"65":2116,"66":21306,"67":1},"f":{"0":1,"1":2151,"2":25,"3":23455},"b":{"0":[0,1],"1":[0,0],"2":[2],"3":[2151,0],"4":[25],"5":[0,24],"6":[23447],"7":[23445,10],"8":[23455,23448],"9":[25,23420],"10":[23445,23422],"11":[8,23412],"12":[23420,21303],"13":[21296,2126],"14":[0,21296],"15":[0,21296],"16":[21296,21296,21296],"17":[2116,21306],"18":[23422,2126,2119],"19":[5,2111],"20":[2093,23],"21":[10,2083],"22":[2079,4],"23":[2,2],"24":[23,0],"25":[8,15],"26":[5,10],"27":[8,2],"28":[2,0]},"_coverageSchema":"1a1c01bbd47fc00a2c39e90264f33305004495a9","hash":"0dd4eaee0af79dd1cc1f1ec89eb489baeb9d15b1"}
,"/Users/jeffdaniels/.openclaw/workspace/workspace-titlerun/titlerun-api/src/services/acceptancePredictionService.js": {"path":"/Users/jeffdaniels/.openclaw/workspace/workspace-titlerun/titlerun-api/src/services/acceptancePredictionService.js","statementMap":{"0":{"start":{"line":25,"column":16},"end":{"line":25,"column":86}},"1":{"start":{"line":48,"column":14},"end":{"line":48,"column":16}},"2":{"start":{"line":51,"column":22},"end":{"line":51,"column":61}},"3":{"start":{"line":52,"column":23},"end":{"line":52,"column":53}},"4":{"start":{"line":53,"column":2},"end":{"line":57,"column":21}},"5":{"start":{"line":53,"column":24},"end":{"line":53,"column":36}},"6":{"start":{"line":54,"column":7},"end":{"line":57,"column":21}},"7":{"start":{"line":54,"column":29},"end":{"line":54,"column":41}},"8":{"start":{"line":55,"column":7},"end":{"line":57,"column":21}},"9":{"start":{"line":55,"column":30},"end":{"line":55,"column":64}},"10":{"start":{"line":56,"column":7},"end":{"line":57,"column":21}},"11":{"start":{"line":56,"column":30},"end":{"line":56,"column":64}},"12":{"start":{"line":57,"column":8},"end":{"line":57,"column":20}},"13":{"start":{"line":61,"column":32},"end":{"line":61,"column":72}},"14":{"start":{"line":62,"column":27},"end":{"line":62,"column":85}},"15":{"start":{"line":63,"column":2},"end":{"line":78,"column":3}},"16":{"start":{"line":65,"column":4},"end":{"line":71,"column":23}},"17":{"start":{"line":65,"column":38},"end":{"line":65,"column":50}},"18":{"start":{"line":66,"column":9},"end":{"line":71,"column":23}},"19":{"start":{"line":66,"column":43},"end":{"line":66,"column":55}},"20":{"start":{"line":67,"column":9},"end":{"line":71,"column":23}},"21":{"start":{"line":67,"column":43},"end":{"line":67,"column":55}},"22":{"start":{"line":68,"column":9},"end":{"line":71,"column":23}},"23":{"start":{"line":68,"column":43},"end":{"line":68,"column":54}},"24":{"start":{"line":69,"column":9},"end":{"line":71,"column":23}},"25":{"start":{"line":69,"column":43},"end":{"line":69,"column":54}},"26":{"start":{"line":70,"column":9},"end":{"line":71,"column":23}},"27":{"start":{"line":70,"column":43},"end":{"line":70,"column":54}},"28":{"start":{"line":71,"column":10},"end":{"line":71,"column":22}},"29":{"start":{"line":74,"column":4},"end":{"line":77,"column":23}},"30":{"start":{"line":74,"column":31},"end":{"line":74,"column":43}},"31":{"start":{"line":75,"column":9},"end":{"line":77,"column":23}},"32":{"start":{"line":75,"column":36},"end":{"line":75,"column":48}},"33":{"start":{"line":76,"column":9},"end":{"line":77,"column":23}},"34":{"start":{"line":76,"column":36},"end":{"line":76,"column":47}},"35":{"start":{"line":77,"column":10},"end":{"line":77,"column":22}},"36":{"start":{"line":82,"column":21},"end":{"line":86,"column":7}},"37":{"start":{"line":83,"column":4},"end":{"line":83,"column":44}},"38":{"start":{"line":83,"column":29},"end":{"line":83,"column":44}},"39":{"start":{"line":84,"column":21},"end":{"line":84,"column":63}},"40":{"start":{"line":85,"column":4},"end":{"line":85,"column":39}},"41":{"start":{"line":87,"column":2},"end":{"line":88,"column":42}},"42":{"start":{"line":87,"column":25},"end":{"line":87,"column":36}},"43":{"start":{"line":88,"column":7},"end":{"line":88,"column":42}},"44":{"start":{"line":88,"column":30},"end":{"line":88,"column":41}},"45":{"start":{"line":91,"column":19},"end":{"line":91,"column":38}},"46":{"start":{"line":92,"column":20},"end":{"line":94,"column":3}},"47":{"start":{"line":93,"column":4},"end":{"line":93,"column":56}},"48":{"start":{"line":95,"column":29},"end":{"line":97,"column":15}},"49":{"start":{"line":96,"column":4},"end":{"line":96,"column":56}},"50":{"start":{"line":98,"column":2},"end":{"line":100,"column":20}},"51":{"start":{"line":98,"column":27},"end":{"line":98,"column":39}},"52":{"start":{"line":99,"column":7},"end":{"line":100,"column":20}},"53":{"start":{"line":99,"column":23},"end":{"line":99,"column":35}},"54":{"start":{"line":100,"column":8},"end":{"line":100,"column":19}},"55":{"start":{"line":103,"column":21},"end":{"line":103,"column":47}},"56":{"start":{"line":104,"column":27},"end":{"line":104,"column":85}},"57":{"start":{"line":104,"column":50},"end":{"line":104,"column":84}},"58":{"start":{"line":105,"column":20},"end":{"line":107,"column":8}},"59":{"start":{"line":106,"column":40},"end":{"line":106,"column":57}},"60":{"start":{"line":108,"column":22},"end":{"line":108,"column":99}},"61":{"start":{"line":109,"column":23},"end":{"line":109,"column":100}},"62":{"start":{"line":109,"column":50},"end":{"line":109,"column":92}},"63":{"start":{"line":110,"column":21},"end":{"line":110,"column":98}},"64":{"start":{"line":110,"column":48},"end":{"line":110,"column":90}},"65":{"start":{"line":111,"column":23},"end":{"line":111,"column":75}},"66":{"start":{"line":111,"column":50},"end":{"line":111,"column":67}},"67":{"start":{"line":112,"column":2},"end":{"line":114,"column":94}},"68":{"start":{"line":112,"column":79},"end":{"line":112,"column":91}},"69":{"start":{"line":113,"column":7},"end":{"line":114,"column":94}},"70":{"start":{"line":113,"column":60},"end":{"line":113,"column":71}},"71":{"start":{"line":114,"column":7},"end":{"line":114,"column":94}},"72":{"start":{"line":114,"column":82},"end":{"line":114,"column":93}},"73":{"start":{"line":117,"column":22},"end":{"line":117,"column":66}},"74":{"start":{"line":118,"column":2},"end":{"line":120,"column":20}},"75":{"start":{"line":118,"column":26},"end":{"line":118,"column":37}},"76":{"start":{"line":119,"column":7},"end":{"line":120,"column":20}},"77":{"start":{"line":119,"column":30},"end":{"line":119,"column":41}},"78":{"start":{"line":120,"column":8},"end":{"line":120,"column":19}},"79":{"start":{"line":123,"column":2},"end":{"line":123,"column":78}},"80":{"start":{"line":123,"column":65},"end":{"line":123,"column":77}},"81":{"start":{"line":124,"column":2},"end":{"line":124,"column":77}},"82":{"start":{"line":124,"column":65},"end":{"line":124,"column":76}},"83":{"start":{"line":127,"column":25},"end":{"line":129,"column":7}},"84":{"start":{"line":128,"column":38},"end":{"line":128,"column":50}},"85":{"start":{"line":130,"column":25},"end":{"line":132,"column":3}},"86":{"start":{"line":131,"column":4},"end":{"line":131,"column":65}},"87":{"start":{"line":133,"column":2},"end":{"line":133,"column":36}},"88":{"start":{"line":133,"column":23},"end":{"line":133,"column":35}},"89":{"start":{"line":136,"column":2},"end":{"line":136,"column":13}},"90":{"start":{"line":139,"column":23},"end":{"line":139,"column":25}},"91":{"start":{"line":140,"column":2},"end":{"line":144,"column":5}},"92":{"start":{"line":141,"column":4},"end":{"line":143,"column":5}},"93":{"start":{"line":142,"column":6},"end":{"line":142,"column":35}},"94":{"start":{"line":145,"column":30},"end":{"line":148,"column":4}},"95":{"start":{"line":146,"column":4},"end":{"line":146,"column":44}},"96":{"start":{"line":146,"column":30},"end":{"line":146,"column":43}},"97":{"start":{"line":147,"column":4},"end":{"line":147,"column":55}},"98":{"start":{"line":149,"column":2},"end":{"line":149,"column":40}},"99":{"start":{"line":149,"column":28},"end":{"line":149,"column":39}},"100":{"start":{"line":152,"column":20},"end":{"line":152,"column":68}},"101":{"start":{"line":152,"column":44},"end":{"line":152,"column":67}},"102":{"start":{"line":153,"column":2},"end":{"line":153,"column":30}},"103":{"start":{"line":153,"column":18},"end":{"line":153,"column":29}},"104":{"start":{"line":155,"column":2},"end":{"line":155,"column":54}},"105":{"start":{"line":162,"column":20},"end":{"line":162,"column":78}},"106":{"start":{"line":162,"column":54},"end":{"line":162,"column":74}},"107":{"start":{"line":163,"column":19},"end":{"line":163,"column":76}},"108":{"start":{"line":163,"column":52},"end":{"line":163,"column":72}},"109":{"start":{"line":164,"column":2},"end":{"line":164,"column":30}},"110":{"start":{"line":179,"column":22},"end":{"line":179,"column":35}},"111":{"start":{"line":180,"column":19},"end":{"line":180,"column":38}},"112":{"start":{"line":182,"column":20},"end":{"line":182,"column":77}},"113":{"start":{"line":183,"column":16},"end":{"line":183,"column":87}},"114":{"start":{"line":185,"column":2},"end":{"line":185,"column":30}},"115":{"start":{"line":189,"column":16},"end":{"line":189,"column":18}},"116":{"start":{"line":191,"column":25},"end":{"line":191,"column":71}},"117":{"start":{"line":191,"column":51},"end":{"line":191,"column":70}},"118":{"start":{"line":192,"column":24},"end":{"line":192,"column":71}},"119":{"start":{"line":192,"column":51},"end":{"line":192,"column":70}},"120":{"start":{"line":193,"column":23},"end":{"line":193,"column":67}},"121":{"start":{"line":193,"column":49},"end":{"line":193,"column":66}},"122":{"start":{"line":196,"column":28},"end":{"line":196,"column":77}},"123":{"start":{"line":196,"column":64},"end":{"line":196,"column":74}},"124":{"start":{"line":197,"column":22},"end":{"line":197,"column":72}},"125":{"start":{"line":197,"column":52},"end":{"line":197,"column":71}},"126":{"start":{"line":199,"column":2},"end":{"line":202,"column":3}},"127":{"start":{"line":200,"column":19},"end":{"line":200,"column":84}},"128":{"start":{"line":200,"column":49},"end":{"line":200,"column":80}},"129":{"start":{"line":201,"column":4},"end":{"line":201,"column":93}},"130":{"start":{"line":205,"column":26},"end":{"line":205,"column":74}},"131":{"start":{"line":205,"column":61},"end":{"line":205,"column":71}},"132":{"start":{"line":206,"column":2},"end":{"line":208,"column":3}},"133":{"start":{"line":207,"column":4},"end":{"line":207,"column":68}},"134":{"start":{"line":211,"column":22},"end":{"line":211,"column":76}},"135":{"start":{"line":212,"column":2},"end":{"line":216,"column":3}},"136":{"start":{"line":213,"column":4},"end":{"line":213,"column":66}},"137":{"start":{"line":214,"column":9},"end":{"line":216,"column":3}},"138":{"start":{"line":215,"column":4},"end":{"line":215,"column":102}},"139":{"start":{"line":219,"column":2},"end":{"line":221,"column":3}},"140":{"start":{"line":220,"column":4},"end":{"line":220,"column":105}},"141":{"start":{"line":223,"column":2},"end":{"line":223,"column":92}},"142":{"start":{"line":227,"column":16},"end":{"line":227,"column":18}},"143":{"start":{"line":230,"column":23},"end":{"line":230,"column":70}},"144":{"start":{"line":230,"column":50},"end":{"line":230,"column":69}},"145":{"start":{"line":231,"column":28},"end":{"line":231,"column":73}},"146":{"start":{"line":231,"column":55},"end":{"line":231,"column":72}},"147":{"start":{"line":233,"column":2},"end":{"line":245,"column":3}},"148":{"start":{"line":234,"column":28},"end":{"line":234,"column":75}},"149":{"start":{"line":234,"column":62},"end":{"line":234,"column":72}},"150":{"start":{"line":235,"column":24},"end":{"line":235,"column":73}},"151":{"start":{"line":235,"column":52},"end":{"line":235,"column":72}},"152":{"start":{"line":237,"column":4},"end":{"line":239,"column":5}},"153":{"start":{"line":238,"column":6},"end":{"line":238,"column":102}},"154":{"start":{"line":241,"column":22},"end":{"line":241,"column":85}},"155":{"start":{"line":241,"column":50},"end":{"line":241,"column":81}},"156":{"start":{"line":242,"column":4},"end":{"line":244,"column":5}},"157":{"start":{"line":243,"column":6},"end":{"line":243,"column":118}},"158":{"start":{"line":247,"column":2},"end":{"line":249,"column":3}},"159":{"start":{"line":248,"column":4},"end":{"line":248,"column":127}},"160":{"start":{"line":252,"column":22},"end":{"line":252,"column":77}},"161":{"start":{"line":253,"column":2},"end":{"line":255,"column":3}},"162":{"start":{"line":254,"column":4},"end":{"line":254,"column":67}},"163":{"start":{"line":257,"column":2},"end":{"line":259,"column":3}},"164":{"start":{"line":258,"column":4},"end":{"line":258,"column":59}},"165":{"start":{"line":261,"column":2},"end":{"line":261,"column":32}},"166":{"start":{"line":271,"column":14},"end":{"line":271,"column":16}},"167":{"start":{"line":273,"column":2},"end":{"line":278,"column":3}},"168":{"start":{"line":274,"column":4},"end":{"line":274,"column":44}},"169":{"start":{"line":274,"column":34},"end":{"line":274,"column":43}},"170":{"start":{"line":275,"column":4},"end":{"line":276,"column":53}},"171":{"start":{"line":275,"column":36},"end":{"line":275,"column":47}},"172":{"start":{"line":276,"column":9},"end":{"line":276,"column":53}},"173":{"start":{"line":276,"column":41},"end":{"line":276,"column":52}},"174":{"start":{"line":277,"column":4},"end":{"line":277,"column":50}},"175":{"start":{"line":277,"column":38},"end":{"line":277,"column":49}},"176":{"start":{"line":280,"column":2},"end":{"line":280,"column":42}},"177":{"start":{"line":283,"column":0},"end":{"line":287,"column":2}}},"fnMap":{"0":{"name":"predictAcceptance","decl":{"start":{"line":47,"column":9},"end":{"line":47,"column":26}},"loc":{"start":{"line":47,"column":93},"end":{"line":156,"column":1}},"line":47},"1":{"name":"(anonymous_1)","decl":{"start":{"line":82,"column":42},"end":{"line":82,"column":43}},"loc":{"start":{"line":82,"column":58},"end":{"line":86,"column":3}},"line":82},"2":{"name":"(anonymous_2)","decl":{"start":{"line":92,"column":40},"end":{"line":92,"column":41}},"loc":{"start":{"line":93,"column":4},"end":{"line":93,"column":56}},"line":93},"3":{"name":"(anonymous_3)","decl":{"start":{"line":95,"column":51},"end":{"line":95,"column":52}},"loc":{"start":{"line":96,"column":4},"end":{"line":96,"column":56}},"line":96},"4":{"name":"(anonymous_4)","decl":{"start":{"line":104,"column":45},"end":{"line":104,"column":46}},"loc":{"start":{"line":104,"column":50},"end":{"line":104,"column":84}},"line":104},"5":{"name":"(anonymous_5)","decl":{"start":{"line":106,"column":30},"end":{"line":106,"column":31}},"loc":{"start":{"line":106,"column":40},"end":{"line":106,"column":57}},"line":106},"6":{"name":"(anonymous_6)","decl":{"start":{"line":109,"column":45},"end":{"line":109,"column":46}},"loc":{"start":{"line":109,"column":50},"end":{"line":109,"column":92}},"line":109},"7":{"name":"(anonymous_7)","decl":{"start":{"line":110,"column":43},"end":{"line":110,"column":44}},"loc":{"start":{"line":110,"column":48},"end":{"line":110,"column":90}},"line":110},"8":{"name":"(anonymous_8)","decl":{"start":{"line":111,"column":45},"end":{"line":111,"column":46}},"loc":{"start":{"line":111,"column":50},"end":{"line":111,"column":67}},"line":111},"9":{"name":"(anonymous_9)","decl":{"start":{"line":128,"column":33},"end":{"line":128,"column":34}},"loc":{"start":{"line":128,"column":38},"end":{"line":128,"column":50}},"line":128},"10":{"name":"(anonymous_10)","decl":{"start":{"line":130,"column":44},"end":{"line":130,"column":45}},"loc":{"start":{"line":131,"column":4},"end":{"line":131,"column":65}},"line":131},"11":{"name":"(anonymous_11)","decl":{"start":{"line":140,"column":21},"end":{"line":140,"column":22}},"loc":{"start":{"line":140,"column":26},"end":{"line":144,"column":3}},"line":140},"12":{"name":"(anonymous_12)","decl":{"start":{"line":145,"column":49},"end":{"line":145,"column":50}},"loc":{"start":{"line":145,"column":54},"end":{"line":148,"column":3}},"line":145},"13":{"name":"(anonymous_13)","decl":{"start":{"line":152,"column":39},"end":{"line":152,"column":40}},"loc":{"start":{"line":152,"column":44},"end":{"line":152,"column":67}},"line":152},"14":{"name":"isValueInTheirFavor","decl":{"start":{"line":161,"column":9},"end":{"line":161,"column":28}},"loc":{"start":{"line":161,"column":40},"end":{"line":165,"column":1}},"line":161},"15":{"name":"(anonymous_15)","decl":{"start":{"line":162,"column":42},"end":{"line":162,"column":43}},"loc":{"start":{"line":162,"column":54},"end":{"line":162,"column":74}},"line":162},"16":{"name":"(anonymous_16)","decl":{"start":{"line":163,"column":40},"end":{"line":163,"column":41}},"loc":{"start":{"line":163,"column":52},"end":{"line":163,"column":72}},"line":163},"17":{"name":"generateReasoning","decl":{"start":{"line":178,"column":9},"end":{"line":178,"column":26}},"loc":{"start":{"line":178,"column":110},"end":{"line":186,"column":1}},"line":178},"18":{"name":"buildMyReasoning","decl":{"start":{"line":188,"column":9},"end":{"line":188,"column":25}},"loc":{"start":{"line":188,"column":58},"end":{"line":224,"column":1}},"line":188},"19":{"name":"(anonymous_19)","decl":{"start":{"line":191,"column":46},"end":{"line":191,"column":47}},"loc":{"start":{"line":191,"column":51},"end":{"line":191,"column":70}},"line":191},"20":{"name":"(anonymous_20)","decl":{"start":{"line":192,"column":46},"end":{"line":192,"column":47}},"loc":{"start":{"line":192,"column":51},"end":{"line":192,"column":70}},"line":192},"21":{"name":"(anonymous_21)","decl":{"start":{"line":193,"column":44},"end":{"line":193,"column":45}},"loc":{"start":{"line":193,"column":49},"end":{"line":193,"column":66}},"line":193},"22":{"name":"(anonymous_22)","decl":{"start":{"line":196,"column":59},"end":{"line":196,"column":60}},"loc":{"start":{"line":196,"column":64},"end":{"line":196,"column":74}},"line":196},"23":{"name":"(anonymous_23)","decl":{"start":{"line":197,"column":47},"end":{"line":197,"column":48}},"loc":{"start":{"line":197,"column":52},"end":{"line":197,"column":71}},"line":197},"24":{"name":"(anonymous_24)","decl":{"start":{"line":200,"column":39},"end":{"line":200,"column":40}},"loc":{"start":{"line":200,"column":49},"end":{"line":200,"column":80}},"line":200},"25":{"name":"(anonymous_25)","decl":{"start":{"line":205,"column":56},"end":{"line":205,"column":57}},"loc":{"start":{"line":205,"column":61},"end":{"line":205,"column":71}},"line":205},"26":{"name":"buildTheirReasoning","decl":{"start":{"line":226,"column":9},"end":{"line":226,"column":28}},"loc":{"start":{"line":226,"column":78},"end":{"line":262,"column":1}},"line":226},"27":{"name":"(anonymous_27)","decl":{"start":{"line":230,"column":45},"end":{"line":230,"column":46}},"loc":{"start":{"line":230,"column":50},"end":{"line":230,"column":69}},"line":230},"28":{"name":"(anonymous_28)","decl":{"start":{"line":231,"column":50},"end":{"line":231,"column":51}},"loc":{"start":{"line":231,"column":55},"end":{"line":231,"column":72}},"line":231},"29":{"name":"(anonymous_29)","decl":{"start":{"line":234,"column":57},"end":{"line":234,"column":58}},"loc":{"start":{"line":234,"column":62},"end":{"line":234,"column":72}},"line":234},"30":{"name":"(anonymous_30)","decl":{"start":{"line":235,"column":47},"end":{"line":235,"column":48}},"loc":{"start":{"line":235,"column":52},"end":{"line":235,"column":72}},"line":235},"31":{"name":"(anonymous_31)","decl":{"start":{"line":241,"column":40},"end":{"line":241,"column":41}},"loc":{"start":{"line":241,"column":50},"end":{"line":241,"column":81}},"line":241},"32":{"name":"assessAvailability","decl":{"start":{"line":270,"column":9},"end":{"line":270,"column":27}},"loc":{"start":{"line":270,"column":36},"end":{"line":281,"column":1}},"line":270}},"branchMap":{"0":{"loc":{"start":{"line":51,"column":22},"end":{"line":51,"column":61}},"type":"binary-expr","locations":[{"start":{"line":51,"column":22},"end":{"line":51,"column":56}},{"start":{"line":51,"column":60},"end":{"line":51,"column":61}}],"line":51},"1":{"loc":{"start":{"line":53,"column":2},"end":{"line":57,"column":21}},"type":"if","locations":[{"start":{"line":53,"column":2},"end":{"line":57,"column":21}},{"start":{"line":54,"column":7},"end":{"line":57,"column":21}}],"line":53},"2":{"loc":{"start":{"line":54,"column":7},"end":{"line":57,"column":21}},"type":"if","locations":[{"start":{"line":54,"column":7},"end":{"line":57,"column":21}},{"start":{"line":55,"column":7},"end":{"line":57,"column":21}}],"line":54},"3":{"loc":{"start":{"line":55,"column":7},"end":{"line":57,"column":21}},"type":"if","locations":[{"start":{"line":55,"column":7},"end":{"line":57,"column":21}},{"start":{"line":56,"column":7},"end":{"line":57,"column":21}}],"line":55},"4":{"loc":{"start":{"line":55,"column":40},"end":{"line":55,"column":62}},"type":"cond-expr","locations":[{"start":{"line":55,"column":55},"end":{"line":55,"column":57}},{"start":{"line":55,"column":60},"end":{"line":55,"column":62}}],"line":55},"5":{"loc":{"start":{"line":56,"column":7},"end":{"line":57,"column":21}},"type":"if","locations":[{"start":{"line":56,"column":7},"end":{"line":57,"column":21}},{"start":{"line":57,"column":7},"end":{"line":57,"column":21}}],"line":56},"6":{"loc":{"start":{"line":56,"column":40},"end":{"line":56,"column":62}},"type":"cond-expr","locations":[{"start":{"line":56,"column":55},"end":{"line":56,"column":56}},{"start":{"line":56,"column":59},"end":{"line":56,"column":62}}],"line":56},"7":{"loc":{"start":{"line":62,"column":27},"end":{"line":62,"column":85}},"type":"binary-expr","locations":[{"start":{"line":62,"column":27},"end":{"line":62,"column":80}},{"start":{"line":62,"column":84},"end":{"line":62,"column":85}}],"line":62},"8":{"loc":{"start":{"line":63,"column":2},"end":{"line":78,"column":3}},"type":"if","locations":[{"start":{"line":63,"column":2},"end":{"line":78,"column":3}},{"start":{"line":72,"column":9},"end":{"line":78,"column":3}}],"line":63},"9":{"loc":{"start":{"line":65,"column":4},"end":{"line":71,"column":23}},"type":"if","locations":[{"start":{"line":65,"column":4},"end":{"line":71,"column":23}},{"start":{"line":66,"column":9},"end":{"line":71,"column":23}}],"line":65},"10":{"loc":{"start":{"line":66,"column":9},"end":{"line":71,"column":23}},"type":"if","locations":[{"start":{"line":66,"column":9},"end":{"line":71,"column":23}},{"start":{"line":67,"column":9},"end":{"line":71,"column":23}}],"line":66},"11":{"loc":{"start":{"line":67,"column":9},"end":{"line":71,"column":23}},"type":"if","locations":[{"start":{"line":67,"column":9},"end":{"line":71,"column":23}},{"start":{"line":68,"column":9},"end":{"line":71,"column":23}}],"line":67},"12":{"loc":{"start":{"line":68,"column":9},"end":{"line":71,"column":23}},"type":"if","locations":[{"start":{"line":68,"column":9},"end":{"line":71,"column":23}},{"start":{"line":69,"column":9},"end":{"line":71,"column":23}}],"line":68},"13":{"loc":{"start":{"line":69,"column":9},"end":{"line":71,"column":23}},"type":"if","locations":[{"start":{"line":69,"column":9},"end":{"line":71,"column":23}},{"start":{"line":70,"column":9},"end":{"line":71,"column":23}}],"line":69},"14":{"loc":{"start":{"line":70,"column":9},"end":{"line":71,"column":23}},"type":"if","locations":[{"start":{"line":70,"column":9},"end":{"line":71,"column":23}},{"start":{"line":71,"column":9},"end":{"line":71,"column":23}}],"line":70},"15":{"loc":{"start":{"line":74,"column":4},"end":{"line":77,"column":23}},"type":"if","locations":[{"start":{"line":74,"column":4},"end":{"line":77,"column":23}},{"start":{"line":75,"column":9},"end":{"line":77,"column":23}}],"line":74},"16":{"loc":{"start":{"line":75,"column":9},"end":{"line":77,"column":23}},"type":"if","locations":[{"start":{"line":75,"column":9},"end":{"line":77,"column":23}},{"start":{"line":76,"column":9},"end":{"line":77,"column":23}}],"line":75},"17":{"loc":{"start":{"line":76,"column":9},"end":{"line":77,"column":23}},"type":"if","locations":[{"start":{"line":76,"column":9},"end":{"line":77,"column":23}},{"start":{"line":77,"column":9},"end":{"line":77,"column":23}}],"line":76},"18":{"loc":{"start":{"line":83,"column":4},"end":{"line":83,"column":44}},"type":"if","locations":[{"start":{"line":83,"column":4},"end":{"line":83,"column":44}},{"start":{},"end":{}}],"line":83},"19":{"loc":{"start":{"line":84,"column":22},"end":{"line":84,"column":34}},"type":"binary-expr","locations":[{"start":{"line":84,"column":22},"end":{"line":84,"column":29}},{"start":{"line":84,"column":33},"end":{"line":84,"column":34}}],"line":84},"20":{"loc":{"start":{"line":84,"column":47},"end":{"line":84,"column":58}},"type":"binary-expr","locations":[{"start":{"line":84,"column":47},"end":{"line":84,"column":52}},{"start":{"line":84,"column":56},"end":{"line":84,"column":58}}],"line":84},"21":{"loc":{"start":{"line":87,"column":2},"end":{"line":88,"column":42}},"type":"if","locations":[{"start":{"line":87,"column":2},"end":{"line":88,"column":42}},{"start":{"line":88,"column":7},"end":{"line":88,"column":42}}],"line":87},"22":{"loc":{"start":{"line":88,"column":7},"end":{"line":88,"column":42}},"type":"if","locations":[{"start":{"line":88,"column":7},"end":{"line":88,"column":42}},{"start":{},"end":{}}],"line":88},"23":{"loc":{"start":{"line":91,"column":19},"end":{"line":91,"column":38}},"type":"binary-expr","locations":[{"start":{"line":91,"column":19},"end":{"line":91,"column":32}},{"start":{"line":91,"column":36},"end":{"line":91,"column":38}}],"line":91},"24":{"loc":{"start":{"line":93,"column":4},"end":{"line":93,"column":56}},"type":"binary-expr","locations":[{"start":{"line":93,"column":4},"end":{"line":93,"column":23}},{"start":{"line":93,"column":27},"end":{"line":93,"column":56}}],"line":93},"25":{"loc":{"start":{"line":96,"column":4},"end":{"line":96,"column":56}},"type":"binary-expr","locations":[{"start":{"line":96,"column":4},"end":{"line":96,"column":23}},{"start":{"line":96,"column":27},"end":{"line":96,"column":56}}],"line":96},"26":{"loc":{"start":{"line":98,"column":2},"end":{"line":100,"column":20}},"type":"if","locations":[{"start":{"line":98,"column":2},"end":{"line":100,"column":20}},{"start":{"line":99,"column":7},"end":{"line":100,"column":20}}],"line":98},"27":{"loc":{"start":{"line":99,"column":7},"end":{"line":100,"column":20}},"type":"if","locations":[{"start":{"line":99,"column":7},"end":{"line":100,"column":20}},{"start":{"line":100,"column":7},"end":{"line":100,"column":20}}],"line":99},"28":{"loc":{"start":{"line":103,"column":21},"end":{"line":103,"column":47}},"type":"binary-expr","locations":[{"start":{"line":103,"column":21},"end":{"line":103,"column":41}},{"start":{"line":103,"column":45},"end":{"line":103,"column":47}}],"line":103},"29":{"loc":{"start":{"line":104,"column":50},"end":{"line":104,"column":84}},"type":"binary-expr","locations":[{"start":{"line":104,"column":50},"end":{"line":104,"column":71}},{"start":{"line":104,"column":75},"end":{"line":104,"column":84}}],"line":104},"30":{"loc":{"start":{"line":105,"column":20},"end":{"line":107,"column":8}},"type":"cond-expr","locations":[{"start":{"line":106,"column":6},"end":{"line":106,"column":87}},{"start":{"line":107,"column":6},"end":{"line":107,"column":8}}],"line":105},"31":{"loc":{"start":{"line":106,"column":45},"end":{"line":106,"column":56}},"type":"binary-expr","locations":[{"start":{"line":106,"column":45},"end":{"line":106,"column":50}},{"start":{"line":106,"column":54},"end":{"line":106,"column":56}}],"line":106},"32":{"loc":{"start":{"line":108,"column":22},"end":{"line":108,"column":99}},"type":"cond-expr","locations":[{"start":{"line":108,"column":40},"end":{"line":108,"column":52}},{"start":{"line":108,"column":55},"end":{"line":108,"column":99}}],"line":108},"33":{"loc":{"start":{"line":108,"column":55},"end":{"line":108,"column":99}},"type":"cond-expr","locations":[{"start":{"line":108,"column":73},"end":{"line":108,"column":85}},{"start":{"line":108,"column":88},"end":{"line":108,"column":99}}],"line":108},"34":{"loc":{"start":{"line":109,"column":50},"end":{"line":109,"column":92}},"type":"binary-expr","locations":[{"start":{"line":109,"column":50},"end":{"line":109,"column":69}},{"start":{"line":109,"column":73},"end":{"line":109,"column":92}}],"line":109},"35":{"loc":{"start":{"line":109,"column":74},"end":{"line":109,"column":85}},"type":"binary-expr","locations":[{"start":{"line":109,"column":74},"end":{"line":109,"column":79}},{"start":{"line":109,"column":83},"end":{"line":109,"column":85}}],"line":109},"36":{"loc":{"start":{"line":110,"column":48},"end":{"line":110,"column":90}},"type":"binary-expr","locations":[{"start":{"line":110,"column":48},"end":{"line":110,"column":67}},{"start":{"line":110,"column":71},"end":{"line":110,"column":90}}],"line":110},"37":{"loc":{"start":{"line":110,"column":72},"end":{"line":110,"column":83}},"type":"binary-expr","locations":[{"start":{"line":110,"column":72},"end":{"line":110,"column":77}},{"start":{"line":110,"column":81},"end":{"line":110,"column":83}}],"line":110},"38":{"loc":{"start":{"line":112,"column":2},"end":{"line":114,"column":94}},"type":"if","locations":[{"start":{"line":112,"column":2},"end":{"line":114,"column":94}},{"start":{"line":113,"column":7},"end":{"line":114,"column":94}}],"line":112},"39":{"loc":{"start":{"line":112,"column":6},"end":{"line":112,"column":76}},"type":"binary-expr","locations":[{"start":{"line":112,"column":6},"end":{"line":112,"column":34}},{"start":{"line":112,"column":39},"end":{"line":112,"column":55}},{"start":{"line":112,"column":59},"end":{"line":112,"column":75}}],"line":112},"40":{"loc":{"start":{"line":113,"column":7},"end":{"line":114,"column":94}},"type":"if","locations":[{"start":{"line":113,"column":7},"end":{"line":114,"column":94}},{"start":{"line":114,"column":7},"end":{"line":114,"column":94}}],"line":113},"41":{"loc":{"start":{"line":113,"column":11},"end":{"line":113,"column":57}},"type":"binary-expr","locations":[{"start":{"line":113,"column":11},"end":{"line":113,"column":39}},{"start":{"line":113,"column":43},"end":{"line":113,"column":57}}],"line":113},"42":{"loc":{"start":{"line":114,"column":7},"end":{"line":114,"column":94}},"type":"if","locations":[{"start":{"line":114,"column":7},"end":{"line":114,"column":94}},{"start":{},"end":{}}],"line":114},"43":{"loc":{"start":{"line":114,"column":11},"end":{"line":114,"column":79}},"type":"binary-expr","locations":[{"start":{"line":114,"column":11},"end":{"line":114,"column":39}},{"start":{"line":114,"column":43},"end":{"line":114,"column":57}},{"start":{"line":114,"column":61},"end":{"line":114,"column":79}}],"line":114},"44":{"loc":{"start":{"line":118,"column":2},"end":{"line":120,"column":20}},"type":"if","locations":[{"start":{"line":118,"column":2},"end":{"line":120,"column":20}},{"start":{"line":119,"column":7},"end":{"line":120,"column":20}}],"line":118},"45":{"loc":{"start":{"line":119,"column":7},"end":{"line":120,"column":20}},"type":"if","locations":[{"start":{"line":119,"column":7},"end":{"line":120,"column":20}},{"start":{"line":120,"column":7},"end":{"line":120,"column":20}}],"line":119},"46":{"loc":{"start":{"line":123,"column":2},"end":{"line":123,"column":78}},"type":"if","locations":[{"start":{"line":123,"column":2},"end":{"line":123,"column":78}},{"start":{},"end":{}}],"line":123},"47":{"loc":{"start":{"line":123,"column":6},"end":{"line":123,"column":62}},"type":"binary-expr","locations":[{"start":{"line":123,"column":6},"end":{"line":123,"column":32}},{"start":{"line":123,"column":36},"end":{"line":123,"column":62}}],"line":123},"48":{"loc":{"start":{"line":124,"column":2},"end":{"line":124,"column":77}},"type":"if","locations":[{"start":{"line":124,"column":2},"end":{"line":124,"column":77}},{"start":{},"end":{}}],"line":124},"49":{"loc":{"start":{"line":124,"column":6},"end":{"line":124,"column":62}},"type":"binary-expr","locations":[{"start":{"line":124,"column":6},"end":{"line":124,"column":33}},{"start":{"line":124,"column":37},"end":{"line":124,"column":62}}],"line":124},"50":{"loc":{"start":{"line":127,"column":25},"end":{"line":129,"column":7}},"type":"cond-expr","locations":[{"start":{"line":128,"column":6},"end":{"line":128,"column":52}},{"start":{"line":129,"column":6},"end":{"line":129,"column":7}}],"line":127},"51":{"loc":{"start":{"line":128,"column":38},"end":{"line":128,"column":50}},"type":"binary-expr","locations":[{"start":{"line":128,"column":38},"end":{"line":128,"column":45}},{"start":{"line":128,"column":49},"end":{"line":128,"column":50}}],"line":128},"52":{"loc":{"start":{"line":131,"column":4},"end":{"line":131,"column":65}},"type":"binary-expr","locations":[{"start":{"line":131,"column":4},"end":{"line":131,"column":23}},{"start":{"line":131,"column":27},"end":{"line":131,"column":65}}],"line":131},"53":{"loc":{"start":{"line":131,"column":28},"end":{"line":131,"column":40}},"type":"binary-expr","locations":[{"start":{"line":131,"column":28},"end":{"line":131,"column":35}},{"start":{"line":131,"column":39},"end":{"line":131,"column":40}}],"line":131},"54":{"loc":{"start":{"line":133,"column":2},"end":{"line":133,"column":36}},"type":"if","locations":[{"start":{"line":133,"column":2},"end":{"line":133,"column":36}},{"start":{},"end":{}}],"line":133},"55":{"loc":{"start":{"line":141,"column":4},"end":{"line":143,"column":5}},"type":"if","locations":[{"start":{"line":141,"column":4},"end":{"line":143,"column":5}},{"start":{},"end":{}}],"line":141},"56":{"loc":{"start":{"line":141,"column":8},"end":{"line":141,"column":77}},"type":"binary-expr","locations":[{"start":{"line":141,"column":8},"end":{"line":141,"column":33}},{"start":{"line":141,"column":37},"end":{"line":141,"column":77}}],"line":141},"57":{"loc":{"start":{"line":146,"column":4},"end":{"line":146,"column":44}},"type":"if","locations":[{"start":{"line":146,"column":4},"end":{"line":146,"column":44}},{"start":{},"end":{}}],"line":146},"58":{"loc":{"start":{"line":149,"column":2},"end":{"line":149,"column":40}},"type":"if","locations":[{"start":{"line":149,"column":2},"end":{"line":149,"column":40}},{"start":{},"end":{}}],"line":149},"59":{"loc":{"start":{"line":153,"column":2},"end":{"line":153,"column":30}},"type":"if","locations":[{"start":{"line":153,"column":2},"end":{"line":153,"column":30}},{"start":{},"end":{}}],"line":153},"60":{"loc":{"start":{"line":162,"column":61},"end":{"line":162,"column":73}},"type":"binary-expr","locations":[{"start":{"line":162,"column":61},"end":{"line":162,"column":68}},{"start":{"line":162,"column":72},"end":{"line":162,"column":73}}],"line":162},"61":{"loc":{"start":{"line":163,"column":59},"end":{"line":163,"column":71}},"type":"binary-expr","locations":[{"start":{"line":163,"column":59},"end":{"line":163,"column":66}},{"start":{"line":163,"column":70},"end":{"line":163,"column":71}}],"line":163},"62":{"loc":{"start":{"line":179,"column":22},"end":{"line":179,"column":35}},"type":"binary-expr","locations":[{"start":{"line":179,"column":22},"end":{"line":179,"column":29}},{"start":{"line":179,"column":33},"end":{"line":179,"column":35}}],"line":179},"63":{"loc":{"start":{"line":180,"column":19},"end":{"line":180,"column":38}},"type":"binary-expr","locations":[{"start":{"line":180,"column":19},"end":{"line":180,"column":32}},{"start":{"line":180,"column":36},"end":{"line":180,"column":38}}],"line":180},"64":{"loc":{"start":{"line":199,"column":2},"end":{"line":202,"column":3}},"type":"if","locations":[{"start":{"line":199,"column":2},"end":{"line":202,"column":3}},{"start":{},"end":{}}],"line":199},"65":{"loc":{"start":{"line":200,"column":50},"end":{"line":200,"column":62}},"type":"binary-expr","locations":[{"start":{"line":200,"column":50},"end":{"line":200,"column":57}},{"start":{"line":200,"column":61},"end":{"line":200,"column":62}}],"line":200},"66":{"loc":{"start":{"line":200,"column":67},"end":{"line":200,"column":79}},"type":"binary-expr","locations":[{"start":{"line":200,"column":67},"end":{"line":200,"column":74}},{"start":{"line":200,"column":78},"end":{"line":200,"column":79}}],"line":200},"67":{"loc":{"start":{"line":201,"column":64},"end":{"line":201,"column":89}},"type":"binary-expr","locations":[{"start":{"line":201,"column":64},"end":{"line":201,"column":76}},{"start":{"line":201,"column":80},"end":{"line":201,"column":89}}],"line":201},"68":{"loc":{"start":{"line":206,"column":2},"end":{"line":208,"column":3}},"type":"if","locations":[{"start":{"line":206,"column":2},"end":{"line":208,"column":3}},{"start":{},"end":{}}],"line":206},"69":{"loc":{"start":{"line":211,"column":22},"end":{"line":211,"column":76}},"type":"binary-expr","locations":[{"start":{"line":211,"column":22},"end":{"line":211,"column":71}},{"start":{"line":211,"column":75},"end":{"line":211,"column":76}}],"line":211},"70":{"loc":{"start":{"line":212,"column":2},"end":{"line":216,"column":3}},"type":"if","locations":[{"start":{"line":212,"column":2},"end":{"line":216,"column":3}},{"start":{"line":214,"column":9},"end":{"line":216,"column":3}}],"line":212},"71":{"loc":{"start":{"line":214,"column":9},"end":{"line":216,"column":3}},"type":"if","locations":[{"start":{"line":214,"column":9},"end":{"line":216,"column":3}},{"start":{},"end":{}}],"line":214},"72":{"loc":{"start":{"line":219,"column":2},"end":{"line":221,"column":3}},"type":"if","locations":[{"start":{"line":219,"column":2},"end":{"line":221,"column":3}},{"start":{},"end":{}}],"line":219},"73":{"loc":{"start":{"line":220,"column":56},"end":{"line":220,"column":90}},"type":"cond-expr","locations":[{"start":{"line":220,"column":82},"end":{"line":220,"column":85}},{"start":{"line":220,"column":88},"end":{"line":220,"column":90}}],"line":220},"74":{"loc":{"start":{"line":223,"column":9},"end":{"line":223,"column":91}},"type":"cond-expr","locations":[{"start":{"line":223,"column":28},"end":{"line":223,"column":50}},{"start":{"line":223,"column":53},"end":{"line":223,"column":91}}],"line":223},"75":{"loc":{"start":{"line":233,"column":2},"end":{"line":245,"column":3}},"type":"if","locations":[{"start":{"line":233,"column":2},"end":{"line":245,"column":3}},{"start":{},"end":{}}],"line":233},"76":{"loc":{"start":{"line":237,"column":4},"end":{"line":239,"column":5}},"type":"if","locations":[{"start":{"line":237,"column":4},"end":{"line":239,"column":5}},{"start":{},"end":{}}],"line":237},"77":{"loc":{"start":{"line":238,"column":65},"end":{"line":238,"column":98}},"type":"cond-expr","locations":[{"start":{"line":238,"column":90},"end":{"line":238,"column":93}},{"start":{"line":238,"column":96},"end":{"line":238,"column":98}}],"line":238},"78":{"loc":{"start":{"line":241,"column":51},"end":{"line":241,"column":63}},"type":"binary-expr","locations":[{"start":{"line":241,"column":51},"end":{"line":241,"column":58}},{"start":{"line":241,"column":62},"end":{"line":241,"column":63}}],"line":241},"79":{"loc":{"start":{"line":241,"column":68},"end":{"line":241,"column":80}},"type":"binary-expr","locations":[{"start":{"line":241,"column":68},"end":{"line":241,"column":75}},{"start":{"line":241,"column":79},"end":{"line":241,"column":80}}],"line":241},"80":{"loc":{"start":{"line":242,"column":4},"end":{"line":244,"column":5}},"type":"if","locations":[{"start":{"line":242,"column":4},"end":{"line":244,"column":5}},{"start":{},"end":{}}],"line":242},"81":{"loc":{"start":{"line":243,"column":67},"end":{"line":243,"column":107}},"type":"binary-expr","locations":[{"start":{"line":243,"column":67},"end":{"line":243,"column":100}},{"start":{"line":243,"column":104},"end":{"line":243,"column":107}}],"line":243},"82":{"loc":{"start":{"line":247,"column":2},"end":{"line":249,"column":3}},"type":"if","locations":[{"start":{"line":247,"column":2},"end":{"line":249,"column":3}},{"start":{},"end":{}}],"line":247},"83":{"loc":{"start":{"line":248,"column":61},"end":{"line":248,"column":100}},"type":"cond-expr","locations":[{"start":{"line":248,"column":92},"end":{"line":248,"column":95}},{"start":{"line":248,"column":98},"end":{"line":248,"column":100}}],"line":248},"84":{"loc":{"start":{"line":252,"column":22},"end":{"line":252,"column":77}},"type":"binary-expr","locations":[{"start":{"line":252,"column":22},"end":{"line":252,"column":72}},{"start":{"line":252,"column":76},"end":{"line":252,"column":77}}],"line":252},"85":{"loc":{"start":{"line":253,"column":2},"end":{"line":255,"column":3}},"type":"if","locations":[{"start":{"line":253,"column":2},"end":{"line":255,"column":3}},{"start":{},"end":{}}],"line":253},"86":{"loc":{"start":{"line":257,"column":2},"end":{"line":259,"column":3}},"type":"if","locations":[{"start":{"line":257,"column":2},"end":{"line":259,"column":3}},{"start":{},"end":{}}],"line":257},"87":{"loc":{"start":{"line":274,"column":4},"end":{"line":274,"column":44}},"type":"if","locations":[{"start":{"line":274,"column":4},"end":{"line":274,"column":44}},{"start":{},"end":{}}],"line":274},"88":{"loc":{"start":{"line":275,"column":4},"end":{"line":276,"column":53}},"type":"if","locations":[{"start":{"line":275,"column":4},"end":{"line":276,"column":53}},{"start":{"line":276,"column":9},"end":{"line":276,"column":53}}],"line":275},"89":{"loc":{"start":{"line":275,"column":9},"end":{"line":275,"column":25}},"type":"binary-expr","locations":[{"start":{"line":275,"column":9},"end":{"line":275,"column":20}},{"start":{"line":275,"column":24},"end":{"line":275,"column":25}}],"line":275},"90":{"loc":{"start":{"line":276,"column":9},"end":{"line":276,"column":53}},"type":"if","locations":[{"start":{"line":276,"column":9},"end":{"line":276,"column":53}},{"start":{},"end":{}}],"line":276},"91":{"loc":{"start":{"line":276,"column":14},"end":{"line":276,"column":30}},"type":"binary-expr","locations":[{"start":{"line":276,"column":14},"end":{"line":276,"column":25}},{"start":{"line":276,"column":29},"end":{"line":276,"column":30}}],"line":276},"92":{"loc":{"start":{"line":277,"column":4},"end":{"line":277,"column":50}},"type":"if","locations":[{"start":{"line":277,"column":4},"end":{"line":277,"column":50}},{"start":{},"end":{}}],"line":277}},"s":{"0":1,"1":4,"2":4,"3":4,"4":4,"5":2,"6":2,"7":0,"8":2,"9":0,"10":2,"11":1,"12":1,"13":4,"14":4,"15":4,"16":3,"17":0,"18":3,"19":0,"20":3,"21":2,"22":1,"23":0,"24":1,"25":0,"26":1,"27":0,"28":1,"29":1,"30":0,"31":1,"32":0,"33":1,"34":0,"35":1,"36":4,"37":4,"38":0,"39":4,"40":4,"41":4,"42":0,"43":4,"44":0,"45":4,"46":4,"47":4,"48":4,"49":4,"50":4,"51":0,"52":4,"53":2,"54":2,"55":4,"56":4,"57":4,"58":4,"59":4,"60":4,"61":4,"62":4,"63":4,"64":4,"65":4,"66":4,"67":4,"68":0,"69":4,"70":0,"71":4,"72":0,"73":4,"74":4,"75":4,"76":0,"77":0,"78":0,"79":4,"80":0,"81":4,"82":0,"83":4,"84":4,"85":4,"86":4,"87":4,"88":4,"89":4,"90":4,"91":4,"92":4,"93":4,"94":4,"95":4,"96":0,"97":4,"98":4,"99":0,"100":4,"101":4,"102":4,"103":0,"104":4,"105":4,"106":4,"107":4,"108":4,"109":4,"110":0,"111":0,"112":0,"113":0,"114":0,"115":0,"116":0,"117":0,"118":0,"119":0,"120":0,"121":0,"122":0,"123":0,"124":0,"125":0,"126":0,"127":0,"128":0,"129":0,"130":0,"131":0,"132":0,"133":0,"134":0,"135":0,"136":0,"137":0,"138":0,"139":0,"140":0,"141":0,"142":0,"143":0,"144":0,"145":0,"146":0,"147":0,"148":0,"149":0,"150":0,"151":0,"152":0,"153":0,"154":0,"155":0,"156":0,"157":0,"158":0,"159":0,"160":0,"161":0,"162":0,"163":0,"164":0,"165":0,"166":0,"167":0,"168":0,"169":0,"170":0,"171":0,"172":0,"173":0,"174":0,"175":0,"176":0,"177":1},"f":{"0":4,"1":4,"2":4,"3":4,"4":4,"5":4,"6":4,"7":4,"8":4,"9":4,"10":4,"11":4,"12":4,"13":4,"14":4,"15":4,"16":4,"17":0,"18":0,"19":0,"20":0,"21":0,"22":0,"23":0,"24":0,"25":0,"26":0,"27":0,"28":0,"29":0,"30":0,"31":0,"32":0},"b":{"0":[4,2],"1":[2,2],"2":[0,2],"3":[0,2],"4":[0,0],"5":[1,1],"6":[1,0],"7":[4,4],"8":[3,1],"9":[0,3],"10":[0,3],"11":[2,1],"12":[0,1],"13":[0,1],"14":[0,1],"15":[0,1],"16":[0,1],"17":[0,1],"18":[0,4],"19":[4,0],"20":[4,0],"21":[0,4],"22":[0,4],"23":[4,0],"24":[4,4],"25":[4,4],"26":[0,4],"27":[2,2],"28":[4,0],"29":[4,0],"30":[3,1],"31":[4,0],"32":[0,4],"33":[0,4],"34":[4,4],"35":[4,0],"36":[4,4],"37":[4,0],"38":[0,4],"39":[4,0,0],"40":[0,4],"41":[4,0],"42":[0,4],"43":[4,0,0],"44":[4,0],"45":[0,0],"46":[0,4],"47":[4,4],"48":[0,4],"49":[4,4],"50":[3,1],"51":[4,0],"52":[4,4],"53":[4,0],"54":[4,0],"55":[4,0],"56":[4,0],"57":[0,4],"58":[0,4],"59":[0,4],"60":[4,0],"61":[4,0],"62":[0,0],"63":[0,0],"64":[0,0],"65":[0,0],"66":[0,0],"67":[0,0],"68":[0,0],"69":[0,0],"70":[0,0],"71":[0,0],"72":[0,0],"73":[0,0],"74":[0,0],"75":[0,0],"76":[0,0],"77":[0,0],"78":[0,0],"79":[0,0],"80":[0,0],"81":[0,0],"82":[0,0],"83":[0,0],"84":[0,0],"85":[0,0],"86":[0,0],"87":[0,0],"88":[0,0],"89":[0,0],"90":[0,0],"91":[0,0],"92":[0,0]},"_coverageSchema":"1a1c01bbd47fc00a2c39e90264f33305004495a9","hash":"376d051fc32aebac01cad0eceda4ae1804bb95e4"}
,"/Users/jeffdaniels/.openclaw/workspace/workspace-titlerun/titlerun-api/src/services/championshipEquityCalculator.js": {"path":"/Users/jeffdaniels/.openclaw/workspace/workspace-titlerun/titlerun-api/src/services/championshipEquityCalculator.js","statementMap":{"0":{"start":{"line":15,"column":30},"end":{"line":15,"column":64}},"1":{"start":{"line":16,"column":15},"end":{"line":16,"column":83}},"2":{"start":{"line":20,"column":20},"end":{"line":20,"column":23}},"3":{"start":{"line":21,"column":21},"end":{"line":21,"column":23}},"4":{"start":{"line":22,"column":22},"end":{"line":22,"column":23}},"5":{"start":{"line":23,"column":24},"end":{"line":23,"column":28}},"6":{"start":{"line":24,"column":25},"end":{"line":24,"column":29}},"7":{"start":{"line":33,"column":15},"end":{"line":33,"column":54}},"8":{"start":{"line":34,"column":20},"end":{"line":34,"column":40}},"9":{"start":{"line":36,"column":2},"end":{"line":66,"column":3}},"10":{"start":{"line":36,"column":18},"end":{"line":36,"column":19}},"11":{"start":{"line":38,"column":23},"end":{"line":41,"column":6}},"12":{"start":{"line":39,"column":23},"end":{"line":39,"column":70}},"13":{"start":{"line":40,"column":6},"end":{"line":40,"column":33}},"14":{"start":{"line":44,"column":20},"end":{"line":44,"column":47}},"15":{"start":{"line":44,"column":45},"end":{"line":44,"column":46}},"16":{"start":{"line":46,"column":4},"end":{"line":49,"column":5}},"17":{"start":{"line":46,"column":17},"end":{"line":46,"column":35}},"18":{"start":{"line":47,"column":16},"end":{"line":47,"column":51}},"19":{"start":{"line":48,"column":6},"end":{"line":48,"column":58}},"20":{"start":{"line":52,"column":4},"end":{"line":60,"column":5}},"21":{"start":{"line":52,"column":17},"end":{"line":52,"column":18}},"22":{"start":{"line":53,"column":16},"end":{"line":53,"column":26}},"23":{"start":{"line":54,"column":16},"end":{"line":54,"column":30}},"24":{"start":{"line":55,"column":6},"end":{"line":59,"column":7}},"25":{"start":{"line":56,"column":8},"end":{"line":56,"column":18}},"26":{"start":{"line":58,"column":8},"end":{"line":58,"column":18}},"27":{"start":{"line":62,"column":4},"end":{"line":65,"column":5}},"28":{"start":{"line":63,"column":22},"end":{"line":63,"column":44}},"29":{"start":{"line":64,"column":6},"end":{"line":64,"column":47}},"30":{"start":{"line":64,"column":31},"end":{"line":64,"column":47}},"31":{"start":{"line":68,"column":2},"end":{"line":68,"column":14}},"32":{"start":{"line":77,"column":17},"end":{"line":77,"column":51}},"33":{"start":{"line":77,"column":45},"end":{"line":77,"column":50}},"34":{"start":{"line":78,"column":17},"end":{"line":78,"column":70}},"35":{"start":{"line":81,"column":2},"end":{"line":81,"column":30}},"36":{"start":{"line":81,"column":21},"end":{"line":81,"column":30}},"37":{"start":{"line":82,"column":2},"end":{"line":82,"column":30}},"38":{"start":{"line":82,"column":21},"end":{"line":82,"column":30}},"39":{"start":{"line":85,"column":19},"end":{"line":85,"column":58}},"40":{"start":{"line":85,"column":38},"end":{"line":85,"column":50}},"41":{"start":{"line":86,"column":24},"end":{"line":86,"column":76}},"42":{"start":{"line":86,"column":58},"end":{"line":86,"column":68}},"43":{"start":{"line":87,"column":2},"end":{"line":87,"column":47}},"44":{"start":{"line":96,"column":18},"end":{"line":96,"column":34}},"45":{"start":{"line":97,"column":20},"end":{"line":97,"column":62}},"46":{"start":{"line":98,"column":2},"end":{"line":98,"column":47}},"47":{"start":{"line":115,"column":20},"end":{"line":115,"column":30}},"48":{"start":{"line":117,"column":2},"end":{"line":237,"column":3}},"49":{"start":{"line":119,"column":26},"end":{"line":122,"column":6}},"50":{"start":{"line":120,"column":21},"end":{"line":120,"column":95}},"51":{"start":{"line":121,"column":6},"end":{"line":121,"column":36}},"52":{"start":{"line":124,"column":20},"end":{"line":124,"column":70}},"53":{"start":{"line":124,"column":44},"end":{"line":124,"column":69}},"54":{"start":{"line":125,"column":4},"end":{"line":127,"column":5}},"55":{"start":{"line":126,"column":6},"end":{"line":126,"column":91}},"56":{"start":{"line":131,"column":6},"end":{"line":131,"column":56}},"57":{"start":{"line":131,"column":33},"end":{"line":131,"column":43}},"58":{"start":{"line":135,"column":24},"end":{"line":135,"column":25}},"59":{"start":{"line":136,"column":21},"end":{"line":136,"column":22}},"60":{"start":{"line":137,"column":4},"end":{"line":154,"column":5}},"61":{"start":{"line":137,"column":19},"end":{"line":137,"column":20}},"62":{"start":{"line":139,"column":6},"end":{"line":142,"column":7}},"63":{"start":{"line":140,"column":8},"end":{"line":140,"column":88}},"64":{"start":{"line":141,"column":8},"end":{"line":141,"column":14}},"65":{"start":{"line":143,"column":19},"end":{"line":143,"column":48}},"66":{"start":{"line":144,"column":21},"end":{"line":144,"column":34}},"67":{"start":{"line":145,"column":26},"end":{"line":145,"column":100}},"68":{"start":{"line":146,"column":6},"end":{"line":152,"column":7}},"69":{"start":{"line":147,"column":23},"end":{"line":147,"column":50}},"70":{"start":{"line":148,"column":26},"end":{"line":148,"column":77}},"71":{"start":{"line":149,"column":8},"end":{"line":151,"column":9}},"72":{"start":{"line":150,"column":10},"end":{"line":150,"column":26}},"73":{"start":{"line":153,"column":6},"end":{"line":153,"column":19}},"74":{"start":{"line":157,"column":20},"end":{"line":157,"column":108}},"75":{"start":{"line":157,"column":50},"end":{"line":157,"column":69}},"76":{"start":{"line":157,"column":80},"end":{"line":157,"column":106}},"77":{"start":{"line":158,"column":23},"end":{"line":163,"column":10}},"78":{"start":{"line":159,"column":19},"end":{"line":159,"column":51}},"79":{"start":{"line":160,"column":35},"end":{"line":160,"column":54}},"80":{"start":{"line":160,"column":66},"end":{"line":163,"column":7}},"81":{"start":{"line":165,"column":23},"end":{"line":165,"column":89}},"82":{"start":{"line":166,"column":26},"end":{"line":166,"column":44}},"83":{"start":{"line":167,"column":4},"end":{"line":167,"column":56}},"84":{"start":{"line":169,"column":25},"end":{"line":169,"column":26}},"85":{"start":{"line":170,"column":22},"end":{"line":170,"column":23}},"86":{"start":{"line":171,"column":4},"end":{"line":188,"column":5}},"87":{"start":{"line":171,"column":19},"end":{"line":171,"column":20}},"88":{"start":{"line":173,"column":6},"end":{"line":176,"column":7}},"89":{"start":{"line":174,"column":8},"end":{"line":174,"column":89}},"90":{"start":{"line":175,"column":8},"end":{"line":175,"column":14}},"91":{"start":{"line":177,"column":19},"end":{"line":177,"column":48}},"92":{"start":{"line":178,"column":21},"end":{"line":178,"column":34}},"93":{"start":{"line":179,"column":26},"end":{"line":179,"column":100}},"94":{"start":{"line":180,"column":6},"end":{"line":186,"column":7}},"95":{"start":{"line":181,"column":23},"end":{"line":181,"column":50}},"96":{"start":{"line":182,"column":26},"end":{"line":182,"column":77}},"97":{"start":{"line":183,"column":8},"end":{"line":185,"column":9}},"98":{"start":{"line":184,"column":10},"end":{"line":184,"column":27}},"99":{"start":{"line":187,"column":6},"end":{"line":187,"column":20}},"100":{"start":{"line":190,"column":22},"end":{"line":190,"column":56}},"101":{"start":{"line":191,"column":23},"end":{"line":191,"column":59}},"102":{"start":{"line":192,"column":25},"end":{"line":192,"column":47}},"103":{"start":{"line":195,"column":4},"end":{"line":204,"column":5}},"104":{"start":{"line":196,"column":6},"end":{"line":203,"column":8}},"105":{"start":{"line":206,"column":21},"end":{"line":206,"column":43}},"106":{"start":{"line":207,"column":21},"end":{"line":207,"column":54}},"107":{"start":{"line":210,"column":17},"end":{"line":210,"column":43}},"108":{"start":{"line":211,"column":18},"end":{"line":211,"column":46}},"109":{"start":{"line":212,"column":22},"end":{"line":212,"column":76}},"110":{"start":{"line":213,"column":23},"end":{"line":213,"column":80}},"111":{"start":{"line":214,"column":25},"end":{"line":214,"column":91}},"112":{"start":{"line":216,"column":4},"end":{"line":216,"column":128}},"113":{"start":{"line":218,"column":4},"end":{"line":227,"column":6}},"114":{"start":{"line":229,"column":4},"end":{"line":229,"column":82}},"115":{"start":{"line":230,"column":4},"end":{"line":236,"column":6}},"116":{"start":{"line":240,"column":0},"end":{"line":244,"column":2}}},"fnMap":{"0":{"name":"simulateSeason","decl":{"start":{"line":32,"column":9},"end":{"line":32,"column":23}},"loc":{"start":{"line":32,"column":39},"end":{"line":69,"column":1}},"line":32},"1":{"name":"(anonymous_1)","decl":{"start":{"line":38,"column":41},"end":{"line":38,"column":42}},"loc":{"start":{"line":38,"column":53},"end":{"line":41,"column":5}},"line":38},"2":{"name":"(anonymous_2)","decl":{"start":{"line":44,"column":35},"end":{"line":44,"column":36}},"loc":{"start":{"line":44,"column":45},"end":{"line":44,"column":46}},"line":44},"3":{"name":"playoffProbability","decl":{"start":{"line":75,"column":9},"end":{"line":75,"column":27}},"loc":{"start":{"line":75,"column":57},"end":{"line":88,"column":1}},"line":75},"4":{"name":"(anonymous_4)","decl":{"start":{"line":77,"column":35},"end":{"line":77,"column":36}},"loc":{"start":{"line":77,"column":45},"end":{"line":77,"column":50}},"line":77},"5":{"name":"(anonymous_5)","decl":{"start":{"line":85,"column":33},"end":{"line":85,"column":34}},"loc":{"start":{"line":85,"column":38},"end":{"line":85,"column":50}},"line":85},"6":{"name":"(anonymous_6)","decl":{"start":{"line":86,"column":53},"end":{"line":86,"column":54}},"loc":{"start":{"line":86,"column":58},"end":{"line":86,"column":68}},"line":86},"7":{"name":"champProbabilityGivenPlayoff","decl":{"start":{"line":94,"column":9},"end":{"line":94,"column":37}},"loc":{"start":{"line":94,"column":58},"end":{"line":99,"column":1}},"line":94},"8":{"name":"calculateEquityChange","decl":{"start":{"line":114,"column":9},"end":{"line":114,"column":30}},"loc":{"start":{"line":114,"column":104},"end":{"line":238,"column":1}},"line":114},"9":{"name":"(anonymous_9)","decl":{"start":{"line":119,"column":39},"end":{"line":119,"column":40}},"loc":{"start":{"line":119,"column":47},"end":{"line":122,"column":5}},"line":119},"10":{"name":"(anonymous_10)","decl":{"start":{"line":124,"column":39},"end":{"line":124,"column":40}},"loc":{"start":{"line":124,"column":44},"end":{"line":124,"column":69}},"line":124},"11":{"name":"calculateSeed","decl":{"start":{"line":130,"column":13},"end":{"line":130,"column":26}},"loc":{"start":{"line":130,"column":44},"end":{"line":132,"column":5}},"line":130},"12":{"name":"(anonymous_12)","decl":{"start":{"line":131,"column":28},"end":{"line":131,"column":29}},"loc":{"start":{"line":131,"column":33},"end":{"line":131,"column":43}},"line":131},"13":{"name":"(anonymous_13)","decl":{"start":{"line":157,"column":45},"end":{"line":157,"column":46}},"loc":{"start":{"line":157,"column":50},"end":{"line":157,"column":69}},"line":157},"14":{"name":"(anonymous_14)","decl":{"start":{"line":157,"column":75},"end":{"line":157,"column":76}},"loc":{"start":{"line":157,"column":80},"end":{"line":157,"column":106}},"line":157},"15":{"name":"(anonymous_15)","decl":{"start":{"line":159,"column":14},"end":{"line":159,"column":15}},"loc":{"start":{"line":159,"column":19},"end":{"line":159,"column":51}},"line":159},"16":{"name":"(anonymous_16)","decl":{"start":{"line":160,"column":30},"end":{"line":160,"column":31}},"loc":{"start":{"line":160,"column":35},"end":{"line":160,"column":54}},"line":160},"17":{"name":"(anonymous_17)","decl":{"start":{"line":160,"column":60},"end":{"line":160,"column":61}},"loc":{"start":{"line":160,"column":66},"end":{"line":163,"column":7}},"line":160}},"branchMap":{"0":{"loc":{"start":{"line":55,"column":6},"end":{"line":59,"column":7}},"type":"if","locations":[{"start":{"line":55,"column":6},"end":{"line":59,"column":7}},{"start":{"line":57,"column":13},"end":{"line":59,"column":7}}],"line":55},"1":{"loc":{"start":{"line":62,"column":4},"end":{"line":65,"column":5}},"type":"if","locations":[{"start":{"line":62,"column":4},"end":{"line":65,"column":5}},{"start":{},"end":{}}],"line":62},"2":{"loc":{"start":{"line":64,"column":6},"end":{"line":64,"column":47}},"type":"if","locations":[{"start":{"line":64,"column":6},"end":{"line":64,"column":47}},{"start":{},"end":{}}],"line":64},"3":{"loc":{"start":{"line":81,"column":2},"end":{"line":81,"column":30}},"type":"if","locations":[{"start":{"line":81,"column":2},"end":{"line":81,"column":30}},{"start":{},"end":{}}],"line":81},"4":{"loc":{"start":{"line":82,"column":2},"end":{"line":82,"column":30}},"type":"if","locations":[{"start":{"line":82,"column":2},"end":{"line":82,"column":30}},{"start":{},"end":{}}],"line":82},"5":{"loc":{"start":{"line":120,"column":60},"end":{"line":120,"column":78}},"type":"binary-expr","locations":[{"start":{"line":120,"column":60},"end":{"line":120,"column":72}},{"start":{"line":120,"column":76},"end":{"line":120,"column":78}}],"line":120},"6":{"loc":{"start":{"line":121,"column":13},"end":{"line":121,"column":35}},"type":"binary-expr","locations":[{"start":{"line":121,"column":13},"end":{"line":121,"column":30}},{"start":{"line":121,"column":34},"end":{"line":121,"column":35}}],"line":121},"7":{"loc":{"start":{"line":125,"column":4},"end":{"line":127,"column":5}},"type":"if","locations":[{"start":{"line":125,"column":4},"end":{"line":127,"column":5}},{"start":{},"end":{}}],"line":125},"8":{"loc":{"start":{"line":139,"column":6},"end":{"line":142,"column":7}},"type":"if","locations":[{"start":{"line":139,"column":6},"end":{"line":142,"column":7}},{"start":{},"end":{}}],"line":139},"9":{"loc":{"start":{"line":139,"column":10},"end":{"line":139,"column":83}},"type":"binary-expr","locations":[{"start":{"line":139,"column":10},"end":{"line":139,"column":17}},{"start":{"line":139,"column":21},"end":{"line":139,"column":36}},{"start":{"line":139,"column":40},"end":{"line":139,"column":83}}],"line":139},"10":{"loc":{"start":{"line":146,"column":6},"end":{"line":152,"column":7}},"type":"if","locations":[{"start":{"line":146,"column":6},"end":{"line":152,"column":7}},{"start":{},"end":{}}],"line":146},"11":{"loc":{"start":{"line":149,"column":8},"end":{"line":151,"column":9}},"type":"if","locations":[{"start":{"line":149,"column":8},"end":{"line":151,"column":9}},{"start":{},"end":{}}],"line":149},"12":{"loc":{"start":{"line":157,"column":87},"end":{"line":157,"column":105}},"type":"binary-expr","locations":[{"start":{"line":157,"column":87},"end":{"line":157,"column":91}},{"start":{"line":157,"column":95},"end":{"line":157,"column":105}}],"line":157},"13":{"loc":{"start":{"line":158,"column":24},"end":{"line":158,"column":38}},"type":"binary-expr","locations":[{"start":{"line":158,"column":24},"end":{"line":158,"column":32}},{"start":{"line":158,"column":36},"end":{"line":158,"column":38}}],"line":158},"14":{"loc":{"start":{"line":162,"column":15},"end":{"line":162,"column":27}},"type":"binary-expr","locations":[{"start":{"line":162,"column":15},"end":{"line":162,"column":22}},{"start":{"line":162,"column":26},"end":{"line":162,"column":27}}],"line":162},"15":{"loc":{"start":{"line":162,"column":34},"end":{"line":162,"column":45}},"type":"binary-expr","locations":[{"start":{"line":162,"column":34},"end":{"line":162,"column":
[...]
mn":45}}],"line":368},"56":{"loc":{"start":{"line":373,"column":21},"end":{"line":373,"column":69}},"type":"binary-expr","locations":[{"start":{"line":373,"column":21},"end":{"line":373,"column":36}},{"start":{"line":373,"column":40},"end":{"line":373,"column":56}},{"start":{"line":373,"column":60},"end":{"line":373,"column":69}}],"line":373},"57":{"loc":{"start":{"line":374,"column":22},"end":{"line":374,"column":79}},"type":"binary-expr","locations":[{"start":{"line":374,"column":22},"end":{"line":374,"column":34}},{"start":{"line":374,"column":38},"end":{"line":374,"column":54}},{"start":{"line":374,"column":58},"end":{"line":374,"column":74}},{"start":{"line":374,"column":78},"end":{"line":374,"column":79}}],"line":374},"58":{"loc":{"start":{"line":375,"column":25},"end":{"line":375,"column":79}},"type":"binary-expr","locations":[{"start":{"line":375,"column":25},"end":{"line":375,"column":48}},{"start":{"line":375,"column":52},"end":{"line":375,"column":71}},{"start":{"line":375,"column":75},"end":{"line":375,"column":79}}],"line":375},"59":{"loc":{"start":{"line":382,"column":21},"end":{"line":382,"column":47}},"type":"binary-expr","locations":[{"start":{"line":382,"column":21},"end":{"line":382,"column":41}},{"start":{"line":382,"column":45},"end":{"line":382,"column":47}}],"line":382},"60":{"loc":{"start":{"line":419,"column":2},"end":{"line":419,"column":32}},"type":"if","locations":[{"start":{"line":419,"column":2},"end":{"line":419,"column":32}},{"start":{},"end":{}}],"line":419}},"s":{"0":2,"1":2,"2":2270,"3":1233,"4":1037,"5":1037,"6":4979,"7":1037,"8":1037,"9":1037,"10":1037,"11":0,"12":2261,"13":1230,"14":1031,"15":4968,"16":1031,"17":0,"18":2261,"19":3,"20":2258,"21":2258,"22":2258,"23":22,"24":22,"25":9,"26":13,"27":6,"28":7,"29":6,"30":2258,"31":2258,"32":11,"33":11,"34":4,"35":7,"36":3,"37":4,"38":3,"39":2258,"40":2258,"41":8,"42":8,"43":3,"44":5,"45":2,"46":3,"47":2,"48":2258,"49":2258,"50":8,"51":8,"52":3,"53":5,"54":2,"55":2258,"56":2271,"57":1005,"58":1266,"59":3850,"60":1266,"61":0,"62":2656,"63":2656,"64":2656,"65":6737,"66":2656,"67":0,"68":2648,"69":3,"70":2645,"71":2645,"72":393,"73":2252,"74":2252,"75":2252,"76":2252,"77":2252,"78":2252,"79":2252,"80":2252,"81":2252,"82":2,"83":20,"84":5,"85":15,"86":1,"87":14,"88":2,"89":12,"90":12,"91":2,"92":10,"93":10,"94":10,"95":10,"96":10,"97":10,"98":10,"99":10,"100":2626,"101":1,"102":2625,"103":2625,"104":2,"105":2,"106":2623,"107":2623,"108":2623,"109":2623,"110":2623,"111":9,"112":4,"113":4,"114":4,"115":2,"116":2,"117":2},"f":{"0":2270,"1":2261,"2":2261,"3":2271,"4":2656,"5":2648,"6":20,"7":4},"b":{"0":[1233,1037],"1":[2270,1039,1038],"2":[1037,3942],"3":[4979,4979],"4":[1230,1031],"5":[2261,1031],"6":[1031,3937],"7":[4968,4968],"8":[3,2258],"9":[2261,2259],"10":[22,2236],"11":[2258,22],"12":[9,13],"13":[6,7],"14":[6,1],"15":[11,2247],"16":[2258,11],"17":[4,7],"18":[3,4],"19":[3,1],"20":[8,2250],"21":[2258,8],"22":[3,5],"23":[2,3],"24":[2,1],"25":[8,2250],"26":[2258,8],"27":[3,5],"28":[2,3],"29":[1005,1266],"30":[2271,1267,1267],"31":[1266,2584],"32":[3850,3850],"33":[2656,2263,2263],"34":[2258,398],"35":[2258,0],"36":[2656,4081],"37":[6],"38":[1009],"39":[14],"40":[0],"41":[3,2645],"42":[2648,2646],"43":[2644,1],"44":[393,2252],"45":[2645,2255],"46":[2252,0],"47":[18],"48":[5,15],"49":[1,14],"50":[2,12],"51":[2,10],"52":[1,2625],"53":[2626,32,22],"54":[2,2623],"55":[2625,2623],"56":[2623,2623,2623],"57":[2623,1,1,1],"58":[2623,1614,1614],"59":[2623,2617],"60":[2,2]},"_coverageSchema":"1a1c01bbd47fc00a2c39e90264f33305004495a9","hash":"b5f2d11815b9e8315647e13b48a354b45ece7b2e"}
,"/Users/jeffdaniels/.openclaw/workspace/workspace-titlerun/titlerun-api/src/utils/helpers.js": {"path":"/Users/jeffdaniels/.openclaw/workspace/workspace-titlerun/titlerun-api/src/utils/helpers.js","statementMap":{"0":{"start":{"line":12,"column":16},"end":{"line":149,"column":1}},"1":{"start":{"line":14,"column":2},"end":{"line":54,"column":3}},"2":{"start":{"line":16,"column":4},"end":{"line":18,"column":5}},"3":{"start":{"line":17,"column":6},"end":{"line":17,"column":78}},"4":{"start":{"line":20,"column":18},"end":{"line":20,"column":26}},"5":{"start":{"line":23,"column":4},"end":{"line":25,"column":5}},"6":{"start":{"line":24,"column":6},"end":{"line":24,"column":71}},"7":{"start":{"line":26,"column":4},"end":{"line":28,"column":5}},"8":{"start":{"line":27,"column":6},"end":{"line":27,"column":63}},"9":{"start":{"line":29,"column":4},"end":{"line":31,"column":5}},"10":{"start":{"line":30,"column":6},"end":{"line":30,"column":61}},"11":{"start":{"line":34,"column":4},"end":{"line":44,"column":5}},"12":{"start":{"line":35,"column":6},"end":{"line":37,"column":7}},"13":{"start":{"line":36,"column":8},"end":{"line":36,"column":84}},"14":{"start":{"line":38,"column":6},"end":{"line":40,"column":7}},"15":{"start":{"line":39,"column":8},"end":{"line":39,"column":66}},"16":{"start":{"line":41,"column":6},"end":{"line":43,"column":7}},"17":{"start":{"line":42,"column":8},"end":{"line":42,"column":68}},"18":{"start":{"line":47,"column":4},"end":{"line":51,"column":5}},"19":{"start":{"line":48,"column":6},"end":{"line":50,"column":7}},"20":{"start":{"line":49,"column":8},"end":{"line":49,"column":84}},"21":{"start":{"line":53,"column":4},"end":{"line":53,"column":16}},"22":{"start":{"line":57,"column":2},"end":{"line":59,"column":3}},"23":{"start":{"line":58,"column":4},"end":{"line":58,"column":92}},"24":{"start":{"line":61,"column":16},"end":{"line":61,"column":24}},"25":{"start":{"line":64,"column":2},"end":{"line":66,"column":3}},"26":{"start":{"line":65,"column":4},"end":{"line":65,"column":81}},"27":{"start":{"line":67,"column":2},"end":{"line":69,"column":3}},"28":{"start":{"line":68,"column":4},"end":{"line":68,"column":73}},"29":{"start":{"line":70,"column":2},"end":{"line":72,"column":3}},"30":{"start":{"line":71,"column":4},"end":{"line":71,"column":71}},"31":{"start":{"line":73,"column":2},"end":{"line":75,"column":3}},"32":{"start":{"line":74,"column":4},"end":{"line":74,"column":92}},"33":{"start":{"line":78,"column":2},"end":{"line":88,"column":3}},"34":{"start":{"line":79,"column":4},"end":{"line":81,"column":5}},"35":{"start":{"line":80,"column":6},"end":{"line":80,"column":100}},"36":{"start":{"line":82,"column":4},"end":{"line":84,"column":5}},"37":{"start":{"line":83,"column":6},"end":{"line":83,"column":73}},"38":{"start":{"line":85,"column":4},"end":{"line":87,"column":5}},"39":{"start":{"line":86,"column":6},"end":{"line":86,"column":75}},"40":{"start":{"line":91,"column":2},"end":{"line":93,"column":3}},"41":{"start":{"line":92,"column":4},"end":{"line":92,"column":89}},"42":{"start":{"line":96,"column":2},"end":{"line":98,"column":3}},"43":{"start":{"line":97,"column":4},"end":{"line":97,"column":93}},"44":{"start":{"line":100,"column":16},"end":{"line":100,"column":24}},"45":{"start":{"line":103,"column":2},"end":{"line":105,"column":3}},"46":{"start":{"line":104,"column":4},"end":{"line":104,"column":82}},"47":{"start":{"line":106,"column":2},"end":{"line":108,"column":3}},"48":{"start":{"line":107,"column":4},"end":{"line":107,"column":74}},"49":{"start":{"line":109,"column":2},"end":{"line":111,"column":3}},"50":{"start":{"line":110,"column":4},"end":{"line":110,"column":72}},"51":{"start":{"line":112,"column":2},"end":{"line":114,"column":3}},"52":{"start":{"line":113,"column":4},"end":{"line":113,"column":93}},"53":{"start":{"line":117,"column":2},"end":{"line":127,"column":3}},"54":{"start":{"line":118,"column":4},"end":{"line":120,"column":5}},"55":{"start":{"line":119,"column":6},"end":{"line":119,"column":101}},"56":{"start":{"line":121,"column":4},"end":{"line":123,"column":5}},"57":{"start":{"line":122,"column":6},"end":{"line":122,"column":74}},"58":{"start":{"line":124,"column":4},"end":{"line":126,"column":5}},"59":{"start":{"line":125,"column":6},"end":{"line":125,"column":76}},"60":{"start":{"line":130,"column":2},"end":{"line":132,"column":3}},"61":{"start":{"line":131,"column":4},"end":{"line":131,"column":90}},"62":{"start":{"line":135,"column":2},"end":{"line":137,"column":3}},"63":{"start":{"line":136,"column":4},"end":{"line":136,"column":33}},"64":{"start":{"line":140,"column":2},"end":{"line":142,"column":3}},"65":{"start":{"line":141,"column":4},"end":{"line":141,"column":17}},"66":{"start":{"line":145,"column":22},"end":{"line":145,"column":63}},"67":{"start":{"line":146,"column":22},"end":{"line":146,"column":63}},"68":{"start":{"line":148,"column":2},"end":{"line":148,"column":37}},"69":{"start":{"line":151,"column":0},"end":{"line":153,"column":2}}},"fnMap":{"0":{"name":"(anonymous_0)","decl":{"start":{"line":12,"column":16},"end":{"line":12,"column":17}},"loc":{"start":{"line":12,"column":26},"end":{"line":149,"column":1}},"line":12}},"branchMap":{"0":{"loc":{"start":{"line":14,"column":2},"end":{"line":54,"column":3}},"type":"if","locations":[{"start":{"line":14,"column":2},"end":{"line":54,"column":3}},{"start":{},"end":{}}],"line":14},"1":{"loc":{"start":{"line":16,"column":4},"end":{"line":18,"column":5}},"type":"if","locations":[{"start":{"line":16,"column":4},"end":{"line":18,"column":5}},{"start":{},"end":{}}],"line":16},"2":{"loc":{"start":{"line":23,"column":4},"end":{"line":25,"column":5}},"type":"if","locations":[{"start":{"line":23,"column":4},"end":{"line":25,"column":5}},{"start":{},"end":{}}],"line":23},"3":{"loc":{"start":{"line":26,"column":4},"end":{"line":28,"column":5}},"type":"if","locations":[{"start":{"line":26,"column":4},"end":{"line":28,"column":5}},{"start":{},"end":{}}],"line":26},"4":{"loc":{"start":{"line":29,"column":4},"end":{"line":31,"column":5}},"type":"if","locations":[{"start":{"line":29,"column":4},"end":{"line":31,"column":5}},{"start":{},"end":{}}],"line":29},"5":{"loc":{"start":{"line":34,"column":4},"end":{"line":44,"column":5}},"type":"if","locations":[{"start":{"line":34,"column":4},"end":{"line":44,"column":5}},{"start":{},"end":{}}],"line":34},"6":{"loc":{"start":{"line":35,"column":6},"end":{"line":37,"column":7}},"type":"if","locations":[{"start":{"line":35,"column":6},"end":{"line":37,"column":7}},{"start":{},"end":{}}],"line":35},"7":{"loc":{"start":{"line":38,"column":6},"end":{"line":40,"column":7}},"type":"if","locations":[{"start":{"line":38,"column":6},"end":{"line":40,"column":7}},{"start":{},"end":{}}],"line":38},"8":{"loc":{"start":{"line":41,"column":6},"end":{"line":43,"column":7}},"type":"if","locations":[{"start":{"line":41,"column":6},"end":{"line":43,"column":7}},{"start":{},"end":{}}],"line":41},"9":{"loc":{"start":{"line":47,"column":4},"end":{"line":51,"column":5}},"type":"if","locations":[{"start":{"line":47,"column":4},"end":{"line":51,"column":5}},{"start":{},"end":{}}],"line":47},"10":{"loc":{"start":{"line":48,"column":6},"end":{"line":50,"column":7}},"type":"if","locations":[{"start":{"line":48,"column":6},"end":{"line":50,"column":7}},{"start":{},"end":{}}],"line":48},"11":{"loc":{"start":{"line":57,"column":2},"end":{"line":59,"column":3}},"type":"if","locations":[{"start":{"line":57,"column":2},"end":{"line":59,"column":3}},{"start":{},"end":{}}],"line":57},"12":{"loc":{"start":{"line":58,"column":55},"end":{"line":58,"column":88}},"type":"cond-expr","locations":[{"start":{"line":58,"column":68},"end":{"line":58,"column":74}},{"start":{"line":58,"column":77},"end":{"line":58,"column":88}}],"line":58},"13":{"loc":{"start":{"line":64,"column":2},"end":{"line":66,"column":3}},"type":"if","locations":[{"start":{"line":64,"column":2},"end":{"line":66,"column":3}},{"start":{},"end":{}}],"line":64},"14":{"loc":{"start":{"line":67,"column":2},"end":{"line":69,"column":3}},"type":"if","locations":[{"start":{"line":67,"column":2},"end":{"line":69,"column":3}},{"start":{},"end":{}}],"line":67},"15":{"loc":{"start":{"line":70,"column":2},"end":{"line":72,"column":3}},"type":"if","locations":[{"start":{"line":70,"column":2},"end":{"line":72,"column":3}},{"start":{},"end":{}}],"line":70},"16":{"loc":{"start":{"line":73,"column":2},"end":{"line":75,"column":3}},"type":"if","locations":[{"start":{"line":73,"column":2},"end":{"line":75,"column":3}},{"start":{},"end":{}}],"line":73},"17":{"loc":{"start":{"line":73,"column":6},"end":{"line":73,"column":46}},"type":"binary-expr","locations":[{"start":{"line":73,"column":6},"end":{"line":73,"column":24}},{"start":{"line":73,"column":28},"end":{"line":73,"column":46}}],"line":73},"18":{"loc":{"start":{"line":78,"column":2},"end":{"line":88,"column":3}},"type":"if","locations":[{"start":{"line":78,"column":2},"end":{"line":88,"column":3}},{"start":{},"end":{}}],"line":78},"19":{"loc":{"start":{"line":79,"column":4},"end":{"line":81,"column":5}},"type":"if","locations":[{"start":{"line":79,"column":4},"end":{"line":81,"column":5}},{"start":{},"end":{}}],"line":79},"20":{"loc":{"start":{"line":82,"column":4},"end":{"line":84,"column":5}},"type":"if","locations":[{"start":{"line":82,"column":4},"end":{"line":84,"column":5}},{"start":{},"end":{}}],"line":82},"21":{"loc":{"start":{"line":85,"column":4},"end":{"line":87,"column":5}},"type":"if","locations":[{"start":{"line":85,"column":4},"end":{"line":87,"column":5}},{"start":{},"end":{}}],"line":85},"22":{"loc":{"start":{"line":91,"column":2},"end":{"line":93,"column":3}},"type":"if","locations":[{"start":{"line":91,"column":2},"end":{"line":93,"column":3}},{"start":{},"end":{}}],"line":91},"23":{"loc":{"start":{"line":91,"column":6},"end":{"line":91,"column":43}},"type":"binary-expr","locations":[{"start":{"line":91,"column":6},"end":{"line":91,"column":24}},{"start":{"line":91,"column":28},"end":{"line":91,"column":43}}],"line":91},"24":{"loc":{"start":{"line":96,"column":2},"end":{"line":98,"column":3}},"type":"if","locations":[{"start":{"line":96,"column":2},"end":{"line":98,"column":3}},{"start":{},"end":{}}],"line":96},"25":{"loc":{"start":{"line":97,"column":56},"end":{"line":97,"column":89}},"type":"cond-expr","locations":[{"start":{"line":97,"column":69},"end":{"line":97,"column":75}},{"start":{"line":97,"column":78},"end":{"line":97,"column":89}}],"line":97},"26":{"loc":{"start":{"line":103,"column":2},"end":{"line":105,"column":3}},"type":"if","locations":[{"start":{"line":103,"column":2},"end":{"line":105,"column":3}},{"start":{},"end":{}}],"line":103},"27":{"loc":{"start":{"line":106,"column":2},"end":{"line":108,"column":3}},"type":"if","locations":[{"start":{"line":106,"column":2},"end":{"line":108,"column":3}},{"start":{},"end":{}}],"line":106},"28":{"loc":{"start":{"line":109,"column":2},"end":{"line":111,"column":3}},"type":"if","locations":[{"start":{"line":109,"column":2},"end":{"line":111,"column":3}},{"start":{},"end":{}}],"line":109},"29":{"loc":{"start":{"line":112,"column":2},"end":{"line":114,"column":3}},"type":"if","locations":[{"start":{"line":112,"column":2},"end":{"line":114,"column":3}},{"start":{},"end":{}}],"line":112},"30":{"loc":{"start":{"line":112,"column":6},"end":{"line":112,"column":46}},"type":"binary-expr","locations":[{"start":{"line":112,"column":6},"end":{"line":112,"column":24}},{"start":{"line":112,"column":28},"end":{"line":112,"column":46}}],"line":112},"31":{"loc":{"start":{"line":117,"column":2},"end":{"line":127,"column":3}},"type":"if","locations":[{"start":{"line":117,"column":2},"end":{"line":127,"column":3}},{"start":{},"end":{}}],"line":117},"32":{"loc":{"start":{"line":118,"column":4},"end":{"line":120,"column":5}},"type":"if","locations":[{"start":{"line":118,"column":4},"end":{"line":120,"column":5}},{"start":{},"end":{}}],"line":118},"33":{"loc":{"start":{"line":121,"column":4},"end":{"line":123,"column":5}},"type":"if","locations":[{"start":{"line":121,"column":4},"end":{"line":123,"column":5}},{"start":{},"end":{}}],"line":121},"34":{"loc":{"start":{"line":124,"column":4},"end":{"line":126,"column":5}},"type":"if","locations":[{"start":{"line":124,"column":4},"end":{"line":126,"column":5}},{"start":{},"end":{}}],"line":124},"35":{"loc":{"start":{"line":130,"column":2},"end":{"line":132,"column":3}},"type":"if","locations":[{"start":{"line":130,"column":2},"end":{"line":132,"column":3}},{"start":{},"end":{}}],"line":130},"36":{"loc":{"start":{"line":130,"column":6},"end":{"line":130,"column":43}},"type":"binary-expr","locations":[{"start":{"line":130,"column":6},"end":{"line":130,"column":24}},{"start":{"line":130,"column":28},"end":{"line":130,"column":43}}],"line":130},"37":{"loc":{"start":{"line":135,"column":2},"end":{"line":137,"column":3}},"type":"if","locations":[{"start":{"line":135,"column":2},"end":{"line":137,"column":3}},{"start":{},"end":{}}],"line":135},"38":{"loc":{"start":{"line":135,"column":6},"end":{"line":135,"column":46}},"type":"binary-expr","locations":[{"start":{"line":135,"column":6},"end":{"line":135,"column":24}},{"start":{"line":135,"column":28},"end":{"line":135,"column":46}}],"line":135},"39":{"loc":{"start":{"line":140,"column":2},"end":{"line":142,"column":3}},"type":"if","locations":[{"start":{"line":140,"column":2},"end":{"line":142,"column":3}},{"start":{},"end":{}}],"line":140},"40":{"loc":{"start":{"line":140,"column":6},"end":{"line":140,"column":46}},"type":"binary-expr","locations":[{"start":{"line":140,"column":6},"end":{"line":140,"column":24}},{"start":{"line":140,"column":28},"end":{"line":140,"column":46}}],"line":140},"41":{"loc":{"start":{"line":145,"column":22},"end":{"line":145,"column":63}},"type":"cond-expr","locations":[{"start":{"line":145,"column":43},"end":{"line":145,"column":51}},{"start":{"line":145,"column":54},"end":{"line":145,"column":63}}],"line":145},"42":{"loc":{"start":{"line":146,"column":22},"end":{"line":146,"column":63}},"type":"cond-expr","locations":[{"start":{"line":146,"column":43},"end":{"line":146,"column":51}},{"start":{"line":146,"column":54},"end":{"line":146,"column":63}}],"line":146}},"s":{"0":1,"1":97,"2":27,"3":4,"4":23,"5":23,"6":0,"7":23,"8":1,"9":22,"10":1,"11":21,"12":11,"13":2,"14":9,"15":1,"16":8,"17":1,"18":17,"19":10,"20":2,"21":15,"22":70,"23":8,"24":62,"25":62,"26":8,"27":54,"28":2,"29":52,"30":3,"31":49,"32":0,"33":49,"34":25,"35":8,"36":17,"37":1,"38":16,"39":1,"40":39,"41":5,"42":34,"43":2,"44":32,"45":32,"46":2,"47":30,"48":1,"49":29,"50":1,"51":28,"52":0,"53":28,"54":13,"55":2,"56":11,"57":1,"58":10,"59":1,"60":24,"61":2,"62":22,"63":6,"64":16,"65":4,"66":12,"67":12,"68":12,"69":1},"f":{"0":97},"b":{"0":[27,70],"1":[4,23],"2":[0,23],"3":[1,22],"4":[1,21],"5":[11,10],"6":[2,9],"7":[1,8],"8":[1,7],"9":[10,7],"10":[2,8],"11":[8,62],"12":[4,4],"13":[8,54],"14":[2,52],"15":[3,49],"16":[0,49],"17":[49,25],"18":[25,24],"19":[8,17],"20":[1,16],"21":[1,15],"22":[5,34],"23":[39,24],"24":[2,32],"25":[1,1],"26":[2,30],"27":[1,29],"28":[1,28],"29":[0,28],"30":[28,13],"31":[13,15],"32":[2,11],"33":[1,10],"34":[1,9],"35":[2,22],"36":[24,15],"37":[6,16],"38":[22,11],"39":[4,12],"40":[16,11],"41":[5,7],"42":[7,5]},"_coverageSchema":"1a1c01bbd47fc00a2c39e90264f33305004495a9","hash":"4c6dff7cb6b247119f7d5e0e6d17082e46ec4b4e"}
,"/Users/jeffdaniels/.openclaw/workspace/workspace-titlerun/titlerun-api/src/utils/logger.js": {"path":"/Users/jeffdaniels/.openclaw/workspace/workspace-titlerun/titlerun-api/src/utils/logger.js","statementMap":{"0":{"start":{"line":2,"column":13},"end":{"line":2,"column":21}},"1":{"start":{"line":3,"column":15},"end":{"line":9,"column":1}},"2":{"start":{"line":8,"column":15},"end":{"line":8,"column":21}},"3":{"start":{"line":10,"column":0},"end":{"line":10,"column":24}}},"fnMap":{"0":{"name":"(anonymous_0)","decl":{"start":{"line":2,"column":13},"end":{"line":2,"column":14}},"loc":{"start":{"line":2,"column":19},"end":{"line":2,"column":21}},"line":2},"1":{"name":"(anonymous_1)","decl":{"start":{"line":8,"column":9},"end":{"line":8,"column":10}},"loc":{"start":{"line":8,"column":15},"end":{"line":8,"column":21}},"line":8}},"branchMap":{},"s":{"0":7,"1":7,"2":16,"3":7},"f":{"0":37,"1":16},"b":{},"_coverageSchema":"1a1c01bbd47fc00a2c39e90264f33305004495a9","hash":"44e37c955e5f0a001b9cae610c8c420f4297417d"}
}
