TN:
SF:src/constants.js
FNF:0
FNH:0
DA:2,1
DA:3,1
DA:4,1
DA:6,1
LF:4
LH:4
BRF:0
BRH:0
end_of_record
TN:
SF:src/config/scheduleConfig.js
FN:19,(anonymous_0)
FN:31,(anonymous_1)
FNF:2
FNH:2
FNDA:1,(anonymous_0)
FNDA:1,(anonymous_1)
DA:13,1
DA:20,1
DA:21,1
DA:32,1
DA:33,1
DA:40,1
LF:6
LH:6
BRF:0
BRH:0
end_of_record
TN:
SF:src/middleware/auth.js
FN:24,requireAuth
FN:71,extractUserId
FNF:2
FNH:2
FNDA:7,requireAuth
FNDA:4,extractUserId
DA:11,1
DA:26,7
DA:27,7
DA:28,2
DA:29,2
DA:30,1
DA:31,1
DA:36,6
DA:37,6
DA:38,1
DA:39,1
DA:43,5
DA:44,1
DA:45,1
DA:49,4
DA:50,2
DA:51,2
DA:54,2
DA:60,2
DA:74,4
DA:76,4
DA:77,4
DA:78,1
DA:79,1
DA:81,3
DA:83,0
DA:87,1
LF:27
LH:26
BRDA:27,0,0,2
BRDA:27,0,1,5
BRDA:27,1,0,7
BRDA:27,1,1,2
BRDA:29,2,0,1
BRDA:29,2,1,1
BRDA:29,3,0,2
BRDA:29,3,1,1
BRDA:37,4,0,1
BRDA:37,4,1,5
BRDA:37,5,0,6
BRDA:37,5,1,1
BRDA:43,6,0,1
BRDA:43,6,1,4
BRDA:43,7,0,5
BRDA:43,7,1,5
BRDA:49,8,0,2
BRDA:49,8,1,2
BRDA:49,9,0,4
BRDA:49,9,1,3
BRDA:77,10,0,1
BRDA:77,10,1,3
BRDA:79,11,0,1
BRDA:79,11,1,0
BRDA:79,11,2,0
BRF:25
BRH:23
end_of_record
TN:
SF:src/routes/tradeEngine.js
FN:27,verifyLibraryIntegrity
FN:66,(anonymous_1)
FN:86,safeStringify
FN:173,normalizeId
FNF:4
FNH:4
FNDA:1,verifyLibraryIntegrity
FNDA:2151,(anonymous_1)
FNDA:25,safeStringify
FNDA:23455,normalizeId
DA:15,1
DA:18,1
DA:28,1
DA:30,1
DA:31,1
DA:32,1
DA:33,1
DA:35,1
DA:36,0
DA:43,0
DA:44,0
DA:49,0
DA:54,1
DA:57,1
DA:67,2151
DA:68,2151
DA:69,2151
DA:72,2151
DA:73,2151
DA:87,25
DA:88,25
DA:89,24
DA:91,1
DA:175,23455
DA:176,23445
DA:179,23445
DA:180,25
DA:182,25
DA:188,25
DA:200,25
DA:204,23420
DA:205,8
DA:210,8
DA:221,8
DA:226,23422
DA:230,23422
DA:231,21296
DA:233,0
DA:246,0
DA:253,21296
DA:254,0
DA:266,0
DA:275,23422
DA:277,2116
DA:278,2116
DA:281,2116
DA:285,2116
DA:286,2093
DA:287,10
DA:288,2083
DA:289,2079
DA:290,4
DA:291,2
DA:293,2
DA:295,23
DA:296,23
DA:297,8
DA:298,15
DA:299,5
DA:300,10
DA:301,8
DA:302,2
DA:303,2
DA:307,2116
DA:313,2116
DA:327,2116
DA:330,21306
DA:333,1
LF:68
LH:60
BRDA:35,0,0,0
BRDA:35,0,1,1
BRDA:43,1,0,0
BRDA:43,1,1,0
BRDA:66,2,0,2
BRDA:72,3,0,2151
BRDA:72,3,1,0
BRDA:86,4,0,25
BRDA:89,5,0,0
BRDA:89,5,1,24
BRDA:173,6,0,23447
BRDA:175,7,0,23445
BRDA:175,7,1,10
BRDA:175,8,0,23455
BRDA:175,8,1,23448
BRDA:179,9,0,25
BRDA:179,9,1,23420
BRDA:179,10,0,23445
BRDA:179,10,1,23422
BRDA:204,11,0,8
BRDA:204,11,1,23412
BRDA:204,12,0,23420
BRDA:204,12,1,21303
BRDA:230,13,0,21296
BRDA:230,13,1,2126
BRDA:231,14,0,0
BRDA:231,14,1,21296
BRDA:253,15,0,0
BRDA:253,15,1,21296
BRDA:253,16,0,21296
BRDA:253,16,1,21296
BRDA:253,16,2,21296
BRDA:275,17,0,2116
BRDA:275,17,1,21306
BRDA:275,18,0,23422
BRDA:275,18,1,2126
BRDA:275,18,2,2119
BRDA:281,19,0,5
BRDA:281,19,1,2111
BRDA:285,20,0,2093
BRDA:285,20,1,23
BRDA:286,21,0,10
BRDA:286,21,1,2083
BRDA:288,22,0,2079
BRDA:288,22,1,4
BRDA:290,23,0,2
BRDA:290,23,1,2
BRDA:295,24,0,23
BRDA:295,24,1,0
BRDA:296,25,0,8
BRDA:296,25,1,15
BRDA:298,26,0,5
BRDA:298,26,1,10
BRDA:300,27,0,8
BRDA:300,27,1,2
BRDA:302,28,0,2
BRDA:302,28,1,0
BRF:57
BRH:48
end_of_record
TN:
SF:src/services/acceptancePredictionService.js
FN:47,predictAcceptance
FN:82,(anonymous_1)
FN:92,(anonymous_2)
FN:95,(anonymous_3)
FN:104,(anonymous_4)
FN:106,(anonymous_5)
FN:109,(anonymous_6)
FN:110,(anonymous_7)
FN:111,(anonymous_8)
FN:128,(anonymous_9)
FN:130,(anonymous_10)
FN:140,(anonymous_11)
FN:145,(anonymous_12)
FN:152,(anonymous_13)
FN:161,isValueInTheirFavor
FN:162,(anonymous_15)
FN:163,(anonymous_16)
FN:178,generateReasoning
FN:188,buildMyReasoning
FN:191,(anonymous_19)
FN:192,(anonymous_20)
FN:193,(anonymous_21)
FN:196,(anonymous_22)
FN:197,(anonymous_23)
FN:200,(anonymous_24)
FN:205,(anonymous_25)
FN:226,buildTheirReasoning
FN:230,(anonymous_27)
FN:231,(anonymous_28)
FN:234,(anonymous_29)
FN:235,(anonymous_30)
FN:241,(anonymous_31)
FN:270,assessAvailability
FNF:33
FNH:17
FNDA:4,predictAcceptance
FNDA:4,(anonymous_1)
FNDA:4,(anonymous_2)
FNDA:4,(anonymous_3)
FNDA:4,(anonymous_4)
FNDA:4,(anonymous_5)
FNDA:4,(anonymous_6)
FNDA:4,(anonymous_7)
FNDA:4,(anonymous_8)
FNDA:4,(anonymous_9)
FNDA:4,(anonymous_10)
FNDA:4,(anonymous_11)
FNDA:4,(anonymous_12)
FNDA:4,(anonymous_13)
FNDA:4,isValueInTheirFavor
FNDA:4,(anonymous_15)
FNDA:4,(anonymous_16)
FNDA:0,generateReasoning
FNDA:0,buildMyReasoning
FNDA:0,(anonymous_19)
FNDA:0,(anonymous_20)
FNDA:0,(anonymous_21)
FNDA:0,(anonymous_22)
FNDA:0,(anonymous_23)
FNDA:0,(anonymous_24)
FNDA:0,(anonymous_25)
FNDA:0,buildTheirReasoning
FNDA:0,(anonymous_27)
FNDA:0,(anonymous_28)
FNDA:0,(anonymous_29)
FNDA:0,(anonymous_30)
FNDA:0,(anonymous_31)
FNDA:0,assessAvailability
DA:25,1
DA:48,4
DA:51,4
DA:52,4
DA:53,4
DA:54,2
DA:55,2
DA:56,2
DA:57,1
DA:61,4
DA:62,4
DA:63,4
DA:65,3
DA:66,3
DA:67,3
DA:68,1
DA:69,1
DA:70,1
DA:71,1
DA:74,1
DA:75,1
DA:76,1
DA:77,1
DA:82,4
DA:83,4
DA:84,4
DA:85,4
DA:87,4
DA:88,4
DA:91,4
DA:92,4
DA:93,4
DA:95,4
DA:96,4
DA:98,4
DA:99,4
DA:100,2
DA:103,4
DA:104,4
DA:105,4
DA:106,4
DA:108,4
DA:109,4
DA:110,4
DA:111,4
DA:112,4
DA:113,4
DA:114,4
DA:117,4
DA:118,4
DA:119,0
DA:120,0
DA:123,4
DA:124,4
DA:127,4
DA:128,4
DA:130,4
DA:131,4
DA:133,4
DA:136,4
DA:139,4
DA:140,4
DA:141,4
DA:142,4
DA:145,4
DA:146,4
DA:147,4
DA:149,4
DA:152,4
DA:153,4
DA:155,4
DA:162,4
DA:163,4
DA:164,4
DA:179,0
DA:180,0
DA:182,0
DA:183,0
DA:185,0
DA:189,0
DA:191,0
DA:192,0
DA:193,0
DA:196,0
DA:197,0
DA:199,0
DA:200,0
DA:201,0
DA:205,0
DA:206,0
DA:207,0
DA:211,0
DA:212,0
DA:213,0
DA:214,0
DA:215,0
DA:219,0
DA:220,0
DA:223,0
DA:227,0
DA:230,0
DA:231,0
DA:233,0
DA:234,0
DA:235,0
DA:237,0
DA:238,0
DA:241,0
DA:242,0
DA:243,0
DA:247,0
DA:248,0
DA:252,0
DA:253,0
DA:254,0
DA:257,0
DA:258,0
DA:261,0
DA:271,0
DA:273,0
DA:274,0
DA:275,0
DA:276,0
DA:277,0
DA:280,0
DA:283,1
LF:126
LH:73
BRDA:51,0,0,4
BRDA:51,0,1,2
BRDA:53,1,0,2
BRDA:53,1,1,2
BRDA:54,2,0,0
BRDA:54,2,1,2
BRDA:55,3,0,0
BRDA:55,3,1,2
BRDA:55,4,0,0
BRDA:55,4,1,0
BRDA:56,5,0,1
BRDA:56,5,1,1
BRDA:56,6,0,1
BRDA:56,6,1,0
BRDA:62,7,0,4
BRDA:62,7,1,4
BRDA:63,8,0,3
BRDA:63,8,1,1
BRDA:65,9,0,0
BRDA:65,9,1,3
BRDA:66,10,0,0
BRDA:66,10,1,3
BRDA:67,11,0,2
BRDA:67,11,1,1
BRDA:68,12,0,0
BRDA:68,12,1,1
BRDA:69,13,0,0
BRDA:69,13,1,1
BRDA:70,14,0,0
BRDA:70,14,1,1
BRDA:74,15,0,0
BRDA:74,15,1,1
BRDA:75,16,0,0
BRDA:75,16,1,1
BRDA:76,17,0,0
BRDA:76,17,1,1
BRDA:83,18,0,0
BRDA:83,18,1,4
BRDA:84,19,0,4
BRDA:84,19,1,0
BRDA:84,20,0,4
BRDA:84,20,1,0
BRDA:87,21,0,0
BRDA:87,21,1,4
BRDA:88,22,0,0
BRDA:88,22,1,4
BRDA:91,23,0,4
BRDA:91,23,1,0
BRDA:93,24,0,4
BRDA:93,24,1,4
BRDA:96,25,0,4
BRDA:96,25,1,4
BRDA:98,26,0,0
BRDA:98,26,1,4
BRDA:99,27,0,2
BRDA:99,27,1,2
BRDA:103,28,0,4
BRDA:103,28,1,0
BRDA:104,29,0,4
BRDA:104,29,1,0
BRDA:105,30,0,3
BRDA:105,30,1,1
BRDA:106,31,0,4
BRDA:106,31,1,0
BRDA:108,32,0,0
BRDA:108,32,1,4
BRDA:108,33,0,0
BRDA:108,33,1,4
BRDA:109,34,0,4
BRDA:109,34,1,4
BRDA:109,35,0,4
BRDA:109,35,1,0
BRDA:110,36,0,4
BRDA:110,36,1,4
BRDA:110,37,0,4
BRDA:110,37,1,0
BRDA:112,38,0,0
BRDA:112,38,1,4
BRDA:112,39,0,4
BRDA:112,39,1,0
BRDA:112,39,2,0
BRDA:113,40,0,0
BRDA:113,40,1,4
BRDA:113,41,0,4
BRDA:113,41,1,0
BRDA:114,42,0,0
BRDA:114,42,1,4
BRDA:114,43,0,4
BRDA:114,43,1,0
BRDA:114,43,2,0
BRDA:118,44,0,4
BRDA:118,44,1,0
BRDA:119,45,0,0
BRDA:119,45,1,0
BRDA:123,46,0,0
BRDA:123,46,1,4
BRDA:123,47,0,4
BRDA:123,47,1,4
BRDA:124,48,0,0
BRDA:124,48,1,4
BRDA:124,49,0,4
BRDA:124,49,1,4
BRDA:127,50,0,3
BRDA:127,50,1,1
BRDA:128,51,0,4
BRDA:128,51,1,0
BRDA:131,52,0,4
BRDA:131,52,1,4
BRDA:131,53,0,4
BRDA:131,53,1,0
BRDA:133,54,0,4
BRDA:133,54,1,0
BRDA:141,55,0,4
BRDA:141,55,1,0
BRDA:141,56,0,4
BRDA:141,56,1,0
BRDA:146,57,0,0
BRDA:146,57,1,4
BRDA:149,58,0,0
BRDA:149,58,1,4
BRDA:153,59,0,0
BRDA:153,59,1,4
BRDA:162,60,0,4
BRDA:162,60,1,0
BRDA:163,61,0,4
BRDA:163,61,1,0
BRDA:179,62,0,0
BRDA:179,62,1,0
BRDA:180,63,0,0
BRDA:180,63,1,0
BRDA:199,64,0,0
BRDA:199,64,1,0
BRDA:200,65,0,0
BRDA:200,65,1,0
BRDA:200,66,0,0
BRDA:200,66,1,0
BRDA:201,67,0,0
BRDA:201,67,1,0
BRDA:206,68,0,0
BRDA:206,68,1,0
BRDA:211,69,0,0
BRDA:211,69,1,0
BRDA:212,70,0,0
BRDA:212,70,1,0
BRDA:214,71,0,0
BRDA:214,71,1,0
BRDA:219,72,0,0
BRDA:219,72,1,0
BRDA:220,73,0,0
BRDA:220,73,1,0
BRDA:223,74,0,0
BRDA:223,74,1,0
BRDA:233,75,0,0
BRDA:233,75,1,0
BRDA:237,76,0,0
BRDA:237,76,1,0
BRDA:238,77,0,0
BRDA:238,77,1,0
BRDA:241,78,0,0
BRDA:241,78,1,0
BRDA:241,79,0,0
BRDA:241,79,1,0
BRDA:242,80,0,0
BRDA:242,80,1,0
BRDA:243,81,0,0
BRDA:243,81,1,0
BRDA:247,82,0,0
BRDA:247,82,1,0
BRDA:248,83,0,0
BRDA:248,83,1,0
BRDA:252,84,0,0
BRDA:252,84,1,0
BRDA:253,85,0,0
BRDA:253,85,1,0
BRDA:257,86,0,0
BRDA:257,86,1,0
BRDA:274,87,0,0
BRDA:274,87,1,0
BRDA:275,88,0,0
BRDA:275,88,1,0
BRDA:275,89,0,0
BRDA:275,89,1,0
BRDA:276,90,0,0
BRDA:276,90,1,0
BRDA:276,91,0,0
BRDA:276,91,1,0
BRDA:277,92,0,0
BRDA:277,92,1,0
BRF:188
BRH:76
end_of_record
TN:
SF:src/services/championshipEquityCalculator.js
FN:32,simulateSeason
FN:38,(anonymous_1)
FN:44,(anonymous_2)
FN:75,playoffProbability
FN:77,(anonymous_4)
FN:85,(anonymous_5)
FN:86,(anonymous_6)
FN:94,champProbabilityGivenPlayoff
FN:114,calculateEquityChange
FN:119,(anonymous_9)
FN:124,(anonymous_10)
FN:130,calculateSeed
FN:131,(anonymous_12)
FN:157,(anonymous_13)
FN:157,(anonymous_14)
FN:159,(anonymous_15)
FN:160,(anonymous_16)
FN:160,(anonymous_17)
FNF:18
FNH:3
FNDA:603,simulateSeason
FNDA:92792,(anonymous_1)
FNDA:92792,(anonymous_2)
FNDA:0,playoffProbability
FNDA:0,(anonymous_4)
FNDA:0,(anonymous_5)
FNDA:0,(anonymous_6)
FNDA:0,champProbabilityGivenPlayoff
FNDA:0,calculateEquityChange
FNDA:0,(anonymous_9)
FNDA:0,(anonymous_10)
FNDA:0,calculateSeed
FNDA:0,(anonymous_12)
FNDA:0,(anonymous_13)
FNDA:0,(anonymous_14)
FNDA:0,(anonymous_15)
FNDA:0,(anonymous_16)
FNDA:0,(anonymous_17)
DA:15,1
DA:16,1
DA:20,1
DA:21,1
DA:22,1
DA:23,1
DA:24,1
DA:33,603
DA:34,603
DA:36,603
DA:38,8442
DA:39,92792
DA:40,92792
DA:44,92792
DA:46,8442
DA:47,84350
DA:48,84350
DA:52,8442
DA:53,46396
DA:54,46396
DA:55,46396
DA:56,23191
DA:58,23205
DA:62,8442
DA:63,0
DA:64,0
DA:68,603
DA:77,0
DA:78,0
DA:81,0
DA:82,0
DA:85,0
DA:86,0
DA:87,0
DA:96,0
DA:97,0
DA:98,0
DA:115,0
DA:117,0
DA:119,0
DA:120,0
DA:121,0
DA:124,0
DA:125,0
DA:126,0
DA:131,0
DA:135,0
DA:136,0
DA:137,0
DA:139,0
DA:140,0
DA:141,0
DA:143,0
DA:144,0
DA:145,0
DA:146,0
DA:147,0
DA:148,0
DA:149,0
DA:150,0
DA:153,0
DA:157,0
DA:158,0
DA:159,0
DA:160,0
DA:165,0
DA:166,0
DA:167,0
DA:169,0
DA:170,0
DA:171,0
DA:173,0
DA:174,0
DA:175,0
DA:177,0
DA:178,0
DA:179,0
DA:180,0
DA:181,0
DA:182,0
DA:183,0
DA:184,0
DA:187,0
DA:190,0
DA:191,0
DA:192,0
DA:195,0
DA:196,0
DA:206,0
DA:207,0
DA:210,0
DA:211,0
DA:212,0
DA:213,0
DA:214,0
DA:216,0
DA:218,0
DA:229,0
DA:230,0
DA:240,1
LF:100
LH:26
BRDA:55,0,0,23191
BRDA:55,0,1,23205
BRDA:62,1,0,0
BRDA:62,1,1,8442
BRDA:64,2,0,0
BRDA:64,2,1,0
BRDA:81,3,0,0
BRDA:81,3,1,0
BRDA:82,4,0,0
BRDA:82,4,1,0
BRDA:120,5,0,0
BRDA:120,5,1,0
BRDA:121,6,0,0
BRDA:121,6,1,0
BRDA:125,7,0,0
BRDA:125,7,1,0
BRDA:139,8,0,0
BRDA:139,8,1,0
BRDA:139,9,0,0
BRDA:139,9,1,0
BRDA:139,9,2,0
BRDA:146,10,0,0
BRDA:146,10,1,0
BRDA:149,11,0,0
BRDA:149,11,1,0
BRDA:157,12,0,0
BRDA:157,12,1,0
BRDA:158,13,0,0
BRDA:158,13,1,0
BRDA:162,14,0,0
BRDA:162,14,1,0
BRDA:162,15,0,0
BRDA:162,15,1,0
BRDA:167,16,0,0
BRDA:167,16,1,0
BRDA:173,17,0,0
BRDA:173,17,1,0
BRDA:173,18,0,0
BRDA:173,18,1,0
BRDA:173,18,2,0
BRDA:180,19,0,0
BRDA:180,19,1,0
BRDA:183,20,0,0
BRDA:183,20,1,0
BRDA:195,21,0,0
BRDA:195,21,1,0
BRDA:202,22,0,0
BRDA:202,22,1,0
BRDA:222,23,0,0
BRDA:222,23,1,0
BRDA:225,24,0,0
BRDA:225,24,1,0
BRF:52
BRH:3
end_of_record
TN:
SF:src/services/hiddenGemDetector.js
FN:30,detectSellHigh
FN:79,(anonymous_1)
FN:89,detectBuyLow
FN:117,(anonymous_3)
FN:118,(anonymous_4)
FN:119,(anonymous_5)
FN:151,(anonymous_6)
FN:161,scanForGems
FN:174,(anonymous_8)
FNF:9
FNH:4
FNDA:4,detectSellHigh
FNDA:0,(anonymous_1)
FNDA:3,detectBuyLow
FNDA:0,(anonymous_3)
FNDA:0,(anonymous_4)
FNDA:0,(anonymous_5)
FNDA:0,(anonymous_6)
FNDA:1,scanForGems
FNDA:1,(anonymous_8)
DA:12,1
DA:16,1
DA:31,4
DA:33,4
DA:34,4
DA:35,4
DA:37,4
DA:38,4
DA:40,4
DA:41,4
DA:42,4
DA:45,4
DA:46,1
DA:47,1
DA:48,3
DA:49,1
DA:50,1
DA:54,4
DA:55,2
DA:56,2
DA:60,4
DA:61,2
DA:62,2
DA:65,4
DA:66,2
DA:79,4
DA:90,3
DA:92,3
DA:93,2
DA:94,2
DA:95,2
DA:97,2
DA:98,2
DA:100,2
DA:101,2
DA:104,2
DA:105,2
DA:106,2
DA:110,2
DA:111,0
DA:112,0
DA:116,2
DA:117,0
DA:118,0
DA:119,0
DA:121,0
DA:122,0
DA:123,0
DA:128,2
DA:129,0
DA:130,0
DA:133,2
DA:134,2
DA:151,3
DA:162,1
DA:163,1
DA:165,1
DA:170,1
DA:174,1
DA:179,1
LF:60
LH:50
BRDA:34,0,0,0
BRDA:34,0,1,4
BRDA:34,1,0,4
BRDA:34,1,1,0
BRDA:35,2,0,0
BRDA:35,2,1,4
BRDA:35,3,0,4
BRDA:35,3,1,0
BRDA:38,4,0,0
BRDA:38,4,1,4
BRDA:40,5,0,4
BRDA:40,5,1,0
BRDA:45,6,0,1
BRDA:45,6,1,3
BRDA:48,7,0,1
BRDA:48,7,1,2
BRDA:54,8,0,2
BRDA:54,8,1,2
BRDA:54,9,0,4
BRDA:54,9,1,2
BRDA:54,10,0,2
BRDA:54,10,1,0
BRDA:60,11,0,2
BRDA:60,11,1,2
BRDA:60,12,0,4
BRDA:60,12,1,2
BRDA:60,12,2,2
BRDA:60,13,0,2
BRDA:60,13,1,0
BRDA:65,14,0,2
BRDA:65,14,1,2
BRDA:93,15,0,2
BRDA:93,15,1,0
BRDA:94,16,0,2
BRDA:94,16,1,0
BRDA:95,17,0,2
BRDA:95,17,1,1
BRDA:98,18,0,0
BRDA:98,18,1,2
BRDA:98,19,0,2
BRDA:98,19,1,0
BRDA:104,20,0,2
BRDA:104,20,1,0
BRDA:104,21,0,2
BRDA:104,21,1,0
BRDA:110,22,0,0
BRDA:110,22,1,2
BRDA:110,23,0,2
BRDA:110,23,1,1
BRDA:110,23,2,0
BRDA:110,24,0,1
BRDA:110,24,1,0
BRDA:110,25,0,0
BRDA:110,25,1,0
BRDA:116,26,0,0
BRDA:116,26,1,2
BRDA:116,27,0,2
BRDA:116,27,1,0
BRDA:116,27,2,0
BRDA:116,28,0,2
BRDA:116,28,1,0
BRDA:116,29,0,0
BRDA:116,29,1,0
BRDA:116,30,0,0
BRDA:116,30,1,0
BRDA:118,31,0,0
BRDA:118,31,1,0
BRDA:118,32,0,0
BRDA:118,32,1,0
BRDA:121,33,0,0
BRDA:121,33,1,0
BRDA:128,34,0,0
BRDA:128,34,1,2
BRDA:128,35,0,2
BRDA:128,35,1,0
BRDA:128,35,2,0
BRDA:128,36,0,2
BRDA:128,36,1,0
BRDA:128,37,0,0
BRDA:128,37,1,0
BRDA:133,38,0,2
BRDA:133,38,1,0
BRDA:141,39,0,2
BRDA:141,39,1,2
BRDA:162,40,0,1
BRDA:162,40,1,0
BRDA:174,41,0,1
BRDA:174,41,1,0
BRDA:174,41,2,0
BRDA:174,42,0,1
BRDA:174,42,1,1
BRDA:174,42,2,0
BRF:92
BRH:48
end_of_record
TN:
SF:src/services/tradeFinderService.js
FN:28,(anonymous_0)
FN:34,(anonymous_1)
FN:55,(anonymous_2)
FN:68,(anonymous_3)
FN:77,(anonymous_4)
FN:93,sanitizeName
FN:127,detectStrategy
FN:128,(anonymous_7)
FN:134,(anonymous_8)
FN:136,(anonymous_9)
FN:137,(anonymous_10)
FN:140,(anonymous_11)
FN:164,identifyNeedScores
FN:217,identifyNeeds
FN:220,(anonymous_14)
FN:221,(anonymous_15)
FN:224,identifyTradeable
FN:226,(anonymous_17)
FN:230,(anonymous_18)
FN:237,(anonymous_19)
FN:257,calculatePositionGrades
FN:268,(anonymous_21)
FN:277,(anonymous_22)
FN:297,generateCandidates
FN:330,(anonymous_24)
FN:331,(anonymous_25)
FN:356,(anonymous_26)
FN:363,(anonymous_27)
FN:364,(anonymous_28)
FN:392,(anonymous_29)
FN:399,(anonymous_30)
FN:400,(anonymous_31)
FN:467,(anonymous_32)
FN:472,(anonymous_33)
FN:515,(anonymous_34)
FN:516,(anonymous_35)
FN:520,(anonymous_36)
FN:521,(anonymous_37)
FN:561,quickScore
FN:562,(anonymous_39)
FN:563,(anonymous_40)
FN:566,(anonymous_41)
FN:566,(anonymous_42)
FN:567,(anonymous_43)
FN:567,(anonymous_44)
FN:574,(anonymous_45)
FN:574,(anonymous_46)
FN:575,(anonymous_47)
FN:575,(anonymous_48)
FN:578,(anonymous_49)
FN:582,(anonymous_50)
FN:600,calculateStrategyScore
FN:603,(anonymous_52)
FN:604,(anonymous_53)
FN:605,(anonymous_54)
FN:608,(anonymous_55)
FN:630,quickAcceptance
FN:646,(anonymous_57)
FN:647,(anonymous_58)
FN:660,calculateDynastyOutlook
FN:668,ageScore
FN:679,weightedAgeScore
FN:680,(anonymous_62)
FN:681,(anonymous_63)
FN:685,(anonymous_64)
FN:699,(anonymous_65)
FN:700,(anonymous_66)
FN:719,calculateFairnessScore
FN:734,getTradeGradeLabel
FN:742,getAcceptanceLabel
FN:751,generateScoreExplanation
FN:782,describePositionalUpgrade
FN:800,(anonymous_72)
FN:801,(anonymous_73)
FN:803,(anonymous_74)
FN:804,(anonymous_75)
FN:819,(anonymous_76)
FN:828,generateTradeNarrative
FN:842,(anonymous_78)
FN:864,(anonymous_79)
FN:910,(anonymous_80)
FN:910,(anonymous_81)
FN:911,(anonymous_82)
FN:911,(anonymous_83)
FN:924,identifyKeyRisk
FN:926,(anonymous_85)
FN:929,(anonymous_86)
FN:934,(anonymous_87)
FN:936,(anonymous_88)
FN:942,(anonymous_89)
FN:948,(anonymous_90)
FN:958,generateCoachingTip
FN:993,applyScoreFloors
FN:1013,(anonymous_93)
FN:1023,deepAnalyze
FN:1028,(anonymous_95)
FN:1029,(anonymous_96)
FN:1032,(anonymous_97)
FN:1112,(anonymous_98)
FN:1114,(anonymous_99)
FN:1130,(anonymous_100)
FN:1130,(anonymous_101)
FN:1132,(anonymous_102)
FN:1133,(anonymous_103)
FN:1133,(anonymous_104)
FN:1229,(anonymous_105)
FN:1232,(anonymous_106)
FN:1255,buildPrimaryBenefit
FN:1257,(anonymous_108)
FN:1258,(anonymous_109)
FN:1259,(anonymous_110)
FN:1262,(anonymous_111)
FN:1271,toAsset
FN:1285,toPickAsset
FN:1296,deduplicateKey
FN:1297,(anonymous_115)
FN:1298,(anonymous_116)
FN:1302,generateCacheKey
FN:1304,(anonymous_118)
FN:1317,smartDiversify
FN:1323,(anonymous_120)
FN:1347,buildTradeTargets
FN:1351,(anonymous_122)
FN:1382,(anonymous_123)
FN:1389,(anonymous_124)
FN:1395,findTrades
FN:1440,(anonymous_126)
FN:1446,(anonymous_127)
FN:1452,(anonymous_128)
FN:1453,(anonymous_129)
FN:1469,(anonymous_130)
FN:1480,(anonymous_131)
FN:1485,(anonymous_132)
FN:1503,(anonymous_133)
FN:1504,(anonymous_134)
FN:1514,(anonymous_135)
FN:1528,(anonymous_136)
FN:1536,(anonymous_137)
FN:1540,(anonymous_138)
FN:1550,(anonymous_139)
FN:1555,(anonymous_140)
FN:1558,(anonymous_141)
FN:1563,(anonymous_142)
FN:1564,(anonymous_143)
FN:1569,(anonymous_144)
FN:1588,(anonymous_145)
FN:1597,(anonymous_146)
FN:1600,(anonymous_147)
FN:1609,(anonymous_148)
FN:1623,(anonymous_149)
FN:1643,(anonymous_150)
FNF:151
FNH:36
FNDA:1,(anonymous_0)
FNDA:0,(anonymous_1)
FNDA:0,(anonymous_2)
FNDA:0,(anonymous_3)
FNDA:0,(anonymous_4)
FNDA:0,sanitizeName
FNDA:4,detectStrategy
FNDA:12,(anonymous_7)
FNDA:12,(anonymous_8)
FNDA:12,(anonymous_9)
FNDA:0,(anonymous_10)
FNDA:12,(anonymous_11)
FNDA:21,identifyNeedScores
FNDA:8,identifyNeeds
FNDA:32,(anonymous_14)
FNDA:0,(anonymous_15)
FNDA:0,identifyTradeable
FNDA:0,(anonymous_17)
FNDA:0,(anonymous_18)
FNDA:0,(anonymous_19)
FNDA:0,calculatePositionGrades
FNDA:0,(anonymous_21)
FNDA:0,(anonymous_22)
FNDA:0,generateCandidates
FNDA:0,(anonymous_24)
FNDA:0,(anonymous_25)
FNDA:0,(anonymous_26)
FNDA:0,(anonymous_27)
FNDA:0,(anonymous_28)
FNDA:0,(anonymous_29)
FNDA:0,(anonymous_30)
FNDA:0,(anonymous_31)
FNDA:0,(anonymous_32)
FNDA:0,(anonymous_33)
FNDA:0,(anonymous_34)
FNDA:0,(anonymous_35)
FNDA:0,(anonymous_36)
FNDA:0,(anonymous_37)
FNDA:0,quickScore
FNDA:0,(anonymous_39)
FNDA:0,(anonymous_40)
FNDA:0,(anonymous_41)
FNDA:0,(anonymous_42)
FNDA:0,(anonymous_43)
FNDA:0,(anonymous_44)
FNDA:0,(anonymous_45)
FNDA:0,(anonymous_46)
FNDA:0,(anonymous_47)
FNDA:0,(anonymous_48)
FNDA:0,(anonymous_49)
FNDA:0,(anonymous_50)
FNDA:0,calculateStrategyScore
FNDA:0,(anonymous_52)
FNDA:0,(anonymous_53)
FNDA:0,(anonymous_54)
FNDA:0,(anonymous_55)
FNDA:0,quickAcceptance
FNDA:0,(anonymous_57)
FNDA:0,(anonymous_58)
FNDA:1,calculateDynastyOutlook
FNDA:2,ageScore
FNDA:2,weightedAgeScore
FNDA:2,(anonymous_62)
FNDA:2,(anonymous_63)
FNDA:2,(anonymous_64)
FNDA:1,(anonymous_65)
FNDA:1,(anonymous_66)
FNDA:2,calculateFairnessScore
FNDA:6,getTradeGradeLabel
FNDA:1,getAcceptanceLabel
FNDA:0,generateScoreExplanation
FNDA:0,describePositionalUpgrade
FNDA:0,(anonymous_72)
FNDA:0,(anonymous_73)
FNDA:0,(anonymous_74)
FNDA:0,(anonymous_75)
FNDA:0,(anonymous_76)
FNDA:4,generateTradeNarrative
FNDA:0,(anonymous_78)
FNDA:0,(anonymous_79)
FNDA:4,(anonymous_80)
FNDA:0,(anonymous_81)
FNDA:4,(anonymous_82)
FNDA:0,(anonymous_83)
FNDA:4,identifyKeyRisk
FNDA:4,(anonymous_85)
FNDA:0,(anonymous_86)
FNDA:0,(anonymous_87)
FNDA:0,(anonymous_88)
FNDA:4,(anonymous_89)
FNDA:3,(anonymous_90)
FNDA:2,generateCoachingTip
FNDA:5,applyScoreFloors
FNDA:8,(anonymous_93)
FNDA:0,deepAnalyze
FNDA:0,(anonymous_95)
FNDA:0,(anonymous_96)
FNDA:0,(anonymous_97)
FNDA:0,(anonymous_98)
FNDA:0,(anonymous_99)
FNDA:0,(anonymous_100)
FNDA:0,(anonymous_101)
FNDA:0,(anonymous_102)
FNDA:0,(anonymous_103)
FNDA:0,(anonymous_104)
FNDA:0,(anonymous_105)
FNDA:0,(anonymous_106)
FNDA:0,buildPrimaryBenefit
FNDA:0,(anonymous_108)
FNDA:0,(anonymous_109)
FNDA:0,(anonymous_110)
FNDA:0,(anonymous_111)
FNDA:0,toAsset
FNDA:0,toPickAsset
FNDA:0,deduplicateKey
FNDA:0,(anonymous_115)
FNDA:0,(anonymous_116)
FNDA:0,generateCacheKey
FNDA:0,(anonymous_118)
FNDA:4,smartDiversify
FNDA:21,(anonymous_120)
FNDA:2,buildTradeTargets
FNDA:3,(anonymous_122)
FNDA:1,(anonymous_123)
FNDA:0,(anonymous_124)
FNDA:3,findTrades
FNDA:0,(anonymous_126)
FNDA:0,(anonymous_127)
FNDA:0,(anonymous_128)
FNDA:0,(anonymous_129)
FNDA:0,(anonymous_130)
FNDA:0,(anonymous_131)
FNDA:0,(anonymous_132)
FNDA:0,(anonymous_133)
FNDA:0,(anonymous_134)
FNDA:0,(anonymous_135)
FNDA:0,(anonymous_136)
FNDA:0,(anonymous_137)
FNDA:0,(anonymous_138)
FNDA:0,(anonymous_139)
FNDA:0,(anonymous_140)
FNDA:0,(anonymous_141)
FNDA:0,(anonymous_142)
FNDA:0,(anonymous_143)
FNDA:0,(anonymous_144)
FNDA:0,(anonymous_145)
FNDA:0,(anonymous_146)
FNDA:0,(anonymous_147)
FNDA:0,(anonymous_148)
FNDA:0,(anonymous_149)
FNDA:0,(anonymous_150)
DA:14,1
DA:15,1
DA:16,1
DA:17,1
DA:18,1
DA:19,1
DA:20,1
DA:21,1
DA:22,1
DA:23,1
DA:29,1
DA:30,1
DA:31,1
DA:35,0
DA:36,0
DA:37,0
DA:38,0
DA:39,0
DA:41,0
DA:42,0
DA:43,0
DA:44,0
DA:45,0
DA:48,0
DA:49,0
DA:50,0
DA:51,0
DA:52,0
DA:56,0
DA:57,0
DA:58,0
DA:69,0
DA:70,0
DA:71,0
DA:72,0
DA:74,0
DA:78,0
DA:82,1
DA:94,0
DA:95,0
DA:100,1
DA:128,4
DA:129,12
DA:131,4
DA:134,12
DA:135,3
DA:136,12
DA:137,0
DA:140,12
DA:141,3
DA:144,3
DA:145,3
DA:148,3
DA:149,2
DA:150,2
DA:151,2
DA:152,2
DA:153,0
DA:154,0
DA:155,0
DA:165,21
DA:166,21
DA:168,21
DA:175,21
DA:177,21
DA:178,84
DA:180,84
DA:181,5
DA:182,5
DA:185,79
DA:188,79
DA:189,79
DA:192,79
DA:193,79
DA:196,79
DA:197,79
DA:200,79
DA:201,79
DA:204,79
DA:207,79
DA:210,21
DA:218,8
DA:219,8
DA:220,32
DA:221,0
DA:225,0
DA:226,0
DA:228,0
DA:229,0
DA:230,0
DA:231,0
DA:232,0
DA:233,0
DA:237,0
DA:238,0
DA:241,0
DA:242,0
DA:245,0
DA:246,0
DA:249,0
DA:250,0
DA:251,0
DA:258,0
DA:259,0
DA:261,0
DA:263,0
DA:267,0
DA:268,0
DA:270,0
DA:271,0
DA:272,0
DA:273,0
DA:277,0
DA:278,0
DA:280,0
DA:281,0
DA:282,0
DA:283,0
DA:284,0
DA:285,0
DA:286,0
DA:287,0
DA:288,0
DA:289,0
DA:292,0
DA:298,0
DA:299,0
DA:300,0
DA:301,0
DA:304,0
DA:305,0
DA:306,0
DA:307,0
DA:308,0
DA:309,0
DA:311,0
DA:312,0
DA:314,0
DA:315,0
DA:316,0
DA:318,0
DA:328,0
DA:329,0
DA:330,0
DA:331,0
DA:333,0
DA:334,0
DA:335,0
DA:336,0
DA:337,0
DA:338,0
DA:340,0
DA:341,0
DA:342,0
DA:344,0
DA:355,0
DA:356,0
DA:359,0
DA:360,0
DA:362,0
DA:363,0
DA:364,0
DA:367,0
DA:368,0
DA:369,0
DA:370,0
DA:371,0
DA:373,0
DA:374,0
DA:376,0
DA:377,0
DA:378,0
DA:380,0
DA:391,0
DA:392,0
DA:395,0
DA:396,0
DA:398,0
DA:399,0
DA:400,0
DA:403,0
DA:404,0
DA:405,0
DA:406,0
DA:407,0
DA:409,0
DA:410,0
DA:412,0
DA:413,0
DA:414,0
DA:416,0
DA:427,0
DA:428,0
DA:429,0
DA:430,0
DA:432,0
DA:433,0
DA:434,0
DA:436,0
DA:437,0
DA:439,0
DA:440,0
DA:441,0
DA:443,0
DA:456,0
DA:457,0
DA:458,0
DA:459,0
DA:462,0
DA:463,0
DA:464,0
DA:467,0
DA:468,0
DA:471,0
DA:472,0
DA:473,0
DA:474,0
DA:475,0
DA:477,0
DA:478,0
DA:479,0
DA:480,0
DA:481,0
DA:489,0
DA:491,0
DA:492,0
DA:493,0
DA:494,0
DA:507,0
DA:508,0
DA:509,0
DA:510,0
DA:511,0
DA:512,0
DA:514,0
DA:515,0
DA:516,0
DA:519,0
DA:520,0
DA:521,0
DA:524,0
DA:525,0
DA:526,0
DA:527,0
DA:528,0
DA:530,0
DA:531,0
DA:532,0
DA:533,0
DA:534,0
DA:536,0
DA:540,0
DA:541,0
DA:543,0
DA:556,0
DA:562,0
DA:563,0
DA:564,0
DA:565,0
DA:566,0
DA:567,0
DA:570,0
DA:571,0
DA:574,0
DA:575,0
DA:578,0
DA:579,0
DA:580,0
DA:582,0
DA:583,0
DA:584,0
DA:586,0
DA:589,0
DA:592,0
DA:595,0
DA:597,0
DA:601,0
DA:603,0
DA:604,0
DA:605,0
DA:607,0
DA:608,0
DA:611,0
DA:612,0
DA:613,0
DA:614,0
DA:615,0
DA:616,0
DA:619,0
DA:620,0
DA:621,0
DA:622,0
DA:623,0
DA:624,0
DA:627,0
DA:631,0
DA:634,0
DA:635,0
DA:636,0
DA:642,0
DA:643,0
DA:646,0
DA:647,0
DA:648,0
DA:650,0
DA:661,1
DA:669,2
DA:670,2
DA:672,2
DA:673,1
DA:674,0
DA:675,0
DA:676,0
DA:680,2
DA:681,2
DA:683,2
DA:685,2
DA:686,2
DA:689,2
DA:692,1
DA:693,1
DA:696,1
DA:699,1
DA:700,1
DA:703,1
DA:705,1
DA:720,2
DA:722,2
DA:723,1
DA:724,1
DA:725,1
DA:726,1
DA:727,1
DA:728,1
DA:729,1
DA:735,6
DA:736,4
DA:737,3
DA:738,2
DA:739,2
DA:743,1
DA:744,0
DA:745,0
DA:746,0
DA:752,0
DA:754,0
DA:755,0
DA:756,0
DA:758,0
DA:759,0
DA:760,0
DA:762,0
DA:763,0
DA:764,0
DA:766,0
DA:767,0
DA:769,0
DA:770,0
DA:773,0
DA:783,0
DA:784,0
DA:786,0
DA:787,0
DA:788,0
DA:791,0
DA:792,0
DA:793,0
DA:794,0
DA:795,0
DA:796,0
DA:799,0
DA:800,0
DA:801,0
DA:803,0
DA:804,0
DA:806,0
DA:819,0
DA:829,4
DA:830,4
DA:832,4
DA:833,4
DA:834,4
DA:835,4
DA:836,4
DA:839,4
DA:840,4
DA:841,4
DA:842,0
DA:845,4
DA:846,0
DA:847,4
DA:848,0
DA:852,4
DA:853,4
DA:855,0
DA:856,0
DA:861,4
DA:862,4
DA:863,4
DA:864,0
DA:867,4
DA:868,4
DA:869,4
DA:870,4
DA:871,4
DA:873,0
DA:878,4
DA:879,0
DA:880,4
DA:881,0
DA:887,4
DA:888,4
DA:889,0
DA:891,4
DA:892,0
DA:896,4
DA:897,4
DA:898,0
DA:902,4
DA:903,4
DA:907,4
DA:910,4
DA:911,4
DA:912,4
DA:917,4
DA:921,4
DA:926,4
DA:927,4
DA:928,4
DA:929,0
DA:933,4
DA:934,0
DA:935,0
DA:936,0
DA:938,0
DA:942,4
DA:943,4
DA:944,1
DA:948,3
DA:949,3
DA:950,0
DA:953,3
DA:959,2
DA:960,1
DA:963,1
DA:964,1
DA:967,0
DA:968,0
DA:971,0
DA:972,0
DA:975,0
DA:976,0
DA:979,0
DA:980,0
DA:983,0
DA:994,5
DA:1001,5
DA:1002,5
DA:1004,5
DA:1005,20
DA:1006,5
DA:1008,5
DA:1013,8
DA:1014,5
DA:1015,1
DA:1018,5
DA:1024,0
DA:1026,0
DA:1027,0
DA:1028,0
DA:1029,0
DA:1030,0
DA:1032,0
DA:1035,0
DA:1051,0
DA:1052,0
DA:1055,0
DA:1058,0
DA:1061,0
DA:1064,0
DA:1068,0
DA:1071,0
DA:1079,0
DA:1087,0
DA:1088,0
DA:1089,0
DA:1094,0
DA:1097,0
DA:1098,0
DA:1099,0
DA:1100,0
DA:1103,0
DA:1104,0
DA:1105,0
DA:1108,0
DA:1111,0
DA:1112,0
DA:1113,0
DA:1114,0
DA:1118,0
DA:1129,0
DA:1130,0
DA:1131,0
DA:1132,0
DA:1133,0
DA:1142,0
DA:1143,0
DA:1145,0
DA:1148,0
DA:1153,0
DA:1160,0
DA:1163,0
DA:1164,0
DA:1167,0
DA:1177,0
DA:1224,0
DA:1229,0
DA:1232,0
DA:1233,0
DA:1234,0
DA:1235,0
DA:1237,0
DA:1238,0
DA:1246,0
DA:1248,0
DA:1252,0
DA:1256,0
DA:1257,0
DA:1258,0
DA:1259,0
DA:1261,0
DA:1262,0
DA:1263,0
DA:1266,0
DA:1272,0
DA:1286,0
DA:1297,0
DA:1298,0
DA:1299,0
DA:1304,0
DA:1305,0
DA:1306,0
DA:1308,0
DA:1318,4
DA:1319,4
DA:1320,4
DA:1323,21
DA:1325,4
DA:1326,24
DA:1327,24
DA:1329,24
DA:1330,24
DA:1332,24
DA:1333,16
DA:1335,10
DA:1336,10
DA:1337,10
DA:1340,4
DA:1348,2
DA:1350,2
DA:1351,3
DA:1352,3
DA:1354,2
DA:1355,2
DA:1356,1
DA:1369,2
DA:1381,2
DA:1382,1
DA:1383,1
DA:1384,1
DA:1388,2
DA:1389,0
DA:1396,3
DA:1399,3
DA:1400,1
DA:1402,2
DA:1403,1
DA:1405,1
DA:1406,1
DA:1410,0
DA:1411,0
DA:1412,0
DA:1413,0
DA:1414,0
DA:1417,0
DA:1422,0
DA:1428,0
DA:1429,0
DA:1430,0
DA:1432,0
DA:1440,0
DA:1441,0
DA:1444,0
DA:1445,0
DA:1446,0
DA:1447,0
DA:1452,0
DA:1453,0
DA:1454,0
DA:1455,0
DA:1469,0
DA:1471,0
DA:1480,0
DA:1485,0
DA:1486,0
DA:1487,0
DA:1490,0
DA:1491,0
DA:1494,0
DA:1499,0
DA:1500,0
DA:1501,0
DA:1502,0
DA:1503,0
DA:1504,0
DA:1514,0
DA:1516,0
DA:1520,0
DA:1523,0
DA:1526,0
DA:1527,0
DA:1528,0
DA:1530,0
DA:1535,0
DA:1536,0
DA:1539,0
DA:1540,0
DA:1543,0
DA:1544,0
DA:1545,0
DA:1548,0
DA:1549,0
DA:1550,0
DA:1554,0
DA:1555,0
DA:1557,0
DA:1558,0
DA:1562,0
DA:1563,0
DA:1564,0
DA:1569,0
DA:1570,0
DA:1573,0
DA:1576,0
DA:1583,0
DA:1584,0
DA:1588,0
DA:1589,0
DA:1593,0
DA:1596,0
DA:1597,0
DA:1599,0
DA:1600,0
DA:1605,0
DA:1608,0
DA:1609,0
DA:1610,0
DA:1611,0
DA:1612,0
DA:1613,0
DA:1614,0
DA:1620,0
DA:1623,0
DA:1626,0
DA:1627,0
DA:1628,0
DA:1630,0
DA:1633,0
DA:1635,0
DA:1643,0
DA:1671,0
DA:1674,0
DA:1675,0
DA:1683,0
DA:1689,0
DA:1692,1
LF:676
LH:185
BRDA:28,0,0,0
BRDA:28,1,0,0
BRDA:36,2,0,0
BRDA:36,2,1,0
BRDA:37,3,0,0
BRDA:37,3,1,0
BRDA:41,4,0,0
BRDA:41,4,1,0
BRDA:43,5,0,0
BRDA:43,5,1,0
BRDA:50,6,0,0
BRDA:50,6,1,0
BRDA:56,7,0,0
BRDA:56,7,1,0
BRDA:56,8,0,0
BRDA:56,8,1,0
BRDA:57,9,0,0
BRDA:57,9,1,0
BRDA:57,10,0,0
BRDA:57,10,1,0
BRDA:61,11,0,0
BRDA:61,11,1,0
BRDA:62,12,0,0
BRDA:62,12,1,0
BRDA:63,13,0,0
BRDA:63,13,1,0
BRDA:63,14,0,0
BRDA:63,14,1,0
BRDA:70,15,0,0
BRDA:70,15,1,0
BRDA:94,16,0,0
BRDA:94,16,1,0
BRDA:94,17,0,0
BRDA:94,17,1,0
BRDA:129,18,0,12
BRDA:129,18,1,0
BRDA:131,19,0,1
BRDA:131,19,1,3
BRDA:134,20,0,12
BRDA:134,20,1,0
BRDA:135,21,0,3
BRDA:135,21,1,0
BRDA:136,22,0,12
BRDA:136,22,1,0
BRDA:136,23,0,12
BRDA:136,23,1,0
BRDA:137,24,0,0
BRDA:137,24,1,0
BRDA:140,25,0,12
BRDA:140,25,1,0
BRDA:145,26,0,3
BRDA:145,26,1,0
BRDA:148,27,0,1
BRDA:148,27,1,2
BRDA:148,28,0,3
BRDA:148,28,1,1
BRDA:149,29,0,0
BRDA:149,29,1,2
BRDA:149,30,0,2
BRDA:149,30,1,0
BRDA:149,31,0,0
BRDA:149,31,1,0
BRDA:150,32,0,0
BRDA:150,32,1,2
BRDA:150,33,0,2
BRDA:150,33,1,0
BRDA:151,34,0,0
BRDA:151,34,1,2
BRDA:151,35,0,2
BRDA:151,35,1,0
BRDA:152,36,0,2
BRDA:152,36,1,0
BRDA:153,37,0,0
BRDA:153,37,1,0
BRDA:153,38,0,0
BRDA:153,38,1,0
BRDA:154,39,0,0
BRDA:154,39,1,0
BRDA:169,40,0,1
BRDA:169,40,1,20
BRDA:169,41,0,1
BRDA:169,41,1,20
BRDA:169,42,0,1
BRDA:169,42,1,20
BRDA:175,43,0,21
BRDA:175,43,1,0
BRDA:180,44,0,5
BRDA:180,44,1,79
BRDA:180,45,0,84
BRDA:180,45,1,80
BRDA:188,46,0,79
BRDA:188,46,1,0
BRDA:192,47,0,79
BRDA:192,47,1,0
BRDA:196,48,0,79
BRDA:196,48,1,0
BRDA:197,49,0,0
BRDA:197,49,1,79
BRDA:200,50,0,79
BRDA:200,50,1,0
BRDA:201,51,0,20
BRDA:201,51,1,59
BRDA:202,52,0,19
BRDA:202,52,1,40
BRDA:207,53,0,79
BRDA:207,53,1,0
BRDA:224,54,0,0
BRDA:224,55,0,0
BRDA:231,56,0,0
BRDA:231,56,1,0
BRDA:232,57,0,0
BRDA:232,57,1,0
BRDA:232,58,0,0
BRDA:232,58,1,0
BRDA:238,59,0,0
BRDA:238,59,1,0
BRDA:241,60,0,0
BRDA:241,60,1,0
BRDA:241,61,0,0
BRDA:241,61,1,0
BRDA:241,61,2,0
BRDA:241,61,3,0
BRDA:241,62,0,0
BRDA:241,62,1,0
BRDA:245,63,0,0
BRDA:245,63,1,0
BRDA:245,64,0,0
BRDA:245,64,1,0
BRDA:245,64,2,0
BRDA:245,64,3,0
BRDA:245,65,0,0
BRDA:245,65,1,0
BRDA:250,66,0,0
BRDA:250,66,1,0
BRDA:251,67,0,0
BRDA:251,67,1,0
BRDA:263,68,0,0
BRDA:263,68,1,0
BRDA:268,69,0,0
BRDA:268,69,1,0
BRDA:271,70,0,0
BRDA:271,70,1,0
BRDA:280,71,0,0
BRDA:280,71,1,0
BRDA:281,72,0,0
BRDA:281,72,1,0
BRDA:282,73,0,0
BRDA:282,73,1,0
BRDA:283,74,0,0
BRDA:283,74,1,0
BRDA:284,75,0,0
BRDA:284,75,1,0
BRDA:285,76,0,0
BRDA:285,76,1,0
BRDA:286,77,0,0
BRDA:286,77,1,0
BRDA:287,78,0,0
BRDA:287,78,1,0
BRDA:288,79,0,0
BRDA:288,79,1,0
BRDA:297,80,0,0
BRDA:306,81,0,0
BRDA:306,81,1,0
BRDA:309,82,0,0
BRDA:309,82,1,0
BRDA:309,83,0,0
BRDA:309,83,1,0
BRDA:312,84,0,0
BRDA:312,84,1,0
BRDA:315,85,0,0
BRDA:315,85,1,0
BRDA:330,86,0,0
BRDA:330,86,1,0
BRDA:331,87,0,0
BRDA:331,87,1,0
BRDA:335,88,0,0
BRDA:335,88,1,0
BRDA:337,89,0,0
BRDA:337,89,1,0
BRDA:338,90,0,0
BRDA:338,90,1,0
BRDA:338,91,0,0
BRDA:338,91,1,0
BRDA:341,92,0,0
BRDA:341,92,1,0
BRDA:360,93,0,0
BRDA:360,93,1,0
BRDA:363,94,0,0
BRDA:363,94,1,0
BRDA:371,95,0,0
BRDA:371,95,1,0
BRDA:373,96,0,0
BRDA:373,96,1,0
BRDA:374,97,0,0
BRDA:374,97,1,0
BRDA:377,98,0,0
BRDA:377,98,1,0
BRDA:396,99,0,0
BRDA:396,99,1,0
BRDA:407,100,0,0
BRDA:407,100,1,0
BRDA:409,101,0,0
BRDA:409,101,1,0
BRDA:410,102,0,0
BRDA:410,102,1,0
BRDA:413,103,0,0
BRDA:413,103,1,0
BRDA:427,104,0,0
BRDA:427,104,1,0
BRDA:427,105,0,0
BRDA:427,105,1,0
BRDA:427,105,2,0
BRDA:430,106,0,0
BRDA:430,106,1,0
BRDA:433,107,0,0
BRDA:433,107,1,0
BRDA:434,108,0,0
BRDA:434,108,1,0
BRDA:437,109,0,0
BRDA:437,109,1,0
BRDA:440,110,0,0
BRDA:440,110,1,0
BRDA:458,111,0,0
BRDA:458,111,1,0
BRDA:459,112,0,0
BRDA:459,112,1,0
BRDA:464,113,0,0
BRDA:464,113,1,0
BRDA:464,114,0,0
BRDA:464,114,1,0
BRDA:468,115,0,0
BRDA:468,115,1,0
BRDA:471,116,0,0
BRDA:471,116,1,0
BRDA:471,117,0,0
BRDA:471,117,1,0
BRDA:473,118,0,0
BRDA:473,118,1,0
BRDA:477,119,0,0
BRDA:477,119,1,0
BRDA:479,120,0,0
BRDA:479,120,1,0
BRDA:489,121,0,0
BRDA:489,121,1,0
BRDA:492,122,0,0
BRDA:492,122,1,0
BRDA:509,123,0,0
BRDA:509,123,1,0
BRDA:511,124,0,0
BRDA:511,124,1,0
BRDA:512,125,0,0
BRDA:512,125,1,0
BRDA:525,126,0,0
BRDA:525,126,1,0
BRDA:528,127,0,0
BRDA:528,127,1,0
BRDA:534,128,0,0
BRDA:534,128,1,0
BRDA:540,129,0,0
BRDA:540,129,1,0
BRDA:562,130,0,0
BRDA:562,130,1,0
BRDA:563,131,0,0
BRDA:563,131,1,0
BRDA:579,132,0,0
BRDA:579,132,1,0
BRDA:580,133,0,0
BRDA:580,133,1,0
BRDA:580,134,0,0
BRDA:580,134,1,0
BRDA:580,135,0,0
BRDA:580,135,1,0
BRDA:583,136,0,0
BRDA:583,136,1,0
BRDA:584,137,0,0
BRDA:584,137,1,0
BRDA:584,138,0,0
BRDA:584,138,1,0
BRDA:584,139,0,0
BRDA:584,139,1,0
BRDA:601,140,0,0
BRDA:601,140,1,0
BRDA:601,141,0,0
BRDA:601,141,1,0
BRDA:607,142,0,0
BRDA:607,142,1,0
BRDA:608,143,0,0
BRDA:608,143,1,0
BRDA:611,144,0,0
BRDA:611,144,1,0
BRDA:613,145,0,0
BRDA:613,145,1,0
BRDA:613,146,0,0
BRDA:613,146,1,0
BRDA:614,147,0,0
BRDA:614,147,1,0
BRDA:615,148,0,0
BRDA:615,148,1,0
BRDA:619,149,0,0
BRDA:619,149,1,0
BRDA:619,150,0,0
BRDA:619,150,1,0
BRDA:621,151,0,0
BRDA:621,151,1,0
BRDA:622,152,0,0
BRDA:622,152,1,0
BRDA:623,153,0,0
BRDA:623,153,1,0
BRDA:635,154,0,0
BRDA:635,154,1,0
BRDA:636,155,0,0
BRDA:636,155,1,0
BRDA:642,156,0,0
BRDA:642,156,1,0
BRDA:642,157,0,0
BRDA:642,157,1,0
BRDA:643,158,0,0
BRDA:643,158,1,0
BRDA:643,159,0,0
BRDA:643,159,1,0
BRDA:647,160,0,0
BRDA:647,160,1,0
BRDA:648,161,0,0
BRDA:648,161,1,0
BRDA:669,162,0,2
BRDA:669,162,1,2
BRDA:670,163,0,2
BRDA:670,163,1,0
BRDA:672,164,0,1
BRDA:672,164,1,1
BRDA:673,165,0,1
BRDA:673,165,1,0
BRDA:674,166,0,0
BRDA:674,166,1,0
BRDA:675,167,0,0
BRDA:675,167,1,0
BRDA:681,168,0,2
BRDA:681,168,1,0
BRDA:683,169,0,0
BRDA:683,169,1,2
BRDA:686,170,0,2
BRDA:686,170,1,0
BRDA:709,171,0,1
BRDA:709,171,1,0
BRDA:709,172,0,0
BRDA:709,172,1,0
BRDA:722,173,0,1
BRDA:722,173,1,1
BRDA:723,174,0,0
BRDA:723,174,1,1
BRDA:724,175,0,0
BRDA:724,175,1,1
BRDA:725,176,0,0
BRDA:725,176,1,1
BRDA:726,177,0,0
BRDA:726,177,1,1
BRDA:727,178,0,0
BRDA:727,178,1,1
BRDA:728,179,0,0
BRDA:728,179,1,1
BRDA:735,180,0,2
BRDA:735,180,1,4
BRDA:736,181,0,1
BRDA:736,181,1,3
BRDA:737,182,0,1
BRDA:737,182,1,2
BRDA:738,183,0,0
BRDA:738,183,1,2
BRDA:743,184,0,1
BRDA:743,184,1,0
BRDA:744,185,0,0
BRDA:744,185,1,0
BRDA:745,186,0,0
BRDA:745,186,1,0
BRDA:754,187,0,0
BRDA:754,187,1,0
BRDA:755,188,0,0
BRDA:755,188,1,0
BRDA:756,189,0,0
BRDA:756,189,1,0
BRDA:758,190,0,0
BRDA:758,190,1,0
BRDA:759,191,0,0
BRDA:759,191,1,0
BRDA:760,192,0,0
BRDA:760,192,1,0
BRDA:762,193,0,0
BRDA:762,193,1,0
BRDA:763,194,0,0
BRDA:763,194,1,0
BRDA:764,195,0,0
BRDA:764,195,1,0
BRDA:766,196,0,0
BRDA:766,196,1,0
BRDA:767,197,0,0
BRDA:767,197,1,0
BRDA:769,198,0,0
BRDA:769,198,1,0
BRDA:770,199,0,0
BRDA:770,199,1,0
BRDA:787,200,0,0
BRDA:787,200,1,0
BRDA:788,201,0,0
BRDA:788,201,1,0
BRDA:795,202,0,0
BRDA:795,202,1,0
BRDA:795,203,0,0
BRDA:795,203,1,0
BRDA:796,204,0,0
BRDA:796,204,1,0
BRDA:800,205,0,0
BRDA:800,205,1,0
BRDA:800,206,0,0
BRDA:800,206,1,0
BRDA:801,207,0,0
BRDA:801,207,1,0
BRDA:801,208,0,0
BRDA:801,208,1,0
BRDA:803,209,0,0
BRDA:803,209,1,0
BRDA:804,210,0,0
BRDA:804,210,1,0
BRDA:809,211,0,0
BRDA:809,211,1,0
BRDA:809,212,0,0
BRDA:809,212,1,0
BRDA:810,213,0,0
BRDA:810,213,1,0
BRDA:810,214,0,0
BRDA:810,214,1,0
BRDA:811,215,0,0
BRDA:811,215,1,0
BRDA:811,216,0,0
BRDA:811,216,1,0
BRDA:812,217,0,0
BRDA:812,217,1,0
BRDA:812,218,0,0
BRDA:812,218,1,0
BRDA:813,219,0,0
BRDA:813,219,1,0
BRDA:814,220,0,0
BRDA:814,220,1,0
BRDA:814,221,0,0
BRDA:814,221,1,0
BRDA:814,222,0,0
BRDA:814,222,1,0
BRDA:819,223,0,0
BRDA:819,223,1,0
BRDA:836,224,0,4
BRDA:836,224,1,0
BRDA:840,225,0,4
BRDA:840,225,1,0
BRDA:841,226,0,1
BRDA:841,226,1,3
BRDA:845,227,0,0
BRDA:845,227,1,4
BRDA:847,228,0,0
BRDA:847,228,1,4
BRDA:848,229,0,0
BRDA:848,229,1,0
BRDA:852,230,0,4
BRDA:852,230,1,0
BRDA:852,231,0,4
BRDA:852,231,1,0
BRDA:855,232,0,0
BRDA:855,232,1,0
BRDA:862,233,0,4
BRDA:862,233,1,0
BRDA:863,234,0,1
BRDA:863,234,1,3
BRDA:867,235,0,4
BRDA:867,235,1,0
BRDA:870,236,0,4
BRDA:870,236,1,0
BRDA:870,237,0,4
BRDA:870,237,1,4
BRDA:878,238,0,0
BRDA:878,238,1,4
BRDA:878,239,0,4
BRDA:878,239,1,4
BRDA:878,239,2,0
BRDA:878,240,0,4
BRDA:878,240,1,0
BRDA:880,241,0,0
BRDA:880,241,1,4
BRDA:880,242,0,4
BRDA:880,242,1,4
BRDA:880,243,0,4
BRDA:880,243,1,0
BRDA:888,244,0,0
BRDA:888,244,1,4
BRDA:888,245,0,4
BRDA:888,245,1,4
BRDA:889,246,0,0
BRDA:889,246,1,0
BRDA:891,247,0,0
BRDA:891,247,1,4
BRDA:897,248,0,0
BRDA:897,248,1,4
BRDA:897,249,0,4
BRDA:897,249,1,4
BRDA:897,250,0,4
BRDA:897,250,1,0
BRDA:902,251,0,4
BRDA:902,251,1,0
BRDA:910,252,0,0
BRDA:910,252,1,0
BRDA:910,253,0,0
BRDA:910,253,1,0
BRDA:911,254,0,0
BRDA:911,254,1,0
BRDA:911,255,0,0
BRDA:911,255,1,0
BRDA:912,256,0,4
BRDA:912,256,1,0
BRDA:912,257,0,4
BRDA:912,257,1,4
BRDA:914,258,0,0
BRDA:914,258,1,0
BRDA:917,259,0,4
BRDA:917,259,1,0
BRDA:918,260,0,4
BRDA:918,260,1,0
BRDA:927,261,0,0
BRDA:927,261,1,4
BRDA:928,262,0,1
BRDA:928,262,1,3
BRDA:933,263,0,0
BRDA:933,263,1,4
BRDA:935,264,0,0
BRDA:935,264,1,0
BRDA:935,264,2,0
BRDA:938,265,0,0
BRDA:938,265,1,0
BRDA:943,266,0,1
BRDA:943,266,1,3
BRDA:948,267,0,3
BRDA:948,267,1,3
BRDA:948,268,0,3
BRDA:948,268,1,0
BRDA:949,269,0,0
BRDA:949,269,1,3
BRDA:959,270,0,1
BRDA:959,270,1,1
BRDA:959,271,0,2
BRDA:959,271,1,1
BRDA:960,272,0,1
BRDA:960,272,1,0
BRDA:963,273,0,1
BRDA:963,273,1,0
BRDA:967,274,0,0
BRDA:967,274,1,0
BRDA:967,275,0,0
BRDA:967,275,1,0
BRDA:971,276,0,0
BRDA:971,276,1,0
BRDA:975,277,0,0
BRDA:975,277,1,0
BRDA:976,278,0,0
BRDA:976,278,1,0
BRDA:979,279,0,0
BRDA:979,279,1,0
BRDA:1005,280,0,5
BRDA:1005,280,1,15
BRDA:1005,281,0,20
BRDA:1005,281,1,15
BRDA:1013,282,0,8
BRDA:1013,282,1,7
BRDA:1014,283,0,1
BRDA:1014,283,1,4
BRDA:1014,284,0,5
BRDA:1014,284,1,1
BRDA:1030,285,0,0
BRDA:1030,285,1,0
BRDA:1030,286,0,0
BRDA:1030,286,1,0
BRDA:1061,287,0,0
BRDA:1061,287,1,0
BRDA:1064,288,0,0
BRDA:1064,288,1,0
BRDA:1065,289,0,0
BRDA:1065,289,1,0
BRDA:1087,290,0,0
BRDA:1087,290,1,0
BRDA:1088,291,0,0
BRDA:1088,291,1,0
BRDA:1089,292,0,0
BRDA:1089,292,1,0
BRDA:1098,293,0,0
BRDA:1098,293,1,0
BRDA:1099,294,0,0
BRDA:1099,294,1,0
BRDA:1100,295,0,0
BRDA:1100,295,1,0
BRDA:1103,296,0,0
BRDA:1103,296,1,0
BRDA:1104,297,0,0
BRDA:1104,297,1,0
BRDA:1105,298,0,0
BRDA:1105,298,1,0
BRDA:1113,299,0,0
BRDA:1113,299,1,0
BRDA:1129,300,0,0
BRDA:1129,300,1,0
BRDA:1137,301,0,0
BRDA:1137,301,1,0
BRDA:1138,302,0,0
BRDA:1138,302,1,0
BRDA:1168,303,0,0
BRDA:1168,303,1,0
BRDA:1168,304,0,0
BRDA:1168,304,1,0
BRDA:1181,305,0,0
BRDA:1181,305,1,0
BRDA:1182,306,0,0
BRDA:1182,306,1,0
BRDA:1237,307,0,0
BRDA:1237,307,1,0
BRDA:1239,308,0,0
BRDA:1239,308,1,0
BRDA:1261,309,0,0
BRDA:1261,309,1,0
BRDA:1263,310,0,0
BRDA:1263,310,1,0
BRDA:1263,311,0,0
BRDA:1263,311,1,0
BRDA:1279,312,0,0
BRDA:1279,312,1,0
BRDA:1280,313,0,0
BRDA:1280,313,1,0
BRDA:1281,314,0,0
BRDA:1281,314,1,0
BRDA:1288,315,0,0
BRDA:1288,315,1,0
BRDA:1289,316,0,0
BRDA:1289,316,1,0
BRDA:1290,317,0,0
BRDA:1290,317,1,0
BRDA:1297,318,0,0
BRDA:1297,318,1,0
BRDA:1297,319,0,0
BRDA:1297,319,1,0
BRDA:1298,320,0,0
BRDA:1298,320,1,0
BRDA:1298,321,0,0
BRDA:1298,321,1,0
BRDA:1304,322,0,0
BRDA:1304,322,1,0
BRDA:1323,323,0,21
BRDA:1323,323,1,0
BRDA:1323,324,0,21
BRDA:1323,324,1,0
BRDA:1329,325,0,24
BRDA:1329,325,1,12
BRDA:1330,326,0,24
BRDA:1330,326,1,3
BRDA:1332,327,0,8
BRDA:1332,327,1,16
BRDA:1333,328,0,6
BRDA:1333,328,1,10
BRDA:1352,329,0,1
BRDA:1352,329,1,2
BRDA:1354,330,0,2
BRDA:1354,330,1,0
BRDA:1355,331,0,1
BRDA:1355,331,1,1
BRDA:1371,332,0,2
BRDA:1371,332,1,0
BRDA:1374,333,0,2
BRDA:1374,333,1,0
BRDA:1375,334,0,2
BRDA:1375,334,1,0
BRDA:1389,335,0,0
BRDA:1389,335,1,0
BRDA:1389,336,0,0
BRDA:1389,336,1,0
BRDA:1395,337,0,2
BRDA:1395,338,0,3
BRDA:1399,339,0,1
BRDA:1399,339,1,2
BRDA:1402,340,0,1
BRDA:1402,340,1,1
BRDA:1402,341,0,2
BRDA:1402,341,1,1
BRDA:1405,342,0,1
BRDA:1405,342,1,0
BRDA:1412,343,0,0
BRDA:1412,343,1,0
BRDA:1428,344,0,0
BRDA:1428,344,1,0
BRDA:1430,345,0,0
BRDA:1430,345,1,0
BRDA:1430,346,0,0
BRDA:1430,346,1,0
BRDA:1430,347,0,0
BRDA:1430,347,1,0
BRDA:1435,348,0,0
BRDA:1435,348,1,0
BRDA:1436,349,0,0
BRDA:1436,349,1,0
BRDA:1440,350,0,0
BRDA:1440,350,1,0
BRDA:1441,351,0,0
BRDA:1441,351,1,0
BRDA:1445,352,0,0
BRDA:1445,352,1,0
BRDA:1447,353,0,0
BRDA:1447,353,1,0
BRDA:1447,353,2,0
BRDA:1453,354,0,0
BRDA:1453,354,1,0
BRDA:1457,355,0,0
BRDA:1457,355,1,0
BRDA:1457,355,2,0
BRDA:1458,356,0,0
BRDA:1458,356,1,0
BRDA:1459,357,0,0
BRDA:1459,357,1,0
BRDA:1459,357,2,0
BRDA:1460,358,0,0
BRDA:1460,358,1,0
BRDA:1461,359,0,0
BRDA:1461,359,1,0
BRDA:1462,360,0,0
BRDA:1462,360,1,0
BRDA:1462,360,2,0
BRDA:1463,361,0,0
BRDA:1463,361,1,0
BRDA:1463,361,2,0
BRDA:1464,362,0,0
BRDA:1464,362,1,0
BRDA:1464,363,0,0
BRDA:1464,363,1,0
BRDA:1465,364,0,0
BRDA:1465,364,1,0
BRDA:1465,365,0,0
BRDA:1465,365,1,0
BRDA:1474,366,0,0
BRDA:1474,366,1,0
BRDA:1475,367,0,0
BRDA:1475,367,1,0
BRDA:1485,368,0,0
BRDA:1485,368,1,0
BRDA:1486,369,0,0
BRDA:1486,369,1,0
BRDA:1494,370,0,0
BRDA:1494,370,1,0
BRDA:1494,371,0,0
BRDA:1494,371,1,0
BRDA:1502,372,0,0
BRDA:1502,372,1,0
BRDA:1503,373,0,0
BRDA:1503,373,1,0
BRDA:1508,374,0,0
BRDA:1508,374,1,0
BRDA:1539,375,0,0
BRDA:1539,375,1,0
BRDA:1539,376,0,0
BRDA:1539,376,1,0
BRDA:1549,377,0,0
BRDA:1549,377,1,0
BRDA:1549,378,0,0
BRDA:1549,378,1,0
BRDA:1554,379,0,0
BRDA:1554,379,1,0
BRDA:1557,380,0,0
BRDA:1557,380,1,0
BRDA:1562,381,0,0
BRDA:1562,381,1,0
BRDA:1562,382,0,0
BRDA:1562,382,1,0
BRDA:1564,383,0,0
BRDA:1564,383,1,0
BRDA:1583,384,0,0
BRDA:1583,384,1,0
BRDA:1596,385,0,0
BRDA:1596,385,1,0
BRDA:1599,386,0,0
BRDA:1599,386,1,0
BRDA:1608,387,0,0
BRDA:1608,387,1,0
BRDA:1610,388,0,0
BRDA:1610,388,1,0
BRDA:1610,388,2,0
BRDA:1610,388,3,0
BRDA:1626,389,0,0
BRDA:1626,389,1,0
BRDA:1627,390,0,0
BRDA:1627,390,1,0
BRDA:1674,391,0,0
BRDA:1674,391,1,0
BRF:791
BRH:157
end_of_record
TN:
SF:src/services/intelligence/costTracker.js
FN:19,(anonymous_0)
FN:31,(anonymous_1)
FN:56,(anonymous_2)
FN:91,(anonymous_3)
FN:102,(anonymous_4)
FN:113,(anonymous_5)
FNF:6
FNH:6
FNDA:4,(anonymous_0)
FNDA:6,(anonymous_1)
FNDA:4,(anonymous_2)
FNDA:3,(anonymous_3)
FNDA:8,(anonymous_4)
FNDA:1,(anonymous_5)
DA:13,4
DA:15,4
DA:16,4
DA:21,4
DA:32,6
DA:34,0
DA:35,0
DA:40,0
DA:42,0
DA:43,0
DA:57,4
DA:58,4
DA:60,4
DA:61,2
DA:65,2
DA:66,2
DA:67,2
DA:68,2
DA:73,2
DA:76,2
DA:77,1
DA:84,2
DA:92,3
DA:93,3
DA:94,1
DA:96,3
DA:103,8
DA:104,8
DA:105,0
DA:107,8
DA:114,1
DA:115,1
DA:125,4
LF:33
LH:27
BRDA:15,0,0,4
BRDA:15,0,1,4
BRDA:32,1,0,6
BRDA:32,1,1,0
BRDA:56,2,0,4
BRDA:60,3,0,2
BRDA:60,3,1,2
BRDA:76,4,0,1
BRDA:76,4,1,1
BRDA:93,5,0,1
BRDA:93,5,1,2
BRDA:104,6,0,0
BRDA:104,6,1,8
BRDA:113,7,0,1
BRF:14
BRH:12
end_of_record
TN:
SF:src/services/intelligence/narrativeDataPipeline.js
FN:34,getPlayerStats2025
FN:48,getOLineRankings2025
FN:67,fetchSleeperPlayers
FN:110,fetchESPNTransactions
FN:158,scrapePFRStats
FN:166,(anonymous_5)
FN:180,scrapeCoachingData
FN:229,scrapeOLineRankings
FN:232,(anonymous_8)
FN:244,fetchTitleRunDynastyData
FN:280,mergeNarrativeContext
FN:347,upsertNarrativeContext
FN:365,(anonymous_12)
FN:367,(anonymous_13)
FN:470,upsertSinglePlayer
FN:538,invalidateStaleNarratives
FN:548,(anonymous_16)
FN:574,refreshNarrativeContext
FNF:18
FNH:14
FNDA:3,getPlayerStats2025
FNDA:3,getOLineRankings2025
FNDA:1,fetchSleeperPlayers
FNDA:1,fetchESPNTransactions
FNDA:4,scrapePFRStats
FNDA:48,(anonymous_5)
FNDA:6,scrapeCoachingData
FNDA:3,scrapeOLineRankings
FNDA:99,(anonymous_8)
FNDA:1,fetchTitleRunDynastyData
FNDA:6,mergeNarrativeContext
FNDA:1,upsertNarrativeContext
FNDA:0,(anonymous_12)
FNDA:0,(anonymous_13)
FNDA:0,upsertSinglePlayer
FNDA:1,invalidateStaleNarratives
FNDA:0,(anonymous_16)
FNDA:1,refreshNarrativeContext
DA:23,2
DA:27,2
DA:28,2
DA:29,2
DA:30,2
DA:33,2
DA:35,3
DA:36,2
DA:37,2
DA:39,0
DA:40,0
DA:43,3
DA:47,2
DA:49,3
DA:50,2
DA:51,2
DA:53,0
DA:54,0
DA:57,3
DA:68,1
DA:69,1
DA:70,1
DA:71,0
DA:73,1
DA:76,1
DA:77,1
DA:79,1
DA:80,0
DA:81,0
DA:83,0
DA:98,1
DA:99,1
DA:101,0
DA:102,0
DA:111,1
DA:112,1
DA:113,1
DA:115,1
DA:118,1
DA:119,0
DA:121,1
DA:124,1
DA:125,1
DA:126,0
DA:127,0
DA:129,0
DA:130,0
DA:131,0
DA:132,0
DA:134,0
DA:143,1
DA:144,1
DA:146,0
DA:147,0
DA:159,4
DA:160,4
DA:161,1
DA:162,1
DA:165,3
DA:166,48
DA:167,3
DA:168,3
DA:170,0
DA:171,0
DA:182,6
DA:221,6
DA:222,6
DA:230,3
DA:231,3
DA:232,99
DA:233,3
DA:234,3
DA:236,0
DA:237,0
DA:245,1
DA:246,1
DA:247,0
DA:248,0
DA:252,1
DA:259,1
DA:260,1
DA:261,0
DA:267,1
DA:268,1
DA:270,0
DA:271,0
DA:281,6
DA:283,6
DA:284,10
DA:285,10
DA:286,10
DA:287,10
DA:288,10
DA:289,10
DA:290,10
DA:293,10
DA:294,10
DA:295,10
DA:296,10
DA:297,10
DA:298,10
DA:299,10
DA:301,10
DA:336,6
DA:337,6
DA:348,1
DA:349,0
DA:350,0
DA:353,1
DA:354,1
DA:355,1
DA:357,1
DA:358,0
DA:360,0
DA:362,0
DA:363,0
DA:365,0
DA:366,0
DA:367,0
DA:368,0
DA:370,0
DA:405,0
DA:447,0
DA:448,0
DA:450,0
DA:452,0
DA:453,0
DA:454,0
DA:455,0
DA:457,0
DA:463,1
DA:464,1
DA:471,0
DA:539,1
DA:541,0
DA:543,0
DA:548,0
DA:549,0
DA:552,0
DA:557,0
DA:558,0
DA:559,0
DA:561,0
DA:562,0
DA:575,1
DA:576,1
DA:578,1
DA:580,1
DA:583,1
DA:586,1
DA:589,1
DA:592,1
DA:595,1
DA:598,1
DA:608,1
DA:611,1
DA:613,1
DA:614,1
DA:621,1
DA:629,0
DA:630,0
DA:631,0
DA:635,2
LF:163
LH:100
BRDA:35,0,0,2
BRDA:35,0,1,1
BRDA:49,1,0,2
BRDA:49,1,1,1
BRDA:70,2,0,0
BRDA:70,2,1,1
BRDA:80,3,0,0
BRDA:80,3,1,0
BRDA:81,4,0,0
BRDA:81,4,1,0
BRDA:86,5,0,0
BRDA:86,5,1,0
BRDA:88,6,0,0
BRDA:88,6,1,0
BRDA:89,7,0,0
BRDA:89,7,1,0
BRDA:90,8,0,0
BRDA:90,8,1,0
BRDA:91,9,0,0
BRDA:91,9,1,0
BRDA:92,10,0,0
BRDA:92,10,1,0
BRDA:93,11,0,0
BRDA:93,11,1,0
BRDA:118,12,0,0
BRDA:118,12,1,1
BRDA:125,13,0,1
BRDA:125,13,1,1
BRDA:127,14,0,0
BRDA:127,14,1,0
BRDA:129,15,0,0
BRDA:129,15,1,0
BRDA:131,16,0,0
BRDA:131,16,1,0
BRDA:136,17,0,0
BRDA:136,17,1,0
BRDA:137,18,0,0
BRDA:137,18,1,0
BRDA:138,19,0,0
BRDA:138,19,1,0
BRDA:160,20,0,1
BRDA:160,20,1,3
BRDA:246,21,0,0
BRDA:246,21,1,1
BRDA:260,22,0,1
BRDA:260,22,1,0
BRDA:263,23,0,0
BRDA:263,23,1,0
BRDA:286,24,0,10
BRDA:286,24,1,7
BRDA:287,25,0,10
BRDA:287,25,1,7
BRDA:288,26,0,10
BRDA:288,26,1,0
BRDA:288,27,0,10
BRDA:288,27,1,4
BRDA:289,28,0,10
BRDA:289,28,1,0
BRDA:289,29,0,10
BRDA:289,29,1,4
BRDA:290,30,0,10
BRDA:290,30,1,4
BRDA:290,31,0,10
BRDA:290,31,1,2
BRDA:294,32,0,10
BRDA:294,32,1,0
BRDA:295,33,0,10
BRDA:295,33,1,0
BRDA:296,34,0,10
BRDA:296,34,1,0
BRDA:297,35,0,3
BRDA:297,35,1,7
BRDA:298,36,0,6
BRDA:298,36,1,4
BRDA:299,37,0,6
BRDA:299,37,1,4
BRDA:312,38,0,10
BRDA:312,38,1,7
BRDA:313,39,0,10
BRDA:313,39,1,10
BRDA:314,40,0,10
BRDA:314,40,1,7
BRDA:315,41,0,10
BRDA:315,41,1,7
BRDA:316,42,0,10
BRDA:316,42,1,10
BRDA:317,43,0,10
BRDA:317,43,1,7
BRDA:318,44,0,10
BRDA:318,44,1,7
BRDA:319,45,0,10
BRDA:319,45,1,7
BRDA:320,46,0,10
BRDA:320,46,1,7
BRDA:321,47,0,10
BRDA:321,47,1,7
BRDA:322,48,0,10
BRDA:322,48,1,4
BRDA:323,49,0,10
BRDA:323,49,1,4
BRDA:326,50,0,10
BRDA:326,50,1,10
BRDA:327,51,0,10
BRDA:327,51,1,10
BRDA:329,52,0,10
BRDA:329,52,1,10
BRDA:330,53,0,10
BRDA:330,53,1,4
BRDA:331,54,0,10
BRDA:331,54,1,4
BRDA:348,55,0,0
BRDA:348,55,1,1
BRDA:398,56,0,0
BRDA:398,56,1,0
BRDA:529,57,0,0
BRDA:529,57,1,0
BRDA:539,58,0,1
BRDA:539,58,1,0
BRDA:539,59,0,1
BRDA:539,59,1,1
BRDA:549,60,0,0
BRDA:549,60,1,0
BRDA:557,61,0,0
BRDA:557,61,1,0
BRF:124
BRH:73
end_of_record
TN:
SF:src/services/intelligence/narrativeGenerationService.js
FN:57,sanitizeForPrompt
FN:75,buildPrompt
FN:83,(anonymous_2)
FN:104,(anonymous_3)
FN:108,(anonymous_4)
FN:113,(anonymous_5)
FN:116,(anonymous_6)
FN:209,callLLM
FN:234,(anonymous_8)
FN:315,calculateCost
FN:331,(anonymous_10)
FN:339,(anonymous_11)
FN:343,(anonymous_12)
FN:358,(anonymous_13)
FN:371,(anonymous_14)
FN:390,getFromDBCache
FN:417,saveToDBCache
FN:455,logGeneration
FN:485,getCachedNarrative
FN:517,generateTradeNarrative
FN:627,batchGenerateNarratives
FN:636,(anonymous_21)
FN:653,(anonymous_22)
FN:657,(anonymous_23)
FN:677,enrichWithAINarrative
FNF:25
FNH:13
FNDA:315,sanitizeForPrompt
FNDA:12,buildPrompt
FNDA:24,(anonymous_2)
FNDA:12,(anonymous_3)
FNDA:12,(anonymous_4)
FNDA:24,(anonymous_5)
FNDA:48,(anonymous_6)
FNDA:0,callLLM
FNDA:0,(anonymous_8)
FNDA:4,calculateCost
FNDA:3,(anonymous_10)
FNDA:20,(anonymous_11)
FNDA:10,(anonymous_12)
FNDA:10,(anonymous_13)
FNDA:1,(anonymous_14)
FNDA:0,getFromDBCache
FNDA:0,saveToDBCache
FNDA:0,logGeneration
FNDA:0,getCachedNarrative
FNDA:0,generateTradeNarrative
FNDA:0,batchGenerateNarratives
FNDA:0,(anonymous_21)
FNDA:0,(anonymous_22)
FNDA:0,(anonymous_23)
FNDA:0,enrichWithAINarrative
DA:15,3
DA:16,3
DA:17,3
DA:21,3
DA:58,315
DA:59,312
DA:60,310
DA:76,12
DA:77,12
DA:80,12
DA:83,12
DA:84,24
DA:85,24
DA:86,24
DA:87,24
DA:88,12
DA:89,12
DA:90,12
DA:91,12
DA:92,12
DA:94,12
DA:95,12
DA:96,12
DA:97,12
DA:99,24
DA:100,24
DA:104,12
DA:105,12
DA:106,12
DA:108,12
DA:113,12
DA:114,24
DA:115,24
DA:116,48
DA:121,12
DA:122,12
DA:123,12
DA:124,12
DA:126,12
DA:195,12
DA:210,0
DA:214,0
DA:215,0
DA:216,0
DA:217,0
DA:218,0
DA:219,0
DA:220,0
DA:221,0
DA:222,0
DA:224,0
DA:225,0
DA:228,0
DA:229,0
DA:233,0
DA:234,0
DA:236,0
DA:237,0
DA:262,0
DA:264,0
DA:265,0
DA:266,0
DA:269,0
DA:270,0
DA:271,0
DA:272,0
DA:274,0
DA:275,0
DA:280,0
DA:281,0
DA:284,0
DA:285,0
DA:286,0
DA:288,0
DA:293,0
DA:294,0
DA:296,0
DA:298,0
DA:299,0
DA:302,0
DA:303,0
DA:304,0
DA:307,0
DA:308,0
DA:316,4
DA:318,4
DA:319,4
DA:320,4
DA:332,3
DA:333,3
DA:334,3
DA:335,3
DA:340,20
DA:344,10
DA:345,10
DA:346,10
DA:347,4
DA:348,4
DA:349,4
DA:352,6
DA:353,6
DA:354,6
DA:355,6
DA:359,10
DA:361,10
DA:362,1
DA:363,1
DA:365,10
DA:372,1
DA:373,1
DA:383,3
DA:391,0
DA:393,0
DA:394,0
DA:404,0
DA:405,0
DA:407,0
DA:409,0
DA:410,0
DA:418,0
DA:420,0
DA:421,0
DA:422,0
DA:448,0
DA:456,0
DA:458,0
DA:459,0
DA:474,0
DA:487,0
DA:488,0
DA:489,0
DA:490,0
DA:494,0
DA:495,0
DA:497,0
DA:498,0
DA:499,0
DA:502,0
DA:518,0
DA:519,0
DA:520,0
DA:523,0
DA:524,0
DA:525,0
DA:526,0
DA:530,0
DA:535,0
DA:536,0
DA:539,0
DA:542,0
DA:543,0
DA:545,0
DA:546,0
DA:547,0
DA:550,0
DA:552,0
DA:553,0
DA:558,0
DA:559,0
DA:560,0
DA:562,0
DA:566,0
DA:569,0
DA:572,0
DA:573,0
DA:581,0
DA:588,0
DA:595,0
DA:597,0
DA:598,0
DA:601,0
DA:604,0
DA:605,0
DA:606,0
DA:612,0
DA:616,0
DA:628,0
DA:631,0
DA:632,0
DA:635,0
DA:637,0
DA:647,0
DA:648,0
DA:652,0
DA:653,0
DA:657,0
DA:658,0
DA:660,0
DA:678,0
DA:679,0
DA:680,0
DA:682,0
DA:685,0
DA:688,0
DA:692,0
DA:698,0
DA:706,0
DA:714,0
DA:717,0
DA:726,0
DA:727,0
DA:731,3
LF:202
LH:68
BRDA:57,0,0,9
BRDA:58,1,0,3
BRDA:58,1,1,312
BRDA:59,2,0,2
BRDA:59,2,1,310
BRDA:75,3,0,12
BRDA:84,4,0,0
BRDA:84,4,1,24
BRDA:86,5,0,24
BRDA:86,5,1,0
BRDA:87,6,0,12
BRDA:87,6,1,12
BRDA:88,7,0,12
BRDA:88,7,1,0
BRDA:89,8,0,12
BRDA:89,8,1,0
BRDA:90,9,0,12
BRDA:90,9,1,0
BRDA:91,10,0,12
BRDA:91,10,1,0
BRDA:92,11,0,12
BRDA:92,11,1,0
BRDA:92,12,0,12
BRDA:92,12,1,12
BRDA:94,13,0,12
BRDA:94,13,1,0
BRDA:95,14,0,12
BRDA:95,14,1,0
BRDA:96,15,0,12
BRDA:96,15,1,0
BRDA:97,16,0,12
BRDA:97,16,1,0
BRDA:99,17,0,12
BRDA:99,17,1,12
BRDA:100,18,0,24
BRDA:100,18,1,0
BRDA:105,19,0,0
BRDA:105,19,1,12
BRDA:105,20,0,12
BRDA:105,20,1,12
BRDA:108,21,0,12
BRDA:108,21,1,0
BRDA:114,22,0,0
BRDA:114,22,1,24
BRDA:114,23,0,24
BRDA:114,23,1,24
BRDA:121,24,0,12
BRDA:121,24,1,1
BRDA:122,25,0,12
BRDA:122,25,1,0
BRDA:123,26,0,12
BRDA:123,26,1,0
BRDA:124,27,0,12
BRDA:124,27,1,0
BRDA:145,28,0,12
BRDA:145,28,1,0
BRDA:146,29,0,12
BRDA:146,29,1,0
BRDA:148,30,0,11
BRDA:148,30,1,1
BRDA:149,31,0,11
BRDA:149,31,1,0
BRDA:150,32,0,11
BRDA:150,32,1,0
BRDA:151,33,0,11
BRDA:151,33,1,0
BRDA:152,34,0,11
BRDA:152,34,1,0
BRDA:153,35,0,11
BRDA:153,35,1,0
BRDA:158,36,0,12
BRDA:158,36,1,0
BRDA:159,37,0,12
BRDA:159,37,1,0
BRDA:159,38,0,12
BRDA:159,38,1,0
BRDA:159,39,0,12
BRDA:159,39,1,0
BRDA:161,40,0,12
BRDA:161,40,1,0
BRDA:162,41,0,0
BRDA:162,41,1,12
BRDA:163,42,0,12
BRDA:163,42,1,0
BRDA:167,43,0,12
BRDA:167,43,1,0
BRDA:168,44,0,12
BRDA:168,44,1,0
BRDA:168,45,0,12
BRDA:168,45,1,0
BRDA:168,46,0,12
BRDA:168,46,1,0
BRDA:172,47,0,12
BRDA:172,47,1,0
BRDA:209,48,0,0
BRDA:214,49,0,0
BRDA:214,49,1,0
BRDA:214,50,0,0
BRDA:214,50,1,0
BRDA:215,51,0,0
BRDA:215,51,1,0
BRDA:217,52,0,0
BRDA:217,52,1,0
BRDA:218,53,0,0
BRDA:218,53,1,0
BRDA:220,54,0,0
BRDA:220,54,1,0
BRDA:221,55,0,0
BRDA:221,55,1,0
BRDA:224,56,0,0
BRDA:224,56,1,0
BRDA:228,57,0,0
BRDA:228,57,1,0
BRDA:264,58,0,0
BRDA:264,58,1,0
BRDA:271,59,0,0
BRDA:271,59,1,0
BRDA:271,60,0,0
BRDA:271,60,1,0
BRDA:274,61,0,0
BRDA:274,61,1,0
BRDA:285,62,0,0
BRDA:285,62,1,0
BRDA:302,63,0,0
BRDA:302,63,1,0
BRDA:316,64,0,4
BRDA:316,64,1,1
BRDA:331,65,0,3
BRDA:340,66,0,20
BRDA:340,66,1,15
BRDA:346,67,0,4
BRDA:346,67,1,6
BRDA:346,68,0,10
BRDA:346,68,1,7
BRDA:347,69,0,1
BRDA:347,69,1,3
BRDA:358,70,0,9
BRDA:361,71,0,1
BRDA:361,71,1,9
BRDA:378,72,0,1
BRDA:378,72,1,0
BRDA:391,73,0,0
BRDA:391,73,1,0
BRDA:404,74,0,0
BRDA:404,74,1,0
BRDA:417,75,0,0
BRDA:418,76,0,0
BRDA:418,76,1,0
BRDA:440,77,0,0
BRDA:440,77,1,0
BRDA:442,78,0,0
BRDA:442,78,1,0
BRDA:443,79,0,0
BRDA:443,79,1,0
BRDA:444,80,0,0
BRDA:444,80,1,0
BRDA:456,81,0,0
BRDA:456,81,1,0
BRDA:466,82,0,0
BRDA:466,82,1,0
BRDA:467,83,0,0
BRDA:467,83,1,0
BRDA:468,84,0,0
BRDA:468,84,1,0
BRDA:468,85,0,0
BRDA:468,85,1,0
BRDA:469,86,0,0
BRDA:469,86,1,0
BRDA:469,87,0,0
BRDA:469,87,1,0
BRDA:470,88,0,0
BRDA:470,88,1,0
BRDA:471,89,0,0
BRDA:471,89,1,0
BRDA:485,90,0,0
BRDA:485,91,0,0
BRDA:488,92,0,0
BRDA:488,92,1,0
BRDA:495,93,0,0
BRDA:495,93,1,0
BRDA:517,94,0,0
BRDA:518,95,0,0
BRDA:518,96,0,0
BRDA:518,97,0,0
BRDA:518,98,0,0
BRDA:519,99,0,0
BRDA:519,99,1,0
BRDA:520,100,0,0
BRDA:520,100,1,0
BRDA:523,101,0,0
BRDA:523,101,1,0
BRDA:525,102,0,0
BRDA:525,102,1,0
BRDA:552,103,0,0
BRDA:552,103,1,0
BRDA:552,104,0,0
BRDA:552,104,1,0
BRDA:558,105,0,0
BRDA:558,105,1,0
BRDA:558,106,0,0
BRDA:558,106,1,0
BRDA:601,107,0,0
BRDA:601,107,1,0
BRDA:604,108,0,0
BRDA:604,108,1,0
BRDA:627,109,0,0
BRDA:648,110,0,0
BRDA:648,110,1,0
BRDA:652,111,0,0
BRDA:652,111,1,0
BRDA:677,112,0,0
BRDA:682,113,0,0
BRDA:682,113,1,0
BRDA:682,114,0,0
BRDA:682,114,1,0
BRDA:685,115,0,0
BRDA:685,115,1,0
BRDA:699,116,0,0
BRDA:699,116,1,0
BRDA:700,117,0,0
BRDA:700,117,1,0
BRDA:701,118,0,0
BRDA:701,118,1,0
BRDA:702,119,0,0
BRDA:702,119,1,0
BRDA:703,120,0,0
BRDA:703,120,1,0
BRDA:714,121,0,0
BRDA:714,121,1,0
BRDA:721,122,0,0
BRDA:721,122,1,0
BRF:231
BRH:72
end_of_record
TN:
SF:src/services/intelligence/narrativePreGeneration.js
FN:45,getTopPlayersByValue
FN:76,generatePairs
FN:97,filterUncachedPairs
FN:111,(anonymous_3)
FN:114,(anonymous_4)
FN:137,processBatch
FN:148,(anonymous_6)
FN:182,(anonymous_7)
FN:185,(anonymous_8)
FN:193,(anonymous_9)
FN:211,preGenerateTopTrades
FN:307,(anonymous_11)
FNF:12
FNH:2
FNDA:0,getTopPlayersByValue
FNDA:5,generatePairs
FNDA:0,filterUncachedPairs
FNDA:0,(anonymous_3)
FNDA:0,(anonymous_4)
FNDA:0,processBatch
FNDA:0,(anonymous_6)
FNDA:0,(anonymous_7)
FNDA:0,(anonymous_8)
FNDA:0,(anonymous_9)
FNDA:1,preGenerateTopTrades
FNDA:0,(anonymous_11)
DA:18,2
DA:19,2
DA:20,2
DA:21,2
DA:25,2
DA:46,0
DA:47,0
DA:48,0
DA:51,0
DA:52,0
DA:62,0
DA:63,0
DA:65,0
DA:66,0
DA:77,5
DA:78,5
DA:79,106
DA:80,10014
DA:81,9908
DA:85,5
DA:86,5
DA:98,0
DA:100,0
DA:102,0
DA:110,0
DA:111,0
DA:114,0
DA:115,0
DA:118,0
DA:119,0
DA:121,0
DA:122,0
DA:138,0
DA:141,0
DA:142,0
DA:143,0
DA:146,0
DA:147,0
DA:149,0
DA:150,0
DA:162,0
DA:163,0
DA:164,0
DA:166,0
DA:167,0
DA:170,0
DA:172,0
DA:173,0
DA:174,0
DA:176,0
DA:177,0
DA:182,0
DA:185,0
DA:186,0
DA:188,0
DA:189,0
DA:193,0
DA:196,0
DA:212,1
DA:213,1
DA:215,1
DA:225,1
DA:226,1
DA:227,1
DA:232,1
DA:233,1
DA:234,1
DA:237,0
DA:241,0
DA:243,0
DA:244,0
DA:245,0
DA:246,0
DA:250,0
DA:251,0
DA:254,0
DA:255,0
DA:256,0
DA:258,0
DA:259,0
DA:260,0
DA:264,0
DA:268,0
DA:269,0
DA:271,0
DA:279,0
DA:282,0
DA:283,0
DA:285,0
DA:286,0
DA:288,0
DA:289,0
DA:290,0
DA:292,0
DA:296,0
DA:297,0
DA:298,0
DA:306,0
DA:307,0
DA:311,0
DA:312,0
DA:314,0
DA:323,0
DA:325,0
DA:326,0
DA:327,0
DA:330,0
DA:331,0
DA:332,0
DA:334,0
DA:340,2
LF:111
LH:22
BRDA:45,0,0,0
BRDA:46,1,0,0
BRDA:46,1,1,0
BRDA:80,2,0,9908
BRDA:80,2,1,106
BRDA:97,3,0,0
BRDA:98,4,0,0
BRDA:98,4,1,0
BRDA:157,5,0,0
BRDA:157,5,1,0
BRDA:162,6,0,0
BRDA:162,6,1,0
BRDA:172,7,0,0
BRDA:172,7,1,0
BRDA:182,8,0,0
BRDA:182,8,1,0
BRDA:186,9,0,0
BRDA:186,9,1,0
BRDA:188,10,0,0
BRDA:188,10,1,0
BRDA:225,11,0,1
BRDA:225,11,1,0
BRDA:232,12,0,1
BRDA:232,12,1,0
BRDA:244,13,0,0
BRDA:244,13,1,0
BRDA:258,14,0,0
BRDA:258,14,1,0
BRDA:288,15,0,0
BRDA:288,15,1,0
BRDA:297,16,0,0
BRDA:297,16,1,0
BRDA:297,17,0,0
BRDA:297,17,1,0
BRDA:306,18,0,0
BRDA:306,18,1,0
BRDA:318,19,0,0
BRDA:318,19,1,0
BRDA:330,20,0,0
BRDA:330,20,1,0
BRF:40
BRH:4
end_of_record
TN:
SF:src/services/intelligence/narrativeValidator.js
FN:103,countWords
FN:105,(anonymous_1)
FN:111,containsNumbers
FN:120,detectPassiveVoice
FN:135,detectFillerWords
FN:156,validateSection
FN:236,(anonymous_6)
FN:256,validateNarrative
FN:283,(anonymous_8)
FN:320,passesMinimumQuality
FNF:10
FNH:9
FNDA:51,countWords
FNDA:1667,(anonymous_1)
FNDA:51,containsNumbers
FNDA:51,detectPassiveVoice
FNDA:48,detectFillerWords
FNDA:47,validateSection
FNDA:0,(anonymous_6)
FNDA:8,validateNarrative
FNDA:35,(anonymous_8)
FNDA:2,passesMinimumQuality
DA:22,4
DA:26,4
DA:27,4
DA:28,4
DA:29,4
DA:30,4
DA:33,4
DA:36,4
DA:74,4
DA:77,4
DA:93,4
DA:104,51
DA:105,1667
DA:112,51
DA:114,49
DA:121,51
DA:122,51
DA:123,51
DA:124,612
DA:125,612
DA:126,6
DA:129,51
DA:136,48
DA:137,47
DA:138,47
DA:139,47
DA:140,470
DA:141,470
DA:142,470
DA:143,9
DA:146,47
DA:157,47
DA:158,47
DA:159,47
DA:162,47
DA:163,2
DA:164,2
DA:168,45
DA:169,45
DA:170,5
DA:171,5
DA:172,40
DA:173,6
DA:174,6
DA:175,34
DA:177,1
DA:178,1
DA:179,1
DA:180,1
DA:182,0
DA:183,0
DA:185,33
DA:186,0
DA:187,0
DA:191,45
DA:192,45
DA:193,5
DA:194,5
DA:198,45
DA:199,2
DA:200,2
DA:204,45
DA:205,45
DA:206,45
DA:207,1440
DA:208,5
DA:211,45
DA:212,2
DA:213,2
DA:215,2
DA:216,2
DA:221,45
DA:222,0
DA:223,0
DA:227,45
DA:228,45
DA:229,0
DA:230,0
DA:234,45
DA:235,45
DA:236,0
DA:237,0
DA:240,45
DA:257,8
DA:258,1
DA:268,7
DA:269,7
DA:270,7
DA:271,7
DA:274,7
DA:275,35
DA:276,35
DA:277,35
DA:278,35
DA:279,35
DA:283,35
DA:284,7
DA:285,1
DA:289,7
DA:290,1
DA:294,7
DA:295,7
DA:296,7
DA:298,7
DA:299,0
DA:306,7
DA:321,2
DA:322,2
DA:325,4
LF:109
LH:98
BRDA:104,0,0,3
BRDA:104,0,1,48
BRDA:104,1,0,51
BRDA:104,1,1,48
BRDA:112,2,0,2
BRDA:112,2,1,49
BRDA:121,3,0,0
BRDA:121,3,1,51
BRDA:125,4,0,6
BRDA:125,4,1,606
BRDA:136,5,0,1
BRDA:136,5,1,47
BRDA:142,6,0,9
BRDA:142,6,1,461
BRDA:142,7,0,470
BRDA:142,7,1,9
BRDA:162,8,0,2
BRDA:162,8,1,45
BRDA:162,9,0,47
BRDA:162,9,1,45
BRDA:162,9,2,45
BRDA:169,10,0,5
BRDA:169,10,1,40
BRDA:172,11,0,6
BRDA:172,11,1,34
BRDA:175,12,0,1
BRDA:175,12,1,33
BRDA:178,13,0,1
BRDA:178,13,1,0
BRDA:185,14,0,0
BRDA:185,14,1,33
BRDA:192,15,0,5
BRDA:192,15,1,40
BRDA:198,16,0,2
BRDA:198,16,1,43
BRDA:207,17,0,5
BRDA:207,17,1,1435
BRDA:211,18,0,2
BRDA:211,18,1,43
BRDA:215,19,0,2
BRDA:215,19,1,0
BRDA:221,20,0,0
BRDA:221,20,1,45
BRDA:228,21,0,0
BRDA:228,21,1,45
BRDA:235,22,0,0
BRDA:235,22,1,45
BRDA:257,23,0,1
BRDA:257,23,1,7
BRDA:257,24,0,8
BRDA:257,24,1,7
BRDA:284,25,0,1
BRDA:284,25,1,6
BRDA:289,26,0,1
BRDA:289,26,1,6
BRDA:298,27,0,0
BRDA:298,27,1,7
BRDA:322,28,0,2
BRDA:322,28,1,2
BRF:59
BRH:51
end_of_record
TN:
SF:src/services/tep/positionRankCache.js
FN:38,_evictExpired
FN:59,getPositionRanks
FN:74,(anonymous_2)
FN:75,(anonymous_3)
FN:78,(anonymous_4)
FN:102,invalidateCache
FN:115,getStats
FN:128,resetStats
FNF:8
FNH:8
FNDA:17,_evictExpired
FNDA:29,getPositionRanks
FNDA:2154,(anonymous_2)
FNDA:2130,(anonymous_3)
FNDA:2147,(anonymous_4)
FNDA:2,invalidateCache
FNDA:12,getStats
FNDA:14,resetStats
DA:26,2
DA:29,2
DA:31,2
DA:32,2
DA:39,17
DA:40,17
DA:41,6
DA:42,1
DA:61,29
DA:62,28
DA:63,28
DA:64,11
DA:65,11
DA:70,18
DA:73,18
DA:74,2154
DA:75,2130
DA:77,18
DA:78,18
DA:79,2147
DA:80,2147
DA:84,18
DA:86,17
DA:87,17
DA:93,18
DA:103,2
DA:104,1
DA:106,1
DA:116,12
DA:117,12
DA:129,14
DA:130,14
DA:131,14
DA:134,2
LF:34
LH:34
BRDA:41,0,0,1
BRDA:41,0,1,5
BRDA:59,1,0,1
BRDA:59,2,0,27
BRDA:61,3,0,28
BRDA:61,3,1,1
BRDA:63,4,0,11
BRDA:63,4,1,17
BRDA:63,5,0,28
BRDA:63,5,1,12
BRDA:74,6,0,2154
BRDA:74,6,1,2152
BRDA:75,7,0,2130
BRDA:75,7,1,0
BRDA:75,7,2,0
BRDA:75,8,0,2130
BRDA:75,8,1,0
BRDA:75,8,2,0
BRDA:79,9,0,2147
BRDA:79,9,1,2147
BRDA:79,9,2,2147
BRDA:84,10,0,17
BRDA:84,10,1,1
BRDA:102,11,0,1
BRDA:103,12,0,1
BRDA:103,12,1,1
BRDA:121,13,0,1
BRDA:121,13,1,11
BRF:28
BRH:24
end_of_record
TN:
SF:src/services/tep/tep-config.js
FNF:0
FNH:0
DA:13,2
DA:24,2
DA:38,2
DA:50,2
DA:57,2
DA:90,2
DA:103,2
DA:120,2
DA:167,2
DA:181,2
DA:184,2
DA:186,2
LF:12
LH:12
BRF:0
BRH:0
end_of_record
TN:
SF:src/services/tep/tepValueService.js
FN:44,getScarcityMultiplier
FN:70,getScarcityTierLabel
FN:97,calculateAdvancedStatBonus
FN:153,getAgeCurveModifier
FN:177,assignTier
FN:215,calculateTEPValue
FN:319,calculateBatchTEPValues
FN:411,estimateKTCValue
FNF:8
FNH:8
FNDA:2270,getScarcityMultiplier
FNDA:2261,getScarcityTierLabel
FNDA:2261,calculateAdvancedStatBonus
FNDA:2271,getAgeCurveModifier
FNDA:2656,assignTier
FNDA:2648,calculateTEPValue
FNDA:20,calculateBatchTEPValues
FNDA:4,estimateKTCValue
DA:29,2
DA:31,2
DA:45,2270
DA:46,1233
DA:49,1037
DA:51,1037
DA:52,4979
DA:54,1037
DA:55,1037
DA:56,1037
DA:57,1037
DA:61,0
DA:71,2261
DA:73,1031
DA:74,4968
DA:75,1031
DA:78,0
DA:98,2261
DA:100,2258
DA:103,2258
DA:104,2258
DA:105,22
DA:106,22
DA:107,13
DA:108,7
DA:112,2258
DA:113,2258
DA:114,11
DA:115,11
DA:116,7
DA:117,4
DA:121,2258
DA:122,2258
DA:123,8
DA:124,8
DA:125,5
DA:126,3
DA:130,2258
DA:131,2258
DA:132,8
DA:133,8
DA:134,5
DA:138,2258
DA:154,2271
DA:156,1266
DA:157,3850
DA:158,1266
DA:161,0
DA:179,2656
DA:180,2656
DA:184,2656
DA:185,6737
DA:186,2656
DA:189,0
DA:224,2648
DA:225,3
DA:234,2645
DA:237,2645
DA:238,393
DA:249,2252
DA:252,2252
DA:255,2252
DA:258,2252
DA:261,2252
DA:264,2252
DA:265,2252
DA:268,2252
DA:270,2252
DA:301,2
DA:321,20
DA:322,5
DA:325,15
DA:328,14
DA:329,2
DA:335,12
DA:336,12
DA:337,2
DA:343,10
DA:344,10
DA:349,10
DA:350,10
DA:353,10
DA:356,10
DA:357,10
DA:359,2626
DA:360,1
DA:365,2625
DA:368,2625
DA:369,2
DA:370,2
DA:373,2623
DA:374,2623
DA:375,2623
DA:377,2623
DA:386,2623
DA:396,9
DA:412,4
DA:418,4
DA:419,4
DA:421,2
DA:428,2
LF:101
LH:97
BRDA:45,0,0,1233
BRDA:45,0,1,1037
BRDA:45,1,0,2270
BRDA:45,1,1,1039
BRDA:45,1,2,1038
BRDA:52,2,0,1037
BRDA:52,2,1,3942
BRDA:52,3,0,4979
BRDA:52,3,1,4979
BRDA:71,4,0,1230
BRDA:71,4,1,1031
BRDA:71,5,0,2261
BRDA:71,5,1,1031
BRDA:74,6,0,1031
BRDA:74,6,1,3937
BRDA:74,7,0,4968
BRDA:74,7,1,4968
BRDA:98,8,0,3
BRDA:98,8,1,2258
BRDA:98,9,0,2261
BRDA:98,9,1,2259
BRDA:104,10,0,22
BRDA:104,10,1,2236
BRDA:104,11,0,2258
BRDA:104,11,1,22
BRDA:106,12,0,9
BRDA:106,12,1,13
BRDA:107,13,0,6
BRDA:107,13,1,7
BRDA:108,14,0,6
BRDA:108,14,1,1
BRDA:113,15,0,11
BRDA:113,15,1,2247
BRDA:113,16,0,2258
BRDA:113,16,1,11
BRDA:115,17,0,4
BRDA:115,17,1,7
BRDA:116,18,0,3
BRDA:116,18,1,4
BRDA:117,19,0,3
BRDA:117,19,1,1
BRDA:122,20,0,8
BRDA:122,20,1,2250
BRDA:122,21,0,2258
BRDA:122,21,1,8
BRDA:124,22,0,3
BRDA:124,22,1,5
BRDA:125,23,0,2
BRDA:125,23,1,3
BRDA:126,24,0,2
BRDA:126,24,1,1
BRDA:131,25,0,8
BRDA:131,25,1,2250
BRDA:131,26,0,2258
BRDA:131,26,1,8
BRDA:133,27,0,3
BRDA:133,27,1,5
BRDA:134,28,0,2
BRDA:134,28,1,3
BRDA:154,29,0,1005
BRDA:154,29,1,1266
BRDA:154,30,0,2271
BRDA:154,30,1,1267
BRDA:154,30,2,1267
BRDA:157,31,0,1266
BRDA:157,31,1,2584
BRDA:157,32,0,3850
BRDA:157,32,1,3850
BRDA:179,33,0,2656
BRDA:179,33,1,2263
BRDA:179,33,2,2263
BRDA:180,34,0,2258
BRDA:180,34,1,398
BRDA:181,35,0,2258
BRDA:181,35,1,0
BRDA:185,36,0,2656
BRDA:185,36,1,4081
BRDA:218,37,0,6
BRDA:219,38,0,1009
BRDA:220,39,0,14
BRDA:221,40,0,0
BRDA:224,41,0,3
BRDA:224,41,1,2645
BRDA:224,42,0,2648
BRDA:224,42,1,2646
BRDA:234,43,0,2644
BRDA:234,43,1,1
BRDA:237,44,0,393
BRDA:237,44,1,2252
BRDA:237,45,0,2645
BRDA:237,45,1,2255
BRDA:249,46,0,2252
BRDA:249,46,1,0
BRDA:319,47,0,18
BRDA:321,48,0,5
BRDA:321,48,1,15
BRDA:325,49,0,1
BRDA:325,49,1,14
BRDA:328,50,0,2
BRDA:328,50,1,12
BRDA:336,51,0,2
BRDA:336,51,1,10
BRDA:359,52,0,1
BRDA:359,52,1,2625
BRDA:359,53,0,2626
BRDA:359,53,1,32
BRDA:359,53,2,22
BRDA:368,54,0,2
BRDA:368,54,1,2623
BRDA:368,55,0,2625
BRDA:368,55,1,2623
BRDA:373,56,0,2623
BRDA:373,56,1,2623
BRDA:373,56,2,2623
BRDA:374,57,0,2623
BRDA:374,57,1,1
BRDA:374,57,2,1
BRDA:374,57,3,1
BRDA:375,58,0,2623
BRDA:375,58,1,1614
BRDA:375,58,2,1614
BRDA:382,59,0,2623
BRDA:382,59,1,2617
BRDA:419,60,0,2
BRDA:419,60,1,2
BRF:125
BRH:122
end_of_record
TN:
SF:src/utils/helpers.js
FN:12,(anonymous_0)
FNF:1
FNH:1
FNDA:97,(anonymous_0)
DA:12,1
DA:14,97
DA:16,27
DA:17,4
DA:20,23
DA:23,23
DA:24,0
DA:26,23
DA:27,1
DA:29,22
DA:30,1
DA:34,21
DA:35,11
DA:36,2
DA:38,9
DA:39,1
DA:41,8
DA:42,1
DA:47,17
DA:48,10
DA:49,2
DA:53,15
DA:57,70
DA:58,8
DA:61,62
DA:64,62
DA:65,8
DA:67,54
DA:68,2
DA:70,52
DA:71,3
DA:73,49
DA:74,0
DA:78,49
DA:79,25
DA:80,8
DA:82,17
DA:83,1
DA:85,16
DA:86,1
DA:91,39
DA:92,5
DA:96,34
DA:97,2
DA:100,32
DA:103,32
DA:104,2
DA:106,30
DA:107,1
DA:109,29
DA:110,1
DA:112,28
DA:113,0
DA:117,28
DA:118,13
DA:119,2
DA:121,11
DA:122,1
DA:124,10
DA:125,1
DA:130,24
DA:131,2
DA:135,22
DA:136,6
DA:140,16
DA:141,4
DA:145,12
DA:146,12
DA:148,12
DA:151,1
LF:70
LH:67
BRDA:14,0,0,27
BRDA:14,0,1,70
BRDA:16,1,0,4
BRDA:16,1,1,23
BRDA:23,2,0,0
BRDA:23,2,1,23
BRDA:26,3,0,1
BRDA:26,3,1,22
BRDA:29,4,0,1
BRDA:29,4,1,21
BRDA:34,5,0,11
BRDA:34,5,1,10
BRDA:35,6,0,2
BRDA:35,6,1,9
BRDA:38,7,0,1
BRDA:38,7,1,8
BRDA:41,8,0,1
BRDA:41,8,1,7
BRDA:47,9,0,10
BRDA:47,9,1,7
BRDA:48,10,0,2
BRDA:48,10,1,8
BRDA:57,11,0,8
BRDA:57,11,1,62
BRDA:58,12,0,4
BRDA:58,12,1,4
BRDA:64,13,0,8
BRDA:64,13,1,54
BRDA:67,14,0,2
BRDA:67,14,1,52
BRDA:70,15,0,3
BRDA:70,15,1,49
BRDA:73,16,0,0
BRDA:73,16,1,49
BRDA:73,17,0,49
BRDA:73,17,1,25
BRDA:78,18,0,25
BRDA:78,18,1,24
BRDA:79,19,0,8
BRDA:79,19,1,17
BRDA:82,20,0,1
BRDA:82,20,1,16
BRDA:85,21,0,1
BRDA:85,21,1,15
BRDA:91,22,0,5
BRDA:91,22,1,34
BRDA:91,23,0,39
BRDA:91,23,1,24
BRDA:96,24,0,2
BRDA:96,24,1,32
BRDA:97,25,0,1
BRDA:97,25,1,1
BRDA:103,26,0,2
BRDA:103,26,1,30
BRDA:106,27,0,1
BRDA:106,27,1,29
BRDA:109,28,0,1
BRDA:109,28,1,28
BRDA:112,29,0,0
BRDA:112,29,1,28
BRDA:112,30,0,28
BRDA:112,30,1,13
BRDA:117,31,0,13
BRDA:117,31,1,15
BRDA:118,32,0,2
BRDA:118,32,1,11
BRDA:121,33,0,1
BRDA:121,33,1,10
BRDA:124,34,0,1
BRDA:124,34,1,9
BRDA:130,35,0,2
BRDA:130,35,1,22
BRDA:130,36,0,24
BRDA:130,36,1,15
BRDA:135,37,0,6
BRDA:135,37,1,16
BRDA:135,38,0,22
BRDA:135,38,1,11
BRDA:140,39,0,4
BRDA:140,39,1,12
BRDA:140,40,0,16
BRDA:140,40,1,11
BRDA:145,41,0,5
BRDA:145,41,1,7
BRDA:146,42,0,7
BRDA:146,42,1,5
BRF:86
BRH:83
end_of_record
TN:
SF:src/utils/logger.js
FN:2,(anonymous_0)
FN:8,(anonymous_1)
FNF:2
FNH:2
FNDA:37,(anonymous_0)
FNDA:16,(anonymous_1)
DA:2,7
DA:3,7
DA:8,16
DA:10,7
LF:4
LH:4
BRF:0
BRH:0
end_of_record
