{"/Users/jeffdaniels/.openclaw/workspace/titlerun-validation/src/index.ts": {"path":"/Users/jeffdaniels/.openclaw/workspace/titlerun-validation/src/index.ts","all":false,"statementMap":{"0":{"start":{"line":1,"column":0},"end":{"line":1,"column":3}},"1":{"start":{"line":2,"column":0},"end":{"line":2,"column":30}},"2":{"start":{"line":3,"column":0},"end":{"line":3,"column":3}},"3":{"start":{"line":4,"column":0},"end":{"line":4,"column":71}},"4":{"start":{"line":5,"column":0},"end":{"line":5,"column":40}},"5":{"start":{"line":6,"column":0},"end":{"line":6,"column":3}},"6":{"start":{"line":7,"column":0},"end":{"line":7,"column":30}},"7":{"start":{"line":8,"column":0},"end":{"line":8,"column":57}},"8":{"start":{"line":9,"column":0},"end":{"line":9,"column":47}},"9":{"start":{"line":10,"column":0},"end":{"line":10,"column":35}},"10":{"start":{"line":11,"column":0},"end":{"line":11,"column":22}},"11":{"start":{"line":12,"column":0},"end":{"line":12,"column":56}},"12":{"start":{"line":13,"column":0},"end":{"line":13,"column":48}},"13":{"start":{"line":14,"column":0},"end":{"line":14,"column":3}},"14":{"start":{"line":15,"column":0},"end":{"line":15,"column":35}},"15":{"start":{"line":16,"column":0},"end":{"line":16,"column":49}},"16":{"start":{"line":17,"column":0},"end":{"line":17,"column":39}},"17":{"start":{"line":18,"column":0},"end":{"line":18,"column":40}},"18":{"start":{"line":19,"column":0},"end":{"line":19,"column":42}},"19":{"start":{"line":20,"column":0},"end":{"line":20,"column":3}},"20":{"start":{"line":21,"column":0},"end":{"line":21,"column":0}},"21":{"start":{"line":22,"column":0},"end":{"line":22,"column":37}},"22":{"start":{"line":23,"column":0},"end":{"line":23,"column":0}},"23":{"start":{"line":24,"column":0},"end":{"line":24,"column":3}},"24":{"start":{"line":25,"column":0},"end":{"line":25,"column":63}},"25":{"start":{"line":26,"column":0},"end":{"line":26,"column":3}},"26":{"start":{"line":27,"column":0},"end":{"line":27,"column":42}},"27":{"start":{"line":28,"column":0},"end":{"line":28,"column":0}},"28":{"start":{"line":29,"column":0},"end":{"line":29,"column":3}},"29":{"start":{"line":30,"column":0},"end":{"line":30,"column":54}},"30":{"start":{"line":31,"column":0},"end":{"line":31,"column":3}},"31":{"start":{"line":32,"column":0},"end":{"line":32,"column":37}},"32":{"start":{"line":33,"column":0},"end":{"line":33,"column":62}},"33":{"start":{"line":34,"column":0},"end":{"line":34,"column":30}},"34":{"start":{"line":35,"column":0},"end":{"line":35,"column":2}},"35":{"start":{"line":36,"column":0},"end":{"line":36,"column":50}},"36":{"start":{"line":37,"column":0},"end":{"line":37,"column":39}},"37":{"start":{"line":38,"column":0},"end":{"line":38,"column":2}},"38":{"start":{"line":39,"column":0},"end":{"line":39,"column":44}},"39":{"start":{"line":40,"column":0},"end":{"line":40,"column":17}},"40":{"start":{"line":41,"column":0},"end":{"line":41,"column":2}},"41":{"start":{"line":42,"column":0},"end":{"line":42,"column":40}},"42":{"start":{"line":43,"column":0},"end":{"line":43,"column":26}},"43":{"start":{"line":44,"column":0},"end":{"line":44,"column":2}},"44":{"start":{"line":45,"column":0},"end":{"line":45,"column":35}},"45":{"start":{"line":46,"column":0},"end":{"line":46,"column":26}},"46":{"start":{"line":47,"column":0},"end":{"line":47,"column":2}},"47":{"start":{"line":48,"column":0},"end":{"line":48,"column":22}},"48":{"start":{"line":49,"column":0},"end":{"line":49,"column":37}},"49":{"start":{"line":50,"column":0},"end":{"line":50,"column":45}},"50":{"start":{"line":51,"column":0},"end":{"line":51,"column":43}},"51":{"start":{"line":52,"column":0},"end":{"line":52,"column":35}},"52":{"start":{"line":53,"column":0},"end":{"line":53,"column":2}},"53":{"start":{"line":54,"column":0},"end":{"line":54,"column":28}},"54":{"start":{"line":55,"column":0},"end":{"line":55,"column":30}},"55":{"start":{"line":56,"column":0},"end":{"line":56,"column":37}},"56":{"start":{"line":57,"column":0},"end":{"line":57,"column":11}},"57":{"start":{"line":58,"column":0},"end":{"line":58,"column":0}},"58":{"start":{"line":59,"column":0},"end":{"line":59,"column":3}},"59":{"start":{"line":60,"column":0},"end":{"line":60,"column":69}},"60":{"start":{"line":61,"column":0},"end":{"line":61,"column":3}},"61":{"start":{"line":62,"column":0},"end":{"line":62,"column":33}},"62":{"start":{"line":63,"column":0},"end":{"line":63,"column":42}},"63":{"start":{"line":64,"column":0},"end":{"line":64,"column":32}},"64":{"start":{"line":65,"column":0},"end":{"line":65,"column":32}},"65":{"start":{"line":66,"column":0},"end":{"line":66,"column":36}},"66":{"start":{"line":67,"column":0},"end":{"line":67,"column":32}},"67":{"start":{"line":68,"column":0},"end":{"line":68,"column":30}},"68":{"start":{"line":69,"column":0},"end":{"line":69,"column":36}},"69":{"start":{"line":70,"column":0},"end":{"line":70,"column":32}},"70":{"start":{"line":71,"column":0},"end":{"line":71,"column":38}},"71":{"start":{"line":72,"column":0},"end":{"line":72,"column":60}},"72":{"start":{"line":73,"column":0},"end":{"line":73,"column":58}},"73":{"start":{"line":74,"column":0},"end":{"line":74,"column":44}},"74":{"start":{"line":75,"column":0},"end":{"line":75,"column":46}},"75":{"start":{"line":76,"column":0},"end":{"line":76,"column":1}},"76":{"start":{"line":77,"column":0},"end":{"line":77,"column":0}},"77":{"start":{"line":78,"column":0},"end":{"line":78,"column":3}},"78":{"start":{"line":79,"column":0},"end":{"line":79,"column":71}},"79":{"start":{"line":80,"column":0},"end":{"line":80,"column":85}},"80":{"start":{"line":81,"column":0},"end":{"line":81,"column":3}},"81":{"start":{"line":82,"column":0},"end":{"line":82,"column":46}},"82":{"start":{"line":83,"column":0},"end":{"line":83,"column":49}},"83":{"start":{"line":84,"column":0},"end":{"line":84,"column":44}},"84":{"start":{"line":85,"column":0},"end":{"line":85,"column":23}},"85":{"start":{"line":86,"column":0},"end":{"line":86,"column":3}},"86":{"start":{"line":87,"column":0},"end":{"line":87,"column":0}},"87":{"start":{"line":88,"column":0},"end":{"line":88,"column":3}},"88":{"start":{"line":89,"column":0},"end":{"line":89,"column":54}},"89":{"start":{"line":90,"column":0},"end":{"line":90,"column":65}},"90":{"start":{"line":91,"column":0},"end":{"line":91,"column":3}},"91":{"start":{"line":92,"column":0},"end":{"line":92,"column":25}},"92":{"start":{"line":93,"column":0},"end":{"line":93,"column":62}},"93":{"start":{"line":94,"column":0},"end":{"line":94,"column":63}},"94":{"start":{"line":95,"column":0},"end":{"line":95,"column":1}},"95":{"start":{"line":96,"column":0},"end":{"line":96,"column":0}},"96":{"start":{"line":97,"column":0},"end":{"line":97,"column":22}},"97":{"start":{"line":98,"column":0},"end":{"line":98,"column":47}},"98":{"start":{"line":99,"column":0},"end":{"line":99,"column":49}},"99":{"start":{"line":100,"column":0},"end":{"line":100,"column":2}},"100":{"start":{"line":101,"column":0},"end":{"line":101,"column":0}},"101":{"start":{"line":102,"column":0},"end":{"line":102,"column":3}},"102":{"start":{"line":103,"column":0},"end":{"line":103,"column":50}},"103":{"start":{"line":104,"column":0},"end":{"line":104,"column":3}},"104":{"start":{"line":105,"column":0},"end":{"line":105,"column":55}},"105":{"start":{"line":106,"column":0},"end":{"line":106,"column":24}},"106":{"start":{"line":107,"column":0},"end":{"line":107,"column":1}},"107":{"start":{"line":108,"column":0},"end":{"line":108,"column":0}},"108":{"start":{"line":109,"column":0},"end":{"line":109,"column":3}},"109":{"start":{"line":110,"column":0},"end":{"line":110,"column":54}},"110":{"start":{"line":111,"column":0},"end":{"line":111,"column":59}},"111":{"start":{"line":112,"column":0},"end":{"line":112,"column":3}},"112":{"start":{"line":113,"column":0},"end":{"line":113,"column":52}},"113":{"start":{"line":114,"column":0},"end":{"line":114,"column":61}},"114":{"start":{"line":115,"column":0},"end":{"line":115,"column":34}},"115":{"start":{"line":116,"column":0},"end":{"line":116,"column":1}},"116":{"start":{"line":117,"column":0},"end":{"line":117,"column":0}},"117":{"start":{"line":118,"column":0},"end":{"line":118,"column":3}},"118":{"start":{"line":119,"column":0},"end":{"line":119,"column":42}},"119":{"start":{"line":120,"column":0},"end":{"line":120,"column":67}},"120":{"start":{"line":121,"column":0},"end":{"line":121,"column":3}},"121":{"start":{"line":122,"column":0},"end":{"line":122,"column":50}},"122":{"start":{"line":123,"column":0},"end":{"line":123,"column":36}},"123":{"start":{"line":124,"column":0},"end":{"line":124,"column":34}},"124":{"start":{"line":125,"column":0},"end":{"line":125,"column":1}},"125":{"start":{"line":126,"column":0},"end":{"line":126,"column":0}},"126":{"start":{"line":127,"column":0},"end":{"line":127,"column":3}},"127":{"start":{"line":128,"column":0},"end":{"line":128,"column":35}},"128":{"start":{"line":129,"column":0},"end":{"line":129,"column":58}},"129":{"start":{"line":130,"column":0},"end":{"line":130,"column":3}},"130":{"start":{"line":131,"column":0},"end":{"line":131,"column":44}},"131":{"start":{"line":132,"column":0},"end":{"line":132,"column":25}},"132":{"start":{"line":133,"column":0},"end":{"line":133,"column":1}},"133":{"start":{"line":134,"column":0},"end":{"line":134,"column":0}},"134":{"start":{"line":135,"column":0},"end":{"line":135,"column":3}},"135":{"start":{"line":136,"column":0},"end":{"line":136,"column":42}},"136":{"start":{"line":137,"column":0},"end":{"line":137,"column":3}},"137":{"start":{"line":138,"column":0},"end":{"line":138,"column":51}},"138":{"start":{"line":139,"column":0},"end":{"line":139,"column":36}},"139":{"start":{"line":140,"column":0},"end":{"line":140,"column":3}},"140":{"start":{"line":141,"column":0},"end":{"line":141,"column":26}},"141":{"start":{"line":142,"column":0},"end":{"line":142,"column":56}},"142":{"start":{"line":143,"column":0},"end":{"line":143,"column":47}},"143":{"start":{"line":144,"column":0},"end":{"line":144,"column":30}},"144":{"start":{"line":145,"column":0},"end":{"line":145,"column":29}},"145":{"start":{"line":146,"column":0},"end":{"line":146,"column":22}},"146":{"start":{"line":147,"column":0},"end":{"line":147,"column":30}},"147":{"start":{"line":148,"column":0},"end":{"line":148,"column":3}},"148":{"start":{"line":149,"column":0},"end":{"line":149,"column":45}},"149":{"start":{"line":150,"column":0},"end":{"line":150,"column":43}},"150":{"start":{"line":151,"column":0},"end":{"line":151,"column":3}},"151":{"start":{"line":152,"column":0},"end":{"line":152,"column":59}},"152":{"start":{"line":153,"column":0},"end":{"line":153,"column":46}},"153":{"start":{"line":154,"column":0},"end":{"line":154,"column":44}},"154":{"start":{"line":155,"column":0},"end":{"line":155,"column":2}},"155":{"start":{"line":156,"column":0},"end":{"line":156,"column":35}},"156":{"start":{"line":157,"column":0},"end":{"line":157,"column":51}},"157":{"start":{"line":158,"column":0},"end":{"line":158,"column":2}},"158":{"start":{"line":159,"column":0},"end":{"line":159,"column":7}},"159":{"start":{"line":160,"column":0},"end":{"line":160,"column":36}},"160":{"start":{"line":161,"column":0},"end":{"line":161,"column":44}},"161":{"start":{"line":162,"column":0},"end":{"line":162,"column":56}},"162":{"start":{"line":163,"column":0},"end":{"line":163,"column":18}},"163":{"start":{"line":164,"column":0},"end":{"line":164,"column":5}},"164":{"start":{"line":165,"column":0},"end":{"line":165,"column":4}},"165":{"start":{"line":166,"column":0},"end":{"line":166,"column":51}},"166":{"start":{"line":167,"column":0},"end":{"line":167,"column":34}},"167":{"start":{"line":168,"column":0},"end":{"line":168,"column":51}},"168":{"start":{"line":169,"column":0},"end":{"line":169,"column":18}},"169":{"start":{"line":170,"column":0},"end":{"line":170,"column":5}},"170":{"start":{"line":171,"column":0},"end":{"line":171,"column":4}},"171":{"start":{"line":172,"column":0},"end":{"line":172,"column":18}},"172":{"start":{"line":173,"column":0},"end":{"line":173,"column":34}},"173":{"start":{"line":174,"column":0},"end":{"line":174,"column":34}},"174":{"start":{"line":175,"column":0},"end":{"line":175,"column":53}},"175":{"start":{"line":176,"column":0},"end":{"line":176,"column":20}},"176":{"start":{"line":177,"column":0},"end":{"line":177,"column":7}},"177":{"start":{"line":178,"column":0},"end":{"line":178,"column":6}},"178":{"start":{"line":179,"column":0},"end":{"line":179,"column":35}},"179":{"start":{"line":180,"column":0},"end":{"line":180,"column":55}},"180":{"start":{"line":181,"column":0},"end":{"line":181,"column":20}},"181":{"start":{"line":182,"column":0},"end":{"line":182,"column":7}},"182":{"start":{"line":183,"column":0},"end":{"line":183,"column":6}},"183":{"start":{"line":184,"column":0},"end":{"line":184,"column":51}},"184":{"start":{"line":185,"column":0},"end":{"line":185,"column":52}},"185":{"start":{"line":186,"column":0},"end":{"line":186,"column":20}},"186":{"start":{"line":187,"column":0},"end":{"line":187,"column":7}},"187":{"start":{"line":188,"column":0},"end":{"line":188,"column":6}},"188":{"start":{"line":189,"column":0},"end":{"line":189,"column":51}},"189":{"start":{"line":190,"column":0},"end":{"line":190,"column":53}},"190":{"start":{"line":191,"column":0},"end":{"line":191,"column":20}},"191":{"start":{"line":192,"column":0},"end":{"line":192,"column":7}},"192":{"start":{"line":193,"column":0},"end":{"line":193,"column":6}},"193":{"start":{"line":194,"column":0},"end":{"line":194,"column":19}},"194":{"start":{"line":195,"column":0},"end":{"line":195,"column":5}},"195":{"start":{"line":196,"column":0},"end":{"line":196,"column":18}},"196":{"start":{"line":197,"column":0},"end":{"line":197,"column":39}},"197":{"start":{"line":198,"column":0},"end":{"line":198,"column":43}},"198":{"start":{"line":199,"column":0},"end":{"line":199,"column":37}},"199":{"start":{"line":200,"column":0},"end":{"line":200,"column":67}},"200":{"start":{"line":201,"column":0},"end":{"line":201,"column":20}},"201":{"start":{"line":202,"column":0},"end":{"line":202,"column":7}},"202":{"start":{"line":203,"column":0},"end":{"line":203,"column":6}},"203":{"start":{"line":204,"column":0},"end":{"line":204,"column":42}},"204":{"start":{"line":205,"column":0},"end":{"line":205,"column":35}},"205":{"start":{"line":206,"column":0},"end":{"line":206,"column":66}},"206":{"start":{"line":207,"column":0},"end":{"line":207,"column":20}},"207":{"start":{"line":208,"column":0},"end":{"line":208,"column":7}},"208":{"start":{"line":209,"column":0},"end":{"line":209,"column":6}},"209":{"start":{"line":210,"column":0},"end":{"line":210,"column":35}},"210":{"start":{"line":211,"column":0},"end":{"line":211,"column":29}},"211":{"start":{"line":212,"column":0},"end":{"line":212,"column":59}},"212":{"start":{"line":213,"column":0},"end":{"line":213,"column":20}},"213":{"start":{"line":214,"column":0},"end":{"line":214,"column":7}},"214":{"start":{"line":215,"column":0},"end":{"line":215,"column":6}},"215":{"start":{"line":216,"column":0},"end":{"line":216,"column":24}},"216":{"start":{"line":217,"column":0},"end":{"line":217,"column":33}},"217":{"start":{"line":218,"column":0},"end":{"line":218,"column":6}},"218":{"start":{"line":219,"column":0},"end":{"line":219,"column":27}},"219":{"start":{"line":220,"column":0},"end":{"line":220,"column":104}},"220":{"start":{"line":221,"column":0},"end":{"line":221,"column":20}},"221":{"start":{"line":222,"column":0},"end":{"line":222,"column":7}},"222":{"start":{"line":223,"column":0},"end":{"line":223,"column":6}},"223":{"start":{"line":224,"column":0},"end":{"line":224,"column":68}},"224":{"start":{"line":225,"column":0},"end":{"line":225,"column":32}},"225":{"start":{"line":226,"column":0},"end":{"line":226,"column":55}},"226":{"start":{"line":227,"column":0},"end":{"line":227,"column":20}},"227":{"start":{"line":228,"column":0},"end":{"line":228,"column":7}},"228":{"start":{"line":229,"column":0},"end":{"line":229,"column":6}},"229":{"start":{"line":230,"column":0},"end":{"line":230,"column":24}},"230":{"start":{"line":231,"column":0},"end":{"line":231,"column":37}},"231":{"start":{"line":232,"column":0},"end":{"line":232,"column":6}},"232":{"start":{"line":233,"column":0},"end":{"line":233,"column":37}},"233":{"start":{"line":234,"column":0},"end":{"line":234,"column":53}},"234":{"start":{"line":235,"column":0},"end":{"line":235,"column":20}},"235":{"start":{"line":236,"column":0},"end":{"line":236,"column":7}},"236":{"start":{"line":237,"column":0},"end":{"line":237,"column":6}},"237":{"start":{"line":238,"column":0},"end":{"line":238,"column":38}},"238":{"start":{"line":239,"column":0},"end":{"line":239,"column":55}},"239":{"start":{"line":240,"column":0},"end":{"line":240,"column":20}},"240":{"start":{"line":241,"column":0},"end":{"line":241,"column":7}},"241":{"start":{"line":242,"column":0},"end":{"line":242,"column":6}},"242":{"start":{"line":243,"column":0},"end":{"line":243,"column":54}},"243":{"start":{"line":244,"column":0},"end":{"line":244,"column":52}},"244":{"start":{"line":245,"column":0},"end":{"line":245,"column":20}},"245":{"start":{"line":246,"column":0},"end":{"line":246,"column":7}},"246":{"start":{"line":247,"column":0},"end":{"line":247,"column":6}},"247":{"start":{"line":248,"column":0},"end":{"line":248,"column":54}},"248":{"start":{"line":249,"column":0},"end":{"line":249,"column":53}},"249":{"start":{"line":250,"column":0},"end":{"line":250,"column":20}},"250":{"start":{"line":251,"column":0},"end":{"line":251,"column":7}},"251":{"start":{"line":252,"column":0},"end":{"line":252,"column":6}},"252":{"start":{"line":253,"column":0},"end":{"line":253,"column":22}},"253":{"start":{"line":254,"column":0},"end":{"line":254,"column":5}},"254":{"start":{"line":255,"column":0},"end":{"line":255,"column":19}},"255":{"start":{"line":256,"column":0},"end":{"line":256,"column":10}},"256":{"start":{"line":257,"column":0},"end":{"line":257,"column":51}},"257":{"start":{"line":258,"column":0},"end":{"line":258,"column":18}},"258":{"start":{"line":259,"column":0},"end":{"line":259,"column":5}},"259":{"start":{"line":260,"column":0},"end":{"line":260,"column":4}},"260":{"start":{"line":261,"column":0},"end":{"line":261,"column":18}},"261":{"start":{"line":262,"column":0},"end":{"line":262,"column":4}},"262":{"start":{"line":263,"column":0},"end":{"line":263,"column":13}},"263":{"start":{"line":264,"column":0},"end":{"line":264,"column":67}},"264":{"start":{"line":265,"column":0},"end":{"line":265,"column":44}},"265":{"start":{"line":266,"column":0},"end":{"line":266,"column":50}},"266":{"start":{"line":267,"column":0},"end":{"line":267,"column":4}},"267":{"start":{"line":268,"column":0},"end":{"line":268,"column":72}},"268":{"start":{"line":269,"column":0},"end":{"line":269,"column":20}},"269":{"start":{"line":270,"column":0},"end":{"line":270,"column":54}},"270":{"start":{"line":271,"column":0},"end":{"line":271,"column":24}},"271":{"start":{"line":272,"column":0},"end":{"line":272,"column":25}},"272":{"start":{"line":273,"column":0},"end":{"line":273,"column":18}},"273":{"start":{"line":274,"column":0},"end":{"line":274,"column":47}},"274":{"start":{"line":275,"column":0},"end":{"line":275,"column":9}},"275":{"start":{"line":276,"column":0},"end":{"line":276,"column":5}},"276":{"start":{"line":277,"column":0},"end":{"line":277,"column":4}},"277":{"start":{"line":278,"column":0},"end":{"line":278,"column":63}},"278":{"start":{"line":279,"column":0},"end":{"line":279,"column":59}},"279":{"start":{"line":280,"column":0},"end":{"line":280,"column":39}},"280":{"start":{"line":281,"column":0},"end":{"line":281,"column":49}},"281":{"start":{"line":282,"column":0},"end":{"line":282,"column":63}},"282":{"start":{"line":283,"column":0},"end":{"line":283,"column":65}},"283":{"start":{"line":284,"column":0},"end":{"line":284,"column":52}},"284":{"start":{"line":285,"column":0},"end":{"line":285,"column":20}},"285":{"start":{"line":286,"column":0},"end":{"line":286,"column":7}},"286":{"start":{"line":287,"column":0},"end":{"line":287,"column":5}},"287":{"start":{"line":288,"column":0},"end":{"line":288,"column":3}},"288":{"start":{"line":289,"column":0},"end":{"line":289,"column":1}},"289":{"start":{"line":290,"column":0},"end":{"line":290,"column":0}},"290":{"start":{"line":291,"column":0},"end":{"line":291,"column":3}},"291":{"start":{"line":292,"column":0},"end":{"line":292,"column":43}},"292":{"start":{"line":293,"column":0},"end":{"line":293,"column":3}},"293":{"start":{"line":294,"column":0},"end":{"line":294,"column":31}},"294":{"start":{"line":295,"column":0},"end":{"line":295,"column":32}},"295":{"start":{"line":296,"column":0},"end":{"line":296,"column":3}},"296":{"start":{"line":297,"column":0},"end":{"line":297,"column":58}},"297":{"start":{"line":298,"column":0},"end":{"line":298,"column":50}},"298":{"start":{"line":299,"column":0},"end":{"line":299,"column":42}},"299":{"start":{"line":300,"column":0},"end":{"line":300,"column":9}},"300":{"start":{"line":301,"column":0},"end":{"line":301,"column":29}},"301":{"start":{"line":302,"column":0},"end":{"line":302,"column":17}},"302":{"start":{"line":303,"column":0},"end":{"line":303,"column":11}},"303":{"start":{"line":304,"column":0},"end":{"line":304,"column":2}},"304":{"start":{"line":305,"column":0},"end":{"line":305,"column":52}},"305":{"start":{"line":306,"column":0},"end":{"line":306,"column":51}},"306":{"start":{"line":307,"column":0},"end":{"line":307,"column":34}},"307":{"start":{"line":308,"column":0},"end":{"line":308,"column":3}},"308":{"start":{"line":309,"column":0},"end":{"line":309,"column":2}},"309":{"start":{"line":310,"column":0},"end":{"line":310,"column":26}},"310":{"start":{"line":311,"column":0},"end":{"line":311,"column":42}},"311":{"start":{"line":312,"column":0},"end":{"line":312,"column":2}},"312":{"start":{"line":313,"column":0},"end":{"line":313,"column":61}},"313":{"start":{"line":314,"column":0},"end":{"line":314,"column":45}},"314":{"start":{"line":315,"column":0},"end":{"line":315,"column":34}},"315":{"start":{"line":316,"column":0},"end":{"line":316,"column":3}},"316":{"start":{"line":317,"column":0},"end":{"line":317,"column":2}},"317":{"start":{"line":318,"column":0},"end":{"line":318,"column":16}},"318":{"start":{"line":319,"column":0},"end":{"line":319,"column":1}},"319":{"start":{"line":320,"column":0},"end":{"line":320,"column":0}},"320":{"start":{"line":321,"column":0},"end":{"line":321,"column":3}},"321":{"start":{"line":322,"column":0},"end":{"line":322,"column":43}},"322":{"start":{"line":323,"column":0},"end":{"line":323,"column":3}},"323":{"start":{"line":324,"column":0},"end":{"line":324,"column":61}},"324":{"start":{"line":325,"column":0},"end":{"line":325,"column":3}},"325":{"start":{"line":326,"column":0},"end":{"line":326,"column":34}},"326":{"start":{"line":327,"column":0},"end":{"line":327,"column":35}},"327":{"start":{"line":328,"column":0},"end":{"line":328,"column":65}},"328":{"start":{"line":329,"column":0},"end":{"line":329,"column":3}},"329":{"start":{"line":330,"column":0},"end":{"line":330,"column":58}},"330":{"start":{"line":331,"column":0},"end":{"line":331,"column":37}},"331":{"start":{"line":332,"column":0},"end":{"line":332,"column":37}},"332":{"start":{"line":333,"column":0},"end":{"line":333,"column":2}},"333":{"start":{"line":334,"column":0},"end":{"line":334,"column":39}},"334":{"start":{"line":335,"column":0},"end":{"line":335,"column":53}},"335":{"start":{"line":336,"column":0},"end":{"line":336,"column":17}},"336":{"start":{"line":337,"column":0},"end":{"line":337,"column":3}},"337":{"start":{"line":338,"column":0},"end":{"line":338,"column":2}},"338":{"start":{"line":339,"column":0},"end":{"line":339,"column":37}},"339":{"start":{"line":340,"column":0},"end":{"line":340,"column":1}},"340":{"start":{"line":341,"column":0},"end":{"line":341,"column":0}},"341":{"start":{"line":342,"column":0},"end":{"line":342,"column":3}},"342":{"start":{"line":343,"column":0},"end":{"line":343,"column":53}},"343":{"start":{"line":344,"column":0},"end":{"line":344,"column":3}},"344":{"start":{"line":345,"column":0},"end":{"line":345,"column":38}},"345":{"start":{"line":346,"column":0},"end":{"line":346,"column":18}},"346":{"start":{"line":347,"column":0},"end":{"line":347,"column":1}},"347":{"start":{"line":348,"column":0},"end":{"line":348,"column":0}},"348":{"start":{"line":349,"column":0},"end":{"line":349,"column":3}},"349":{"start":{"line":350,"column":0},"end":{"line":350,"column":40}},"350":{"start":{"line":351,"column":0},"end":{"line":351,"column":3}},"351":{"start":{"line":352,"column":0},"end":{"line":352,"column":35}},"352":{"start":{"line":353,"column":0},"end":{"line":353,"column":10}},"353":{"start":{"line":354,"column":0},"end":{"line":354,"column":23}},"354":{"start":{"line":355,"column":0},"end":{"line":355,"column":21}},"355":{"start":{"line":356,"column":0},"end":{"line":356,"column":43}},"356":{"start":{"line":357,"column":0},"end":{"line":357,"column":4}},"357":{"start":{"line":358,"column":0},"end":{"line":358,"column":1}}},"s":{"0":1,"1":1,"2":1,"3":1,"4":1,"5":1,"6":1,"7":1,"8":1,"9":1,"10":1,"11":1,"12":1,"13":1,"14":1,"15":1,"16":1,"17":1,"18":1,"19":1,"20":1,"21":1,"22":1,"23":1,"24":1,"25":1,"26":1,"27":1,"28":1,"29":1,"30":1,"31":1,"32":1,"33":1,"34":1,"35":1,"36":1,"37":1,"38":1,"39":1,"40":1,"41":1,"42":1,"43":1,"44":1,"45":1,"46":1,"47":1,"48":1,"49":1,"50":1,"51":1,"52":1,"53":1,"54":1,"55":1,"56":1,"57":1,"58":1,"59":1,"60":1,"61":1,"62":1,"63":1,"64":1,"65":1,"66":1,"67":1,"68":1,"69":1,"70":1,"71":1,"72":1,"73":1,"74":1,"75":1,"76":1,"77":1,"78":1,"79":1,"80":1,"81":1,"82":1,"83":1,"84":1,"85":1,"86":1,"87":1,"88":1,"89":1,"90":1,"91":1,"92":1,"93":1,"94":1,"95":1,"96":1,"97":1,"98":1,"99":1,"100":1,"101":1,"102":1,"103":1,"104":1,"105":1,"106":1,"107":1,"108":1,"109":1,"110":1,"111":1,"112":73,"113":73,"114":73,"115":73,"116":1,"117":1,"118":1,"119":1,"120":1,"121":63,"122":63,"123":63,"124":63,"125":1,"126":1,"127":1,"128":1,"129":1,"130":59,"131":59,"132":59,"133":1,"134":1,"135":1,"136":1,"137":1,"138":1,"139":1,"140":1,"141":1,"142":1,"143":1,"144":1,"145":1,"146":1,"147":1,"148":1,"149":1,"150":1,"151":148,"152":148,"153":148,"154":148,"155":148,"156":148,"157":148,"158":148,"159":148,"160":148,"161":15,"162":15,"163":15,"164":133,"165":133,"166":148,"167":4,"168":4,"169":4,"170":129,"171":129,"172":147,"173":43,"174":7,"175":7,"176":7,"177":36,"178":43,"179":3,"180":3,"181":3,"182":33,"183":43,"184":5,"185":5,"186":5,"187":28,"188":43,"189":3,"190":3,"191":3,"192":25,"193":25,"194":25,"195":86,"196":86,"197":73,"198":73,"199":10,"200":10,"201":10,"202":63,"203":63,"204":73,"205":4,"206":4,"207":4,"208":59,"209":59,"210":73,"211":7,"212":7,"213":7,"214":52,"215":52,"216":52,"217":52,"218":73,"219":6,"220":6,"221":6,"222":46,"223":46,"224":73,"225":1,"226":1,"227":1,"228":45,"229":45,"230":45,"231":45,"232":73,"233":12,"234":12,"235":12,"236":33,"237":73,"238":1,"239":1,"240":1,"241":32,"242":73,"243":1,"244":1,"245":1,"246":31,"247":73,"248":1,"249":1,"250":1,"251":30,"252":30,"253":30,"254":13,"255":13,"256":13,"257":13,"258":13,"259":55,"260":55,"261":55,"262":148,"263":148,"264":148,"265":148,"266":148,"267":148,"268":148,"269":93,"270":93,"271":93,"272":93,"273":93,"274":93,"275":93,"276":148,"277":148,"278":148,"279":148,"280":119,"281":119,"282":119,"283":119,"284":645,"285":645,"286":119,"287":148,"288":148,"289":1,"290":1,"291":1,"292":1,"293":1,"294":1,"295":1,"296":1,"297":483,"298":483,"299":91,"300":392,"301":360,"302":32,"303":483,"304":483,"305":483,"306":335,"307":335,"308":148,"309":148,"310":148,"311":148,"312":148,"313":483,"314":55,"315":55,"316":148,"317":148,"318":148,"319":1,"320":1,"321":1,"322":1,"323":1,"324":1,"325":1,"326":1,"327":1,"328":1,"329":1,"330":154,"331":154,"332":154,"333":154,"334":154,"335":27,"336":27,"337":127,"338":127,"339":127,"340":1,"341":1,"342":1,"343":1,"344":1,"345":97,"346":97,"347":1,"348":1,"349":1,"350":1,"351":1,"352":6,"353":6,"354":6,"355":6,"356":6,"357":6},"branchMap":{"0":{"type":"branch","line":62,"loc":{"start":{"line":62,"column":7},"end":{"line":62,"column":33}},"locations":[{"start":{"line":62,"column":7},"end":{"line":62,"column":33}}]},"1":{"type":"branch","line":98,"loc":{"start":{"line":98,"column":8},"end":{"line":98,"column":47}},"locations":[{"start":{"line":98,"column":8},"end":{"line":98,"column":47}}]},"2":{"type":"branch","line":105,"loc":{"start":{"line":105,"column":7},"end":{"line":107,"column":1}},"locations":[{"start":{"line":105,"column":7},"end":{"line":107,"column":1}}]},"3":{"type":"branch","line":113,"loc":{"start":{"line":113,"column":0},"end":{"line":116,"column":1}},"locations":[{"start":{"line":113,"column":0},"end":{"line":116,"column":1}}]},"4":{"type":"branch","line":122,"loc":{"start":{"line":122,"column":0},"end":{"line":125,"column":1}},"locations":[{"start":{"line":122,"column":0},"end":{"line":125,"column":1}}]},"5":{"type":"branch","line":131,"loc":{"start":{"line":131,"column":0},"end":{"line":133,"column":1}},"locations":[{"start":{"line":131,"column":0},"end":{"line":133,"column":1}}]},"6":{"type":"branch","line":152,"loc":{"start":{"line":152,"column":0},"end":{"line":289,"column":1}},"locations":[{"start":{"line":152,"column":0},"end":{"line":289,"column":1}}]},"7":{"type":"branch","line":161,"loc":{"start":{"line":161,"column":16},"end":{"line":161,"column":43}},"locations":[{"start":{"line":161,"column":16},"end":{"line":161,"column":43}}]},"8":{"type":"branch","line":161,"loc":{"start":{"line":161,"column":43},"end":{"line":164,"column":5}},"locations":[{"start":{"line":161,"column":43},"end":{"line":164,"column":5}}]},"9":{"type":"branch","line":164,"loc":{"start":{"line":164,"column":4},"end":{"line":167,"column":33}},"locations":[{"start":{"line":164,"column":4},"end":{"line":167,"column":33}}]},"10":{"type":"branch","line":167,"loc":{"start":{"line":167,"column":33},"end":{"line":170,"column":5}},"locations":[{"start":{"line":167,"column":33},"end":{"line":170,"column":5}}]},"11":{"type":"branch","line":170,"loc":{"start":{"line":170,"column":4},"end":{"line":195,"column":5}},"locations":[{"start":{"line":170,"column":4},"end":{"line":195,"column":5}}]},"12":{"type":"branch","line":170,"loc":{"start":{"line":170,"column":4},"end":{"line":173,"column":33}},"locations":[{"start":{"line":170,"column":4},"end":{"line":173,"column":33}}]},"13":{"type":"branch","line":173,"loc":{"start":{"line":173,"column":33},"end":{"line":195,"column":5}},"locations":[{"start":{"line":173,"column":33},"end":{"line":195,"column":5}}]},"14":{"type":"branch","line":174,"loc":{"start":{"line":174,"column":33},"end":{"line":177,"column":7}},"locations":[{"start":{"line":174,"column":33},"end":{"line":177,"column":7}}]},"15":{"type":"branch","line":177,"loc":{"start":{"line":177,"column":6},"end":{"line":179,"column":34}},"locations":[{"start":{"line":177,"column":6},"end":{"line":179,"column":34}}]},"16":{"type":"branch","line":179,"loc":{"start":{"line":179,"column":34},"end":{"line":182,"column":7}},"locations":[{"start":{"line":179,"column":34},"end":{"line":182,"column":7}}]},"17":{"type":"branch","line":182,"loc":{"start":{"line":182,"column":6},"end":{"line":184,"column":50}},"locations":[{"start":{"line":182,"column":6},"end":{"line":184,"column":50}}]},"18":{"type":"branch","line":184,"loc":{"start":{"line":184,"column":50},"end":{"line":187,"column":7}},"locations":[{"start":{"line":184,"column":50},"end":{"line":187,"column":7}}]},"19":{"type":"branch","line":187,"loc":{"start":{"line":187,"column":6},"end":{"line":189,"column":50}},"locations":[{"start":{"line":187,"column":6},"end":{"line":189,"column":50}}]},"20":{"type":"branch","line":189,"loc":{"start":{"line":189,"column":50},"end":{"line":192,"column":7}},"locations":[{"start":{"line":189,"column":50},"end":{"line":192,"column":7}}]},"21":{"type":"branch","line":192,"loc":{"start":{"line":192,"column":6},"end":{"line":195,"column":5}},"locations":[{"start":{"line":192,"column":6},"end":{"line":195,"column":5}}]},"22":{"type":"branch","line":195,"loc":{"start":{"line":195,"column":4},"end":{"line":259,"column":5}},"locations":[{"start":{"line":195,"column":4},"end":{"line":259,"column":5}}]},"23":{"type":"branch","line":197,"loc":{"start":{"line":197,"column":38},"end":{"line":254,"column":5}},"locations":[{"start":{"line":197,"column":38},"end":{"line":254,"column":5}}]},"24":{"type":"branch","line":199,"loc":{"start":{"line":199,"column":36},"end":{"line":202,"column":7}},"locations":[{"start":{"line":199,"column":36},"end":{"line":202,"column":7}}]},"25":{"type":"branch","line":202,"loc":{"start":{"line":202,"column":6},"end":{"line":205,"column":34}},"locations":[{"start":{"line":202,"column":6},"end":{"line":205,"column":34}}]},"26":{"type":"branch","line":205,"loc":{"start":{"line":205,"column":34},"end":{"line":208,"column":7}},"locations":[{"start":{"line":205,"column":34},"end":{"line":208,"column":7}}]},"27":{"type":"branch","line":208,"loc":{"start":{"line":208,"column":6},"end":{"line":211,"column":28}},"locations":[{"start":{"line":208,"column":6},"end":{"line":211,"column":28}}]},"28":{"type":"branch","line":211,"loc":{"start":{"line":211,"column":28},"end":{"line":214,"column":7}},"locations":[{"start":{"line":211,"column":28},"end":{"line":214,"column":7}}]},"29":{"type":"branch","line":214,"loc":{"start":{"line":214,"column":6},"end":{"line":219,"column":26}},"locations":[{"start":{"line":214,"column":6},"end":{"line":219,"column":26}}]},"30":{"type":"branch","line":219,"loc":{"start":{"line":219,"column":26},"end":{"line":222,"column":7}},"locations":[{"start":{"line":219,"column":26},"end":{"line":222,"column":7}}]},"31":{"type":"branch","line":220,"loc":{"start":{"line":220,"column":28},"end":{"line":220,"column":68}},"locations":[{"start":{"line":220,"column":28},"end":{"line":220,"column":68}}]},"32":{"type":"branch","line":220,"loc":{"start":{"line":220,"column":33},"end":{"line":220,"column":104}},"locations":[{"start":{"line":220,"column":33},"end":{"line":220,"column":104}}]},"33":{"type":"branch","line":222,"loc":{"start":{"line":222,"column":6},"end":{"line":225,"column":31}},"locations":[{"start":{"line":222,"column":6},"end":{"line":225,"column":31}}]},"34":{"type":"branch","line":225,"loc":{"start":{"line":225,"column":31},"end":{"line":228,"column":7}},"locations":[{"start":{"line":225,"column":31},"end":{"line":228,"column":7}}]},"35":{"type":"branch","line":228,"loc":{"start":{"line":228,"column":6},"end":{"line":233,"column":36}},"locations":[{"start":{"line":228,"column":6},"end":{"line":233,"column":36}}]},"36":{"type":"branch","line":233,"loc":{"start":{"line":233,"column":36},"end":{"line":236,"column":7}},"locations":[{"start":{"line":233,"column":36},"end":{"line":236,"column":7}}]},"37":{"type":"branch","line":236,"loc":{"start":{"line":236,"column":6},"end":{"line":238,"column":37}},"locations":[{"start":{"line":236,"column":6},"end":{"line":238,"column":37}}]},"38":{"type":"branch","line":238,"loc":{"start":{"line":238,"column":37},"end":{"line":241,"column":7}},"locations":[{"start":{"line":238,"column":37},"end":{"line":241,"column":7}}]},"39":{"type":"branch","line":241,"loc":{"start":{"line":241,"column":6},"end":{"line":243,"column":53}},"locations":[{"start":{"line":241,"column":6},"end":{"line":243,"column":53}}]},"40":{"type":"branch","line":243,"loc":{"start":{"line":243,"column":53},"end":{"line":246,"column":7}},"locations":[{"start":{"line":243,"column":53},"end":{"line":246,"column":7}}]},"41":{"type":"branch","line":246,"loc":{"start":{"line":246,"column":6},"end":{"line":248,"column":53}},"locations":[{"start":{"line":246,"column":6},"end":{"line":248,"column":53}}]},"42":{"type":"branch","line":248,"loc":{"start":{"line":248,"column":53},"end":{"line":251,"column":7}},"locations":[{"start":{"line":248,"column":53},"end":{"line":251,"column":7}}]},"43":{"type":"branch","line":251,"loc":{"start":{"line":251,"column":6},"end":{"line":254,"column":5}},"locations":[{"start":{"line":251,"column":6},"end":{"line":254,"column":5}}]},"44":{"type":"branch","line":254,"loc":{"start":{"line":254,"column":4},"end":{"line":259,"column":5}},"locations":[{"start":{"line":254,"column":4},"end":{"line":259,"column":5}}]},"45":{"type":"branch","line":259,"loc":{"start":{"line":259,"column":4},"end":{"line":263,"column":4}},"locations":[{"start":{"line":259,"column":4},"end":{"line":263,"column":4}}]},"46":{"type":"branch","line":269,"loc":{"start":{"line":269,"column":19},"end":{"line":276,"column":5}},"locations":[{"start":{"line":269,"column":19},"end":{"line":276,"column":5}}]},"47":{"type":"branch","line":280,"loc":{"start":{"line":280,"column":38},"end":{"line":287,"column":5}},"locations":[{"start":{"line":280,"column":38},"end":{"line":287,"column":5}}]},"48":{"type":"branch","line":284,"loc":{"start":{"line":284,"column":51},"end":{"line":286,"column":7}},"locations":[{"start":{"line":284,"column":51},"end":{"line":286,"column":7}}]},"49":{"type":"branch","line":297,"loc":{"start":{"line":297,"column":7},"end":{"line":319,"column":1}},"locations":[{"start":{"line":297,"column":7},"end":{"line":319,"column":1}}]},"50":{"type":"branch","line":299,"loc":{"start":{"line":299,"column":34},"end":{"line":300,"column":9}},"locations":[{"start":{"line":299,"column":34},"end":{"line":300,"column":9}}]},"51":{"type":"branch","line":300,"loc":{"start":{"line":300,"column":6},"end":{"line":303,"column":11}},"locations":[{"start":{"line":300,"column":6},"end":{"line":303,"column":11}}]},"52":{"type":"branch","line":301,"loc":{"start":{"line":301,"column":21},"end":{"line":302,"column":17}},"locations":[{"start":{"line":301,"column":21},"end":{"line":302,"column":17}}]},"53":{"type":"branch","line":302,"loc":{"start":{"line":302,"column":16},"end":{"line":303,"column":11}},"locations":[{"start":{"line":302,"column":16},"end":{"line":303,"column":11}}]},"54":{"type":"branch","line":306,"loc":{"start":{"line":306,"column":19},"end":{"line":306,"column":50}},"locations":[{"start":{"line":306,"column":19},"end":{"line":306,"column":50}}]},"55":{"type":"branch","line":306,"loc":{"start":{"line":306,"column":50},"end":{"line":308,"column":3}},"locations":[{"start":{"line":306,"column":50},"end":{"line":308,"column":3}}]},"56":{"type":"branch","line":308,"loc":{"start":{"line":308,"column":2},"end":{"line":314,"column":27}},"locations":[{"start":{"line":308,"column":2},"end":{"line":314,"column":27}}]},"57":{"type":"branch","line":314,"loc":{"start":{"line":314,"column":19},"end":{"line":314,"column":44}},"locations":[{"start":{"line":314,"column":19},"end":{"line":314,"column":44}}]},"58":{"type":"branch","line":314,"loc":{"start":{"line":314,"column":44},"end":{"line":316,"column":3}},"locations":[{"start":{"line":314,"column":44},"end":{"line":316,"column":3}}]},"59":{"type":"branch","line":316,"loc":{"start":{"line":316,"column":2},"end":{"line":319,"column":1}},"locations":[{"start":{"line":316,"column":2},"end":{"line":319,"column":1}}]},"60":{"type":"branch","line":330,"loc":{"start":{"line":330,"column":7},"end":{"line":340,"column":1}},"locations":[{"start":{"line":330,"column":7},"end":{"line":340,"column":1}}]},"61":{"type":"branch","line":335,"loc":{"start":{"line":335,"column":22},"end":{"line":335,"column":52}},"locations":[{"start":{"line":335,"column":22},"end":{"line":335,"column":52}}]},"62":{"type":"branch","line":335,"loc":{"start":{"line":335,"column":52},"end":{"line":337,"column":3}},"locations":[{"start":{"line":335,"column":52},"end":{"line":337,"column":3}}]},"63":{"type":"branch","line":337,"loc":{"start":{"line":337,"column":2},"end":{"line":340,"column":1}},"locations":[{"start":{"line":337,"column":2},"end":{"line":340,"column":1}}]},"64":{"type":"branch","line":345,"loc":{"start":{"line":345,"column":7},"end":{"line":347,"column":1}},"locations":[{"start":{"line":345,"column":7},"end":{"line":347,"column":1}}]},"65":{"type":"branch","line":352,"loc":{"start":{"line":352,"column":7},"end":{"line":358,"column":1}},"locations":[{"start":{"line":352,"column":7},"end":{"line":358,"column":1}}]}},"b":{"0":[3],"1":[92],"2":[1],"3":[73],"4":[63],"5":[59],"6":[148],"7":[140],"8":[15],"9":[133],"10":[4],"11":[147],"12":[129],"13":[43],"14":[7],"15":[36],"16":[3],"17":[33],"18":[5],"19":[28],"20":[3],"21":[25],"22":[86],"23":[73],"24":[10],"25":[63],"26":[4],"27":[59],"28":[7],"29":[52],"30":[6],"31":[1],"32":[5],"33":[46],"34":[1],"35":[45],"36":[12],"37":[33],"38":[1],"39":[32],"40":[1],"41":[31],"42":[1],"43":[30],"44":[13],"45":[55],"46":[93],"47":[119],"48":[645],"49":[483],"50":[91],"51":[392],"52":[360],"53":[32],"54":[451],"55":[335],"56":[148],"57":[116],"58":[55],"59":[148],"60":[154],"61":[130],"62":[27],"63":[127],"64":[97],"65":[6]},"fnMap":{"0":{"name":"warn","decl":{"start":{"line":98,"column":8},"end":{"line":98,"column":47}},"loc":{"start":{"line":98,"column":8},"end":{"line":98,"column":47}},"line":98},"1":{"name":"error","decl":{"start":{"line":99,"column":9},"end":{"line":99,"column":49}},"loc":{"start":{"line":99,"column":9},"end":{"line":99,"column":49}},"line":99},"2":{"name":"setLogger","decl":{"start":{"line":105,"column":7},"end":{"line":107,"column":1}},"loc":{"start":{"line":105,"column":7},"end":{"line":107,"column":1}},"line":105},"3":{"name":"hasInvisibleUnicode","decl":{"start":{"line":113,"column":0},"end":{"line":116,"column":1}},"loc":{"start":{"line":113,"column":0},"end":{"line":116,"column":1}},"line":113},"4":{"name":"hasNonAsciiDigits","decl":{"start":{"line":122,"column":0},"end":{"line":125,"column":1}},"loc":{"start":{"line":122,"column":0},"end":{"line":125,"column":1}},"line":122},"5":{"name":"hasHtmlTags","decl":{"start":{"line":131,"column":0},"end":{"line":133,"column":1}},"loc":{"start":{"line":131,"column":0},"end":{"line":133,"column":1}},"line":131},"6":{"name":"normalizeIdUncached","decl":{"start":{"line":152,"column":0},"end":{"line":289,"column":1}},"loc":{"start":{"line":152,"column":0},"end":{"line":289,"column":1}},"line":152},"7":{"name":"normalizeId","decl":{"start":{"line":297,"column":7},"end":{"line":319,"column":1}},"loc":{"start":{"line":297,"column":7},"end":{"line":319,"column":1}},"line":297},"8":{"name":"idMatch","decl":{"start":{"line":330,"column":7},"end":{"line":340,"column":1}},"loc":{"start":{"line":330,"column":7},"end":{"line":340,"column":1}},"line":330},"9":{"name":"clearIdCache","decl":{"start":{"line":345,"column":7},"end":{"line":347,"column":1}},"loc":{"start":{"line":345,"column":7},"end":{"line":347,"column":1}},"line":345},"10":{"name":"getIdCacheStats","decl":{"start":{"line":352,"column":7},"end":{"line":358,"column":1}},"loc":{"start":{"line":352,"column":7},"end":{"line":358,"column":1}},"line":352}},"f":{"0":92,"1":0,"2":1,"3":73,"4":63,"5":59,"6":148,"7":483,"8":154,"9":97,"10":6}}
}
